#
# There is insufficient memory for the Java Runtime Environment to continue.
# Native memory allocation (malloc) failed to allocate 879216 bytes for Chunk::new
# Possible reasons:
#   The system is out of physical RAM or swap space
#   The process is running with CompressedOops enabled, and the Java Heap may be blocking the growth of the native heap
# Possible solutions:
#   Reduce memory load on the system
#   Increase physical memory or swap space
#   Check if swap backing store is full
#   Decrease Java heap size (-Xmx/-Xms)
#   Decrease number of Java threads
#   Decrease Java thread stack sizes (-Xss)
#   Set larger code cache with -XX:ReservedCodeCacheSize=
#   JVM is running with Unscaled Compressed Oops mode in which the Java heap is
#     placed in the first 4GB address space. The Java Heap base address is the
#     maximum limit for the native heap growth. Please use -XX:HeapBaseMinAddress
#     to set the Java Heap base and to place the Java Heap above 4GB virtual address.
# This output file may be truncated or incomplete.
#
#  Out of Memory Error (./src/hotspot/share/memory/arena.cpp:197), pid=20368, tid=9636
#
# JRE version: OpenJDK Runtime Environment (11.0.10) (build 11.0.10+0-b96-7249189)
# Java VM: OpenJDK 64-Bit Server VM (11.0.10+0-b96-7249189, mixed mode, tiered, compressed oops, g1 gc, windows-amd64)
# No core dump will be written. Minidumps are not enabled by default on client versions of Windows
#

---------------  S U M M A R Y ------------

Command Line: --add-opens=java.base/java.util=ALL-UNNAMED --add-opens=java.base/java.lang=ALL-UNNAMED --add-opens=java.base/java.lang.invoke=ALL-UNNAMED --add-opens=java.base/java.util=ALL-UNNAMED --add-opens=java.prefs/java.util.prefs=ALL-UNNAMED --add-opens=java.prefs/java.util.prefs=ALL-UNNAMED --add-opens=java.base/java.nio.charset=ALL-UNNAMED --add-opens=java.base/java.net=ALL-UNNAMED --add-opens=java.base/java.util.concurrent.atomic=ALL-UNNAMED -Xmx2048m -Dfile.encoding=UTF-8 -Duser.country=MX -Duser.language=es -Duser.variant org.gradle.launcher.daemon.bootstrap.GradleDaemon 7.0.2

Host: AMD Ryzen 5 3500U with Radeon Vega Mobile Gfx  , 8 cores, 5G,  Windows 10 , 64 bit Build 19041 (10.0.19041.1202)
Time: Fri Sep 24 19:15:04 2021 Hora de verano central (México) elapsed time: 11.166660 seconds (0d 0h 0m 11s)

---------------  T H R E A D  ---------------

Current thread (0x0000021cdfb5a000):  JavaThread "C2 CompilerThread0" daemon [_thread_in_native, id=9636, stack(0x000000d343c00000,0x000000d343d00000)]


Current CompileTask:
C2:  11166 3576   !   4       jdk.internal.loader.URLClassPath$JarLoader::getResource (65 bytes)

Stack: [0x000000d343c00000,0x000000d343d00000]
Native frames: (J=compiled Java code, j=interpreted, Vv=VM code, C=native code)
V  [jvm.dll+0x5ecfaa]
V  [jvm.dll+0x722bd5]
V  [jvm.dll+0x72412d]
V  [jvm.dll+0x7247e3]
V  [jvm.dll+0x242928]
V  [jvm.dll+0xbc4fc]
V  [jvm.dll+0xbca0c]
V  [jvm.dll+0x352d3b]
V  [jvm.dll+0x320ad3]
V  [jvm.dll+0x31ffca]
V  [jvm.dll+0x1fb602]
V  [jvm.dll+0x1fa7f4]
V  [jvm.dll+0x18354c]
V  [jvm.dll+0x208ee7]
V  [jvm.dll+0x207731]
V  [jvm.dll+0x6eb1cf]
V  [jvm.dll+0x6e3d45]
V  [jvm.dll+0x5ebe96]
C  [ucrtbase.dll+0x21bb2]
C  [KERNEL32.DLL+0x17034]
C  [ntdll.dll+0x52651]


---------------  P R O C E S S  ---------------

Threads class SMR info:
_java_thread_list=0x0000021ce37eecf0, length=35, elements={
0x0000021cc56e5000, 0x0000021cdfb38800, 0x0000021cdfb44000, 0x0000021cdfb52800,
0x0000021cdfb53800, 0x0000021cdfb56800, 0x0000021cdfb5a000, 0x0000021cdfb5f000,
0x0000021cdfb6a000, 0x0000021ce0632800, 0x0000021ce2982800, 0x0000021ce1b5e000,
0x0000021ce38fd800, 0x0000021ce2977000, 0x0000021ce24d2800, 0x0000021ce2569800,
0x0000021ce1c9c000, 0x0000021ce27da800, 0x0000021ce2e23800, 0x0000021ce2dd3800,
0x0000021ce2dd8800, 0x0000021ce2dd6000, 0x0000021ce2dda000, 0x0000021ce2dd5000,
0x0000021ce2dd4800, 0x0000021ce2dd9000, 0x0000021ce2dd7000, 0x0000021ce2dd7800,
0x0000021ce25b9800, 0x0000021ce25b5800, 0x0000021ce25b6000, 0x0000021ce25bc000,
0x0000021ce25bc800, 0x0000021ce25bd800, 0x0000021ce25b8000
}

Java Threads: ( => current thread )
  0x0000021cc56e5000 JavaThread "main" [_thread_blocked, id=5124, stack(0x000000d343000000,0x000000d343100000)]
  0x0000021cdfb38800 JavaThread "Reference Handler" daemon [_thread_blocked, id=6516, stack(0x000000d343700000,0x000000d343800000)]
  0x0000021cdfb44000 JavaThread "Finalizer" daemon [_thread_blocked, id=17816, stack(0x000000d343800000,0x000000d343900000)]
  0x0000021cdfb52800 JavaThread "Signal Dispatcher" daemon [_thread_blocked, id=19020, stack(0x000000d343900000,0x000000d343a00000)]
  0x0000021cdfb53800 JavaThread "Attach Listener" daemon [_thread_blocked, id=9360, stack(0x000000d343a00000,0x000000d343b00000)]
  0x0000021cdfb56800 JavaThread "Service Thread" daemon [_thread_blocked, id=10092, stack(0x000000d343b00000,0x000000d343c00000)]
=>0x0000021cdfb5a000 JavaThread "C2 CompilerThread0" daemon [_thread_in_native, id=9636, stack(0x000000d343c00000,0x000000d343d00000)]
  0x0000021cdfb5f000 JavaThread "C1 CompilerThread0" daemon [_thread_in_native, id=8908, stack(0x000000d343d00000,0x000000d343e00000)]
  0x0000021cdfb6a000 JavaThread "Sweeper thread" daemon [_thread_blocked, id=9912, stack(0x000000d343e00000,0x000000d343f00000)]
  0x0000021ce0632800 JavaThread "Common-Cleaner" daemon [_thread_blocked, id=1944, stack(0x000000d343f00000,0x000000d344000000)]
  0x0000021ce2982800 JavaThread "Daemon health stats" [_thread_blocked, id=13488, stack(0x000000d344300000,0x000000d344400000)]
  0x0000021ce1b5e000 JavaThread "Incoming local TCP Connector on port 63999" [_thread_in_native, id=6004, stack(0x000000d344100000,0x000000d344200000)]
  0x0000021ce38fd800 JavaThread "Daemon periodic checks" [_thread_blocked, id=14564, stack(0x000000d344600000,0x000000d344700000)]
  0x0000021ce2977000 JavaThread "Daemon" [_thread_blocked, id=9476, stack(0x000000d344700000,0x000000d344800000)]
  0x0000021ce24d2800 JavaThread "Handler for socket connection from /127.0.0.1:63999 to /127.0.0.1:64000" [_thread_in_native, id=17380, stack(0x000000d344800000,0x000000d344900000)]
  0x0000021ce2569800 JavaThread "Cancel handler" [_thread_blocked, id=15572, stack(0x000000d344900000,0x000000d344a00000)]
  0x0000021ce1c9c000 JavaThread "Daemon worker" [_thread_in_Java, id=20324, stack(0x000000d344a00000,0x000000d344b00000)]
  0x0000021ce27da800 JavaThread "Asynchronous log dispatcher for DefaultDaemonConnection: socket connection from /127.0.0.1:63999 to /127.0.0.1:64000" [_thread_blocked, id=9140, stack(0x000000d344b00000,0x000000d344c00000)]
  0x0000021ce2e23800 JavaThread "Stdin handler" [_thread_blocked, id=12256, stack(0x000000d344c00000,0x000000d344d00000)]
  0x0000021ce2dd3800 JavaThread "Daemon client event forwarder" [_thread_blocked, id=12332, stack(0x000000d344d00000,0x000000d344e00000)]
  0x0000021ce2dd8800 JavaThread "Cache worker for file hash cache (C:\Users\adal_\.gradle\caches\7.0.2\fileHashes)" [_thread_blocked, id=8832, stack(0x000000d345200000,0x000000d345300000)]
  0x0000021ce2dd6000 JavaThread "File lock request listener" [_thread_in_native, id=17920, stack(0x000000d345300000,0x000000d345400000)]
  0x0000021ce2dda000 JavaThread "Cache worker for journal cache (C:\Users\adal_\.gradle\caches\journal-1)" [_thread_blocked, id=1952, stack(0x000000d345500000,0x000000d345600000)]
  0x0000021ce2dd5000 JavaThread "Cache worker for file hash cache (C:\Users\adal_\AndroidStudioProjects\FoodyKraveProyect\.gradle\7.0.2\fileHashes)" [_thread_blocked, id=11060, stack(0x000000d345600000,0x000000d345700000)]
  0x0000021ce2dd4800 JavaThread "File watcher server" daemon [_thread_in_native, id=17092, stack(0x000000d345700000,0x000000d345800000)]
  0x0000021ce2dd9000 JavaThread "File watcher consumer" daemon [_thread_blocked, id=17876, stack(0x000000d345800000,0x000000d345900000)]
  0x0000021ce2dd7000 JavaThread "Cache worker for checksums cache (C:\Users\adal_\AndroidStudioProjects\FoodyKraveProyect\.gradle\checksums)" [_thread_blocked, id=18004, stack(0x000000d345900000,0x000000d345a00000)]
  0x0000021ce2dd7800 JavaThread "Cache worker for cache directory md-supplier (C:\Users\adal_\.gradle\caches\7.0.2\md-supplier)" [_thread_blocked, id=16704, stack(0x000000d345a00000,0x000000d345b00000)]
  0x0000021ce25b9800 JavaThread "Cache worker for cache directory md-rule (C:\Users\adal_\.gradle\caches\7.0.2\md-rule)" [_thread_blocked, id=18376, stack(0x000000d345b00000,0x000000d345c00000)]
  0x0000021ce25b5800 JavaThread "Cache worker for execution history cache (C:\Users\adal_\.gradle\caches\7.0.2\executionHistory)" [_thread_blocked, id=17544, stack(0x000000d345c00000,0x000000d345d00000)]
  0x0000021ce25b6000 JavaThread "jar transforms" [_thread_blocked, id=16032, stack(0x000000d345d00000,0x000000d345e00000)]
  0x0000021ce25bc000 JavaThread "jar transforms Thread 2" [_thread_blocked, id=19924, stack(0x000000d345e00000,0x000000d345f00000)]
  0x0000021ce25bc800 JavaThread "Cache worker for file content cache (C:\Users\adal_\.gradle\caches\7.0.2\fileContent)" [_thread_blocked, id=12484, stack(0x000000d345f00000,0x000000d346000000)]
  0x0000021ce25bd800 JavaThread "Cache worker for dependencies-accessors (C:\Users\adal_\AndroidStudioProjects\FoodyKraveProyect\.gradle\7.0.2\dependencies-accessors)" [_thread_blocked, id=6624, stack(0x000000d346000000,0x000000d346100000)]
  0x0000021ce25b8000 JavaThread "jar transforms Thread 3" [_thread_blocked, id=13660, stack(0x000000d346100000,0x000000d346200000)]

Other Threads:
  0x0000021cdfafc000 VMThread "VM Thread" [stack: 0x000000d343600000,0x000000d343700000] [id=15320]
  0x0000021ce066e800 WatcherThread [stack: 0x000000d344000000,0x000000d344100000] [id=3084]
  0x0000021cc56f8000 GCTaskThread "GC Thread#0" [stack: 0x000000d343100000,0x000000d343200000] [id=18696]
  0x0000021ce1614000 GCTaskThread "GC Thread#1" [stack: 0x000000d344200000,0x000000d344300000] [id=11352]
  0x0000021ce292a800 GCTaskThread "GC Thread#2" [stack: 0x000000d344400000,0x000000d344500000] [id=10444]
  0x0000021ce2d36800 GCTaskThread "GC Thread#3" [stack: 0x000000d344500000,0x000000d344600000] [id=12868]
  0x0000021ce1772000 GCTaskThread "GC Thread#4" [stack: 0x000000d344e00000,0x000000d344f00000] [id=17784]
  0x0000021ce10ac800 GCTaskThread "GC Thread#5" [stack: 0x000000d344f00000,0x000000d345000000] [id=1608]
  0x0000021ce1bf1800 GCTaskThread "GC Thread#6" [stack: 0x000000d345000000,0x000000d345100000] [id=4516]
  0x0000021ce1ba2800 GCTaskThread "GC Thread#7" [stack: 0x000000d345100000,0x000000d345200000] [id=4372]
  0x0000021cc5727800 ConcurrentGCThread "G1 Main Marker" [stack: 0x000000d343200000,0x000000d343300000] [id=13112]
  0x0000021cc572a000 ConcurrentGCThread "G1 Conc#0" [stack: 0x000000d343300000,0x000000d343400000] [id=12008]
  0x0000021ce2749800 ConcurrentGCThread "G1 Conc#1" [stack: 0x000000d345400000,0x000000d345500000] [id=6148]
  0x0000021cc57ab800 ConcurrentGCThread "G1 Refine#0" [stack: 0x000000d343400000,0x000000d343500000] [id=3164]
  0x0000021cc57ad000 ConcurrentGCThread "G1 Young RemSet Sampling" [stack: 0x000000d343500000,0x000000d343600000] [id=13944]

Threads with active compile tasks:
C2 CompilerThread0  11200 3576   !   4       jdk.internal.loader.URLClassPath$JarLoader::getResource (65 bytes)

VM state:not at safepoint (normal execution)

VM Mutex/Monitor currently owned by a thread: None

Heap address: 0x0000000080000000, size: 2048 MB, Compressed Oops mode: 32-bit
Narrow klass base: 0x0000000000000000, Narrow klass shift: 3
Compressed class space size: 1073741824 Address: 0x0000000100000000

Heap:
 garbage-first heap   total 118784K, used 33328K [0x0000000080000000, 0x0000000100000000)
  region size 1024K, 7 young (7168K), 2 survivors (2048K)
 Metaspace       used 42466K, capacity 43447K, committed 43724K, reserved 1087488K
  class space    used 5394K, capacity 5751K, committed 5836K, reserved 1048576K
Heap Regions: E=young(eden), S=young(survivor), O=old, HS=humongous(starts), HC=humongous(continues), CS=collection set, F=free, A=archive, TAMS=top-at-mark-start (previous, next)
|   0|0x0000000080000000, 0x0000000080100000, 0x0000000080100000|100%| O|  |TAMS 0x0000000080100000, 0x0000000080000000| Untracked 
|   1|0x0000000080100000, 0x0000000080200000, 0x0000000080200000|100%| O|  |TAMS 0x0000000080200000, 0x0000000080100000| Untracked 
|   2|0x0000000080200000, 0x0000000080300000, 0x0000000080300000|100%| O|  |TAMS 0x0000000080300000, 0x0000000080200000| Untracked 
|   3|0x0000000080300000, 0x0000000080400000, 0x0000000080400000|100%|HS|  |TAMS 0x0000000080400000, 0x0000000080300000| Complete 
|   4|0x0000000080400000, 0x0000000080500000, 0x0000000080500000|100%|HC|  |TAMS 0x0000000080500000, 0x0000000080400000| Complete 
|   5|0x0000000080500000, 0x0000000080600000, 0x0000000080600000|100%|HC|  |TAMS 0x0000000080600000, 0x0000000080500000| Complete 
|   6|0x0000000080600000, 0x0000000080700000, 0x0000000080700000|100%| O|  |TAMS 0x0000000080700000, 0x0000000080600000| Untracked 
|   7|0x0000000080700000, 0x0000000080800000, 0x0000000080800000|100%| O|  |TAMS 0x0000000080800000, 0x0000000080700000| Untracked 
|   8|0x0000000080800000, 0x0000000080900000, 0x0000000080900000|100%| O|  |TAMS 0x0000000080900000, 0x0000000080800000| Untracked 
|   9|0x0000000080900000, 0x0000000080a00000, 0x0000000080a00000|100%| O|  |TAMS 0x0000000080a00000, 0x0000000080900000| Untracked 
|  10|0x0000000080a00000, 0x0000000080b00000, 0x0000000080b00000|100%| O|  |TAMS 0x0000000080b00000, 0x0000000080a00000| Untracked 
|  11|0x0000000080b00000, 0x0000000080c00000, 0x0000000080c00000|100%| O|  |TAMS 0x0000000080c00000, 0x0000000080b00000| Untracked 
|  12|0x0000000080c00000, 0x0000000080d00000, 0x0000000080d00000|100%| O|  |TAMS 0x0000000080d00000, 0x0000000080c00000| Untracked 
|  13|0x0000000080d00000, 0x0000000080e00000, 0x0000000080e00000|100%| O|  |TAMS 0x0000000080e00000, 0x0000000080d00000| Untracked 
|  14|0x0000000080e00000, 0x0000000080f00000, 0x0000000080f00000|100%| O|  |TAMS 0x0000000080f00000, 0x0000000080e00000| Untracked 
|  15|0x0000000080f00000, 0x0000000081000000, 0x0000000081000000|100%| O|  |TAMS 0x0000000081000000, 0x0000000080f00000| Untracked 
|  16|0x0000000081000000, 0x0000000081100000, 0x0000000081100000|100%| O|  |TAMS 0x0000000081034a00, 0x0000000081000000| Untracked 
|  17|0x0000000081100000, 0x0000000081200000, 0x0000000081200000|100%| O|  |TAMS 0x0000000081100000, 0x0000000081100000| Untracked 
|  18|0x0000000081200000, 0x0000000081300000, 0x0000000081300000|100%| O|  |TAMS 0x0000000081200000, 0x0000000081200000| Untracked 
|  19|0x0000000081300000, 0x0000000081400000, 0x0000000081400000|100%| O|  |TAMS 0x0000000081300000, 0x0000000081300000| Untracked 
|  20|0x0000000081400000, 0x0000000081500000, 0x0000000081500000|100%| O|  |TAMS 0x0000000081400000, 0x0000000081400000| Untracked 
|  21|0x0000000081500000, 0x0000000081600000, 0x0000000081600000|100%| O|  |TAMS 0x0000000081500000, 0x0000000081500000| Untracked 
|  22|0x0000000081600000, 0x0000000081700000, 0x0000000081700000|100%| O|  |TAMS 0x0000000081600000, 0x0000000081600000| Untracked 
|  23|0x0000000081700000, 0x0000000081800000, 0x0000000081800000|100%| O|  |TAMS 0x0000000081700000, 0x0000000081700000| Untracked 
|  24|0x0000000081800000, 0x0000000081900000, 0x0000000081900000|100%| O|  |TAMS 0x0000000081800000, 0x0000000081800000| Untracked 
|  25|0x0000000081900000, 0x000000008198fc00, 0x0000000081a00000| 56%| O|  |TAMS 0x0000000081900000, 0x0000000081900000| Untracked 
|  26|0x0000000081a00000, 0x0000000081b00000, 0x0000000081b00000|100%|HS|  |TAMS 0x0000000081a00000, 0x0000000081a00000| Complete 
|  27|0x0000000081b00000, 0x0000000081b00000, 0x0000000081c00000|  0%| F|  |TAMS 0x0000000081b00000, 0x0000000081b00000| Untracked 
|  28|0x0000000081c00000, 0x0000000081c00000, 0x0000000081d00000|  0%| F|  |TAMS 0x0000000081c00000, 0x0000000081c00000| Untracked 
|  29|0x0000000081d00000, 0x0000000081d00000, 0x0000000081e00000|  0%| F|  |TAMS 0x0000000081d00000, 0x0000000081d00000| Untracked 
|  30|0x0000000081e00000, 0x0000000081e00000, 0x0000000081f00000|  0%| F|  |TAMS 0x0000000081e00000, 0x0000000081e00000| Untracked 
|  31|0x0000000081f00000, 0x0000000081f00000, 0x0000000082000000|  0%| F|  |TAMS 0x0000000081f00000, 0x0000000081f00000| Untracked 
|  32|0x0000000082000000, 0x0000000082000000, 0x0000000082100000|  0%| F|  |TAMS 0x0000000082000000, 0x0000000082000000| Untracked 
|  33|0x0000000082100000, 0x0000000082100000, 0x0000000082200000|  0%| F|  |TAMS 0x0000000082100000, 0x0000000082100000| Untracked 
|  34|0x0000000082200000, 0x0000000082200000, 0x0000000082300000|  0%| F|  |TAMS 0x0000000082200000, 0x0000000082200000| Untracked 
|  35|0x0000000082300000, 0x0000000082300000, 0x0000000082400000|  0%| F|  |TAMS 0x0000000082300000, 0x0000000082300000| Untracked 
|  36|0x0000000082400000, 0x0000000082400000, 0x0000000082500000|  0%| F|  |TAMS 0x0000000082400000, 0x0000000082400000| Untracked 
|  37|0x0000000082500000, 0x0000000082500000, 0x0000000082600000|  0%| F|  |TAMS 0x0000000082500000, 0x0000000082500000| Untracked 
|  38|0x0000000082600000, 0x0000000082600000, 0x0000000082700000|  0%| F|  |TAMS 0x0000000082600000, 0x0000000082600000| Untracked 
|  39|0x0000000082700000, 0x0000000082700000, 0x0000000082800000|  0%| F|  |TAMS 0x0000000082700000, 0x0000000082700000| Untracked 
|  40|0x0000000082800000, 0x0000000082800000, 0x0000000082900000|  0%| F|  |TAMS 0x0000000082800000, 0x0000000082800000| Untracked 
|  41|0x0000000082900000, 0x0000000082900000, 0x0000000082a00000|  0%| F|  |TAMS 0x0000000082900000, 0x0000000082900000| Untracked 
|  42|0x0000000082a00000, 0x0000000082a00000, 0x0000000082b00000|  0%| F|  |TAMS 0x0000000082a00000, 0x0000000082a00000| Untracked 
|  43|0x0000000082b00000, 0x0000000082b00000, 0x0000000082c00000|  0%| F|  |TAMS 0x0000000082b00000, 0x0000000082b00000| Untracked 
|  44|0x0000000082c00000, 0x0000000082c00000, 0x0000000082d00000|  0%| F|  |TAMS 0x0000000082c00000, 0x0000000082c00000| Untracked 
|  45|0x0000000082d00000, 0x0000000082d00000, 0x0000000082e00000|  0%| F|  |TAMS 0x0000000082d00000, 0x0000000082d00000| Untracked 
|  46|0x0000000082e00000, 0x0000000082e00000, 0x0000000082f00000|  0%| F|  |TAMS 0x0000000082e00000, 0x0000000082e00000| Untracked 
|  47|0x0000000082f00000, 0x0000000082f00000, 0x0000000083000000|  0%| F|  |TAMS 0x0000000082f00000, 0x0000000082f00000| Untracked 
|  48|0x0000000083000000, 0x0000000083000000, 0x0000000083100000|  0%| F|  |TAMS 0x0000000083000000, 0x0000000083000000| Untracked 
|  49|0x0000000083100000, 0x0000000083100000, 0x0000000083200000|  0%| F|  |TAMS 0x0000000083100000, 0x0000000083100000| Untracked 
|  50|0x0000000083200000, 0x0000000083200000, 0x0000000083300000|  0%| F|  |TAMS 0x0000000083200000, 0x0000000083200000| Untracked 
|  51|0x0000000083300000, 0x0000000083300000, 0x0000000083400000|  0%| F|  |TAMS 0x0000000083300000, 0x0000000083300000| Untracked 
|  52|0x0000000083400000, 0x0000000083400000, 0x0000000083500000|  0%| F|  |TAMS 0x0000000083400000, 0x0000000083400000| Untracked 
|  53|0x0000000083500000, 0x00000000835fc508, 0x0000000083600000| 98%| S|CS|TAMS 0x0000000083500000, 0x0000000083500000| Complete 
|  54|0x0000000083600000, 0x0000000083700000, 0x0000000083700000|100%| S|CS|TAMS 0x0000000083600000, 0x0000000083600000| Complete 
|  55|0x0000000083700000, 0x0000000083700000, 0x0000000083800000|  0%| F|  |TAMS 0x0000000083700000, 0x0000000083700000| Untracked 
|  56|0x0000000083800000, 0x0000000083800000, 0x0000000083900000|  0%| F|  |TAMS 0x0000000083800000, 0x0000000083800000| Untracked 
|  57|0x0000000083900000, 0x0000000083900000, 0x0000000083a00000|  0%| F|  |TAMS 0x0000000083900000, 0x0000000083900000| Untracked 
|  58|0x0000000083a00000, 0x0000000083a00000, 0x0000000083b00000|  0%| F|  |TAMS 0x0000000083a00000, 0x0000000083a00000| Untracked 
|  59|0x0000000083b00000, 0x0000000083b00000, 0x0000000083c00000|  0%| F|  |TAMS 0x0000000083b00000, 0x0000000083b00000| Untracked 
|  60|0x0000000083c00000, 0x0000000083c00000, 0x0000000083d00000|  0%| F|  |TAMS 0x0000000083c00000, 0x0000000083c00000| Untracked 
|  61|0x0000000083d00000, 0x0000000083d00000, 0x0000000083e00000|  0%| F|  |TAMS 0x0000000083d00000, 0x0000000083d00000| Untracked 
|  62|0x0000000083e00000, 0x0000000083e00000, 0x0000000083f00000|  0%| F|  |TAMS 0x0000000083e00000, 0x0000000083e00000| Untracked 
|  63|0x0000000083f00000, 0x0000000083f00000, 0x0000000084000000|  0%| F|  |TAMS 0x0000000083f00000, 0x0000000083f00000| Untracked 
|  64|0x0000000084000000, 0x0000000084000000, 0x0000000084100000|  0%| F|  |TAMS 0x0000000084000000, 0x0000000084000000| Untracked 
|  65|0x0000000084100000, 0x0000000084100000, 0x0000000084200000|  0%| F|  |TAMS 0x0000000084100000, 0x0000000084100000| Untracked 
|  66|0x0000000084200000, 0x0000000084200000, 0x0000000084300000|  0%| F|  |TAMS 0x0000000084200000, 0x0000000084200000| Untracked 
|  67|0x0000000084300000, 0x0000000084300000, 0x0000000084400000|  0%| F|  |TAMS 0x0000000084300000, 0x0000000084300000| Untracked 
|  68|0x0000000084400000, 0x0000000084400000, 0x0000000084500000|  0%| F|  |TAMS 0x0000000084400000, 0x0000000084400000| Untracked 
|  69|0x0000000084500000, 0x0000000084500000, 0x0000000084600000|  0%| F|  |TAMS 0x0000000084500000, 0x0000000084500000| Untracked 
|  70|0x0000000084600000, 0x0000000084600000, 0x0000000084700000|  0%| F|  |TAMS 0x0000000084600000, 0x0000000084600000| Untracked 
|  71|0x0000000084700000, 0x0000000084700000, 0x0000000084800000|  0%| F|  |TAMS 0x0000000084700000, 0x0000000084700000| Untracked 
|  72|0x0000000084800000, 0x0000000084800000, 0x0000000084900000|  0%| F|  |TAMS 0x0000000084800000, 0x0000000084800000| Untracked 
|  73|0x0000000084900000, 0x0000000084900000, 0x0000000084a00000|  0%| F|  |TAMS 0x0000000084900000, 0x0000000084900000| Untracked 
|  74|0x0000000084a00000, 0x0000000084a00000, 0x0000000084b00000|  0%| F|  |TAMS 0x0000000084a00000, 0x0000000084a00000| Untracked 
|  75|0x0000000084b00000, 0x0000000084b00000, 0x0000000084c00000|  0%| F|  |TAMS 0x0000000084b00000, 0x0000000084b00000| Untracked 
|  76|0x0000000084c00000, 0x0000000084c00000, 0x0000000084d00000|  0%| F|  |TAMS 0x0000000084c00000, 0x0000000084c00000| Untracked 
|  77|0x0000000084d00000, 0x0000000084d00000, 0x0000000084e00000|  0%| F|  |TAMS 0x0000000084d00000, 0x0000000084d00000| Untracked 
|  78|0x0000000084e00000, 0x0000000084e00000, 0x0000000084f00000|  0%| F|  |TAMS 0x0000000084e00000, 0x0000000084e00000| Untracked 
|  79|0x0000000084f00000, 0x0000000084f00000, 0x0000000085000000|  0%| F|  |TAMS 0x0000000084f00000, 0x0000000084f00000| Untracked 
|  80|0x0000000085000000, 0x0000000085000000, 0x0000000085100000|  0%| F|  |TAMS 0x0000000085000000, 0x0000000085000000| Untracked 
|  81|0x0000000085100000, 0x0000000085100000, 0x0000000085200000|  0%| F|  |TAMS 0x0000000085100000, 0x0000000085100000| Untracked 
|  82|0x0000000085200000, 0x0000000085200000, 0x0000000085300000|  0%| F|  |TAMS 0x0000000085200000, 0x0000000085200000| Untracked 
|  83|0x0000000085300000, 0x0000000085300000, 0x0000000085400000|  0%| F|  |TAMS 0x0000000085300000, 0x0000000085300000| Untracked 
|  84|0x0000000085400000, 0x0000000085400000, 0x0000000085500000|  0%| F|  |TAMS 0x0000000085400000, 0x0000000085400000| Untracked 
|  85|0x0000000085500000, 0x0000000085500000, 0x0000000085600000|  0%| F|  |TAMS 0x0000000085500000, 0x0000000085500000| Untracked 
|  86|0x0000000085600000, 0x0000000085600000, 0x0000000085700000|  0%| F|  |TAMS 0x0000000085600000, 0x0000000085600000| Untracked 
|  87|0x0000000085700000, 0x0000000085700000, 0x0000000085800000|  0%| F|  |TAMS 0x0000000085700000, 0x0000000085700000| Untracked 
|  88|0x0000000085800000, 0x0000000085800000, 0x0000000085900000|  0%| F|  |TAMS 0x0000000085800000, 0x0000000085800000| Untracked 
|  89|0x0000000085900000, 0x0000000085900000, 0x0000000085a00000|  0%| F|  |TAMS 0x0000000085900000, 0x0000000085900000| Untracked 
|  90|0x0000000085a00000, 0x0000000085a00000, 0x0000000085b00000|  0%| F|  |TAMS 0x0000000085a00000, 0x0000000085a00000| Untracked 
|  91|0x0000000085b00000, 0x0000000085b00000, 0x0000000085c00000|  0%| F|  |TAMS 0x0000000085b00000, 0x0000000085b00000| Untracked 
|  92|0x0000000085c00000, 0x0000000085c00000, 0x0000000085d00000|  0%| F|  |TAMS 0x0000000085c00000, 0x0000000085c00000| Untracked 
|  93|0x0000000085d00000, 0x0000000085d00000, 0x0000000085e00000|  0%| F|  |TAMS 0x0000000085d00000, 0x0000000085d00000| Untracked 
|  94|0x0000000085e00000, 0x0000000085e00000, 0x0000000085f00000|  0%| F|  |TAMS 0x0000000085e00000, 0x0000000085e00000| Untracked 
|  95|0x0000000085f00000, 0x0000000085f00000, 0x0000000086000000|  0%| F|  |TAMS 0x0000000085f00000, 0x0000000085f00000| Untracked 
|  96|0x0000000086000000, 0x0000000086000000, 0x0000000086100000|  0%| F|  |TAMS 0x0000000086000000, 0x0000000086000000| Untracked 
|  97|0x0000000086100000, 0x0000000086100000, 0x0000000086200000|  0%| F|  |TAMS 0x0000000086100000, 0x0000000086100000| Untracked 
|  98|0x0000000086200000, 0x0000000086200000, 0x0000000086300000|  0%| F|  |TAMS 0x0000000086200000, 0x0000000086200000| Untracked 
|  99|0x0000000086300000, 0x0000000086300000, 0x0000000086400000|  0%| F|  |TAMS 0x0000000086300000, 0x0000000086300000| Untracked 
| 100|0x0000000086400000, 0x0000000086400000, 0x0000000086500000|  0%| F|  |TAMS 0x0000000086400000, 0x0000000086400000| Untracked 
| 101|0x0000000086500000, 0x0000000086500000, 0x0000000086600000|  0%| F|  |TAMS 0x0000000086500000, 0x0000000086500000| Untracked 
| 102|0x0000000086600000, 0x0000000086600000, 0x0000000086700000|  0%| F|  |TAMS 0x0000000086600000, 0x0000000086600000| Untracked 
| 103|0x0000000086700000, 0x0000000086700000, 0x0000000086800000|  0%| F|  |TAMS 0x0000000086700000, 0x0000000086700000| Untracked 
| 104|0x0000000086800000, 0x0000000086800000, 0x0000000086900000|  0%| F|  |TAMS 0x0000000086800000, 0x0000000086800000| Untracked 
| 105|0x0000000086900000, 0x0000000086900000, 0x0000000086a00000|  0%| F|  |TAMS 0x0000000086900000, 0x0000000086900000| Untracked 
| 106|0x0000000086a00000, 0x0000000086a00000, 0x0000000086b00000|  0%| F|  |TAMS 0x0000000086a00000, 0x0000000086a00000| Untracked 
| 107|0x0000000086b00000, 0x0000000086b00000, 0x0000000086c00000|  0%| F|  |TAMS 0x0000000086b00000, 0x0000000086b00000| Untracked 
| 108|0x0000000086c00000, 0x0000000086c00000, 0x0000000086d00000|  0%| F|  |TAMS 0x0000000086c00000, 0x0000000086c00000| Untracked 
| 109|0x0000000086d00000, 0x0000000086d00000, 0x0000000086e00000|  0%| F|  |TAMS 0x0000000086d00000, 0x0000000086d00000| Untracked 
| 110|0x0000000086e00000, 0x0000000086e80800, 0x0000000086f00000| 50%| E|  |TAMS 0x0000000086e00000, 0x0000000086e00000| Complete 
| 111|0x0000000086f00000, 0x0000000087000000, 0x0000000087000000|100%| E|CS|TAMS 0x0000000086f00000, 0x0000000086f00000| Complete 
| 112|0x0000000087000000, 0x0000000087100000, 0x0000000087100000|100%| E|CS|TAMS 0x0000000087000000, 0x0000000087000000| Complete 
| 113|0x0000000087100000, 0x0000000087200000, 0x0000000087200000|100%| E|CS|TAMS 0x0000000087100000, 0x0000000087100000| Complete 
| 114|0x0000000087200000, 0x0000000087300000, 0x0000000087300000|100%| E|CS|TAMS 0x0000000087200000, 0x0000000087200000| Complete 
| 115|0x0000000087300000, 0x0000000087400000, 0x0000000087400000|100%| E|CS|TAMS 0x0000000087300000, 0x0000000087300000| Complete 

Card table byte_map: [0x0000021cd8900000,0x0000021cd8d00000] _byte_map_base: 0x0000021cd8500000

Marking Bits (Prev, Next): (CMBitMap*) 0x0000021cc571ea08, (CMBitMap*) 0x0000021cc571ea40
 Prev Bits: [0x0000021cd9100000, 0x0000021cdb100000)
 Next Bits: [0x0000021cdb100000, 0x0000021cdd100000)

Polling page: 0x0000021cc3890000

Metaspace:

Usage:
  Non-class:     36.81 MB capacity,    36.21 MB ( 98%) used,   523.56 KB (  1%) free+waste,    97.94 KB ( <1%) overhead. 
      Class:      5.62 MB capacity,     5.27 MB ( 94%) used,   309.58 KB (  5%) free+waste,    46.75 KB ( <1%) overhead. 
       Both:     42.43 MB capacity,    41.47 MB ( 98%) used,   833.14 KB (  2%) free+waste,   144.69 KB ( <1%) overhead. 

Virtual space:
  Non-class space:       38.00 MB reserved,      37.00 MB ( 97%) committed 
      Class space:        1.00 GB reserved,       5.70 MB ( <1%) committed 
             Both:        1.04 GB reserved,      42.70 MB (  4%) committed 

Chunk freelists:
   Non-Class:  0 bytes
       Class:  9.00 KB
        Both:  9.00 KB

MaxMetaspaceSize: 17179869184.00 GB
CompressedClassSpaceSize: 1.00 GB

CodeHeap 'non-profiled nmethods': size=120000Kb used=1690Kb max_used=1690Kb free=118309Kb
 bounds [0x0000021cd0ca0000, 0x0000021cd0f10000, 0x0000021cd81d0000]
CodeHeap 'profiled nmethods': size=120000Kb used=7789Kb max_used=7789Kb free=112210Kb
 bounds [0x0000021cc9770000, 0x0000021cc9f10000, 0x0000021cd0ca0000]
CodeHeap 'non-nmethods': size=5760Kb used=2203Kb max_used=2242Kb free=3556Kb
 bounds [0x0000021cc91d0000, 0x0000021cc9440000, 0x0000021cc9770000]
 total_blobs=4398 nmethods=3629 adapters=680
 compilation: enabled
              stopped_count=0, restarted_count=0
 full_count=0

Compilation events (20 events):
Event: 11.137 Thread 0x0000021cdfb5f000 nmethod 3636 0x0000021cc9ee8190 code [0x0000021cc9ee8360, 0x0000021cc9ee8798]
Event: 11.137 Thread 0x0000021cdfb5f000 3637       3       org.objectweb.asm.Label::addLineNumber (89 bytes)
Event: 11.137 Thread 0x0000021cdfb5f000 nmethod 3637 0x0000021cc9ee8990 code [0x0000021cc9ee8b80, 0x0000021cc9ee9088]
Event: 11.139 Thread 0x0000021cdfb5f000 3638       3       sun.reflect.generics.reflectiveObjects.WildcardTypeImpl::getUpperBounds (34 bytes)
Event: 11.140 Thread 0x0000021cdfb5f000 nmethod 3638 0x0000021cc9ee9210 code [0x0000021cc9ee9400, 0x0000021cc9ee9a38]
Event: 11.142 Thread 0x0000021cdfb5f000 3640  s    3       sun.net.www.protocol.file.Handler::openConnection (7 bytes)
Event: 11.142 Thread 0x0000021cdfb5f000 nmethod 3640 0x0000021cc9ee9b90 code [0x0000021cc9ee9d60, 0x0000021cc9eea028]
Event: 11.142 Thread 0x0000021cdfb5f000 3641  s!   3       sun.net.www.protocol.file.Handler::openConnection (273 bytes)
Event: 11.145 Thread 0x0000021cdfb5f000 nmethod 3641 0x0000021cc9eea110 code [0x0000021cc9eea6c0, 0x0000021cc9eed0a8]
Event: 11.145 Thread 0x0000021cdfb5f000 3642       3       sun.net.www.protocol.file.Handler::createFileURLConnection (10 bytes)
Event: 11.146 Thread 0x0000021cdfb5f000 nmethod 3642 0x0000021cc9eee190 code [0x0000021cc9eee340, 0x0000021cc9eee4e8]
Event: 11.146 Thread 0x0000021cdfb5f000 3643       1       com.google.common.cache.LocalCache$2::poll (2 bytes)
Event: 11.146 Thread 0x0000021cdfb5f000 nmethod 3643 0x0000021cd0e46590 code [0x0000021cd0e46740, 0x0000021cd0e467f8]
Event: 11.150 Thread 0x0000021cdfb5f000 3644       3       org.gradle.internal.instantiation.generator.AsmBackedClassGenerator::access$500 (4 bytes)
Event: 11.150 Thread 0x0000021cdfb5f000 nmethod 3644 0x0000021cc9eee590 code [0x0000021cc9eee740, 0x0000021cc9eee838]
Event: 11.150 Thread 0x0000021cdfb5f000 3645       3       java.lang.invoke.AbstractValidatingLambdaMetafactory::<init> (474 bytes)
Event: 11.158 Thread 0x0000021cdfb5f000 nmethod 3645 0x0000021cc9eee910 code [0x0000021cc9eef220, 0x0000021cc9ef46b8]
Event: 11.158 Thread 0x0000021cdfb5f000 3649       3       java.lang.invoke.AbstractValidatingLambdaMetafactory::checkDescriptor (133 bytes)
Event: 11.161 Thread 0x0000021cdfb5f000 nmethod 3649 0x0000021cc9ef6110 code [0x0000021cc9ef6560, 0x0000021cc9ef88f8]
Event: 11.162 Thread 0x0000021cdfb5f000 3646   !   3       java.lang.invoke.MethodHandles$Lookup::revealDirect (209 bytes)

GC Heap History (18 events):
Event: 1.352 GC heap before
{Heap before GC invocations=0 (full 0):
 garbage-first heap   total 98304K, used 29696K [0x0000000080000000, 0x0000000100000000)
  region size 1024K, 24 young (24576K), 0 survivors (0K)
 Metaspace       used 10195K, capacity 10423K, committed 10624K, reserved 1058816K
  class space    used 1065K, capacity 1141K, committed 1152K, reserved 1048576K
}
Event: 1.366 GC heap after
{Heap after GC invocations=1 (full 0):
 garbage-first heap   total 98304K, used 9049K [0x0000000080000000, 0x0000000100000000)
  region size 1024K, 3 young (3072K), 3 survivors (3072K)
 Metaspace       used 10195K, capacity 10423K, committed 10624K, reserved 1058816K
  class space    used 1065K, capacity 1141K, committed 1152K, reserved 1048576K
}
Event: 2.495 GC heap before
{Heap before GC invocations=1 (full 0):
 garbage-first heap   total 98304K, used 64345K [0x0000000080000000, 0x0000000100000000)
  region size 1024K, 57 young (58368K), 3 survivors (3072K)
 Metaspace       used 13842K, capacity 14227K, committed 14336K, reserved 1062912K
  class space    used 1553K, capacity 1686K, committed 1792K, reserved 1048576K
}
Event: 2.506 GC heap after
{Heap after GC invocations=2 (full 0):
 garbage-first heap   total 98304K, used 14911K [0x0000000080000000, 0x0000000100000000)
  region size 1024K, 8 young (8192K), 8 survivors (8192K)
 Metaspace       used 13842K, capacity 14227K, committed 14336K, reserved 1062912K
  class space    used 1553K, capacity 1686K, committed 1792K, reserved 1048576K
}
Event: 3.720 GC heap before
{Heap before GC invocations=2 (full 0):
 garbage-first heap   total 98304K, used 36415K [0x0000000080000000, 0x0000000100000000)
  region size 1024K, 29 young (29696K), 8 survivors (8192K)
 Metaspace       used 18217K, capacity 18675K, committed 18816K, reserved 1064960K
  class space    used 2177K, capacity 2306K, committed 2432K, reserved 1048576K
}
Event: 3.729 GC heap after
{Heap after GC invocations=3 (full 0):
 garbage-first heap   total 98304K, used 16904K [0x0000000080000000, 0x0000000100000000)
  region size 1024K, 2 young (2048K), 2 survivors (2048K)
 Metaspace       used 18217K, capacity 18675K, committed 18816K, reserved 1064960K
  class space    used 2177K, capacity 2306K, committed 2432K, reserved 1048576K
}
Event: 4.139 GC heap before
{Heap before GC invocations=3 (full 0):
 garbage-first heap   total 98304K, used 35336K [0x0000000080000000, 0x0000000100000000)
  region size 1024K, 21 young (21504K), 2 survivors (2048K)
 Metaspace       used 20534K, capacity 21088K, committed 21248K, reserved 1067008K
  class space    used 2505K, capacity 2690K, committed 2816K, reserved 1048576K
}
Event: 4.143 GC heap after
{Heap after GC invocations=4 (full 0):
 garbage-first heap   total 98304K, used 17365K [0x0000000080000000, 0x0000000100000000)
  region size 1024K, 2 young (2048K), 2 survivors (2048K)
 Metaspace       used 20534K, capacity 21088K, committed 21248K, reserved 1067008K
  class space    used 2505K, capacity 2690K, committed 2816K, reserved 1048576K
}
Event: 5.100 GC heap before
{Heap before GC invocations=5 (full 0):
 garbage-first heap   total 98304K, used 54229K [0x0000000080000000, 0x0000000100000000)
  region size 1024K, 39 young (39936K), 2 survivors (2048K)
 Metaspace       used 24249K, capacity 24886K, committed 25088K, reserved 1071104K
  class space    used 3122K, capacity 3321K, committed 3328K, reserved 1048576K
}
Event: 5.104 GC heap after
{Heap after GC invocations=6 (full 0):
 garbage-first heap   total 98304K, used 18615K [0x0000000080000000, 0x0000000100000000)
  region size 1024K, 4 young (4096K), 4 survivors (4096K)
 Metaspace       used 24249K, capacity 24886K, committed 25088K, reserved 1071104K
  class space    used 3122K, capacity 3321K, committed 3328K, reserved 1048576K
}
Event: 7.040 GC heap before
{Heap before GC invocations=6 (full 0):
 garbage-first heap   total 98304K, used 58551K [0x0000000080000000, 0x0000000100000000)
  region size 1024K, 43 young (44032K), 4 survivors (4096K)
 Metaspace       used 28013K, capacity 28759K, committed 28928K, reserved 1075200K
  class space    used 3723K, capacity 3997K, committed 4096K, reserved 1048576K
}
Event: 7.048 GC heap after
{Heap after GC invocations=7 (full 0):
 garbage-first heap   total 98304K, used 19839K [0x0000000080000000, 0x0000000100000000)
  region size 1024K, 5 young (5120K), 5 survivors (5120K)
 Metaspace       used 28013K, capacity 28759K, committed 28928K, reserved 1075200K
  class space    used 3723K, capacity 3997K, committed 4096K, reserved 1048576K
}
Event: 9.098 GC heap before
{Heap before GC invocations=7 (full 0):
 garbage-first heap   total 98304K, used 51583K [0x0000000080000000, 0x0000000100000000)
  region size 1024K, 38 young (38912K), 5 survivors (5120K)
 Metaspace       used 35024K, capacity 35822K, committed 35840K, reserved 1081344K
  class space    used 4538K, capacity 4864K, committed 4864K, reserved 1048576K
}
Event: 9.112 GC heap after
{Heap after GC invocations=8 (full 0):
 garbage-first heap   total 98304K, used 22738K [0x0000000080000000, 0x0000000100000000)
  region size 1024K, 6 young (6144K), 6 survivors (6144K)
 Metaspace       used 35024K, capacity 35822K, committed 35840K, reserved 1081344K
  class space    used 4538K, capacity 4864K, committed 4864K, reserved 1048576K
}
Event: 10.171 GC heap before
{Heap before GC invocations=9 (full 0):
 garbage-first heap   total 98304K, used 67794K [0x0000000080000000, 0x0000000100000000)
  region size 1024K, 48 young (49152K), 6 survivors (6144K)
 Metaspace       used 38367K, capacity 39251K, committed 39372K, reserved 1083392K
  class space    used 4897K, capacity 5212K, committed 5324K, reserved 1048576K
}
Event: 10.183 GC heap after
{Heap after GC invocations=10 (full 0):
 garbage-first heap   total 98304K, used 26276K [0x0000000080000000, 0x0000000100000000)
  region size 1024K, 6 young (6144K), 6 survivors (6144K)
 Metaspace       used 38367K, capacity 39251K, committed 39372K, reserved 1083392K
  class space    used 4897K, capacity 5212K, committed 5324K, reserved 1048576K
}
Event: 11.057 GC heap before
{Heap before GC invocations=10 (full 0):
 garbage-first heap   total 98304K, used 68260K [0x0000000080000000, 0x0000000100000000)
  region size 1024K, 47 young (48128K), 6 survivors (6144K)
 Metaspace       used 41452K, capacity 42348K, committed 42700K, reserved 1085440K
  class space    used 5361K, capacity 5706K, committed 5836K, reserved 1048576K
}
Event: 11.071 GC heap after
{Heap after GC invocations=11 (full 0):
 garbage-first heap   total 118784K, used 28208K [0x0000000080000000, 0x0000000100000000)
  region size 1024K, 2 young (2048K), 2 survivors (2048K)
 Metaspace       used 41452K, capacity 42348K, committed 42700K, reserved 1085440K
  class space    used 5361K, capacity 5706K, committed 5836K, reserved 1048576K
}

Deoptimization events (20 events):
Event: 10.836 Thread 0x0000021ce1c9c000 Uncommon trap: trap_request=0xffffff4d fr.pc=0x0000021cd0d92818 relative=0x0000000000000258
Event: 10.836 Thread 0x0000021ce1c9c000 Uncommon trap: reason=unstable_if action=reinterpret pc=0x0000021cd0d92818 method=java.util.HashMap.hash(Ljava/lang/Object;)I @ 1 c2
Event: 10.836 Thread 0x0000021ce1c9c000 DEOPT PACKING pc=0x0000021cd0d92818 sp=0x000000d344af9640
Event: 10.836 Thread 0x0000021ce1c9c000 DEOPT UNPACKING pc=0x0000021cc91f78af sp=0x000000d344af9578 mode 2
Event: 10.836 Thread 0x0000021ce1c9c000 Uncommon trap: trap_request=0xffffff4d fr.pc=0x0000021cd0daae84 relative=0x00000000000001c4
Event: 10.836 Thread 0x0000021ce1c9c000 Uncommon trap: reason=unstable_if action=reinterpret pc=0x0000021cd0daae84 method=java.util.HashMap.getNode(ILjava/lang/Object;)Ljava/util/HashMap$Node; @ 53 c2
Event: 10.836 Thread 0x0000021ce1c9c000 DEOPT PACKING pc=0x0000021cd0daae84 sp=0x000000d344af95c0
Event: 10.836 Thread 0x0000021ce1c9c000 DEOPT UNPACKING pc=0x0000021cc91f78af sp=0x000000d344af9548 mode 2
Event: 10.836 Thread 0x0000021ce1c9c000 Uncommon trap: trap_request=0xffffff4d fr.pc=0x0000021cd0e2e41c relative=0x000000000000071c
Event: 10.836 Thread 0x0000021ce1c9c000 Uncommon trap: reason=unstable_if action=reinterpret pc=0x0000021cd0e2e41c method=java.util.HashMap.putVal(ILjava/lang/Object;Ljava/lang/Object;ZZ)Ljava/lang/Object; @ 85 c2
Event: 10.836 Thread 0x0000021ce1c9c000 DEOPT PACKING pc=0x0000021cd0e2e41c sp=0x000000d344af95f0
Event: 10.837 Thread 0x0000021ce1c9c000 DEOPT UNPACKING pc=0x0000021cc91f78af sp=0x000000d344af9520 mode 2
Event: 10.843 Thread 0x0000021ce1c9c000 Uncommon trap: trap_request=0xffffff4d fr.pc=0x0000021cd0dd97e0 relative=0x0000000000000300
Event: 10.843 Thread 0x0000021ce1c9c000 Uncommon trap: reason=unstable_if action=reinterpret pc=0x0000021cd0dd97e0 method=org.gradle.internal.reflect.PropertyAccessorType.isGetGetterName(Ljava/lang/String;)Z @ 14 c2
Event: 10.843 Thread 0x0000021ce1c9c000 DEOPT PACKING pc=0x0000021cd0dd97e0 sp=0x000000d344af9ef0
Event: 10.843 Thread 0x0000021ce1c9c000 DEOPT UNPACKING pc=0x0000021cc91f78af sp=0x000000d344af9e48 mode 2
Event: 10.877 Thread 0x0000021ce1c9c000 Uncommon trap: trap_request=0xffffff4d fr.pc=0x0000021cd0dda288 relative=0x00000000000000e8
Event: 10.877 Thread 0x0000021ce1c9c000 Uncommon trap: reason=unstable_if action=reinterpret pc=0x0000021cd0dda288 method=org.objectweb.asm.ByteVector.putShort(I)Lorg/objectweb/asm/ByteVector; @ 13 c2
Event: 10.877 Thread 0x0000021ce1c9c000 DEOPT PACKING pc=0x0000021cd0dda288 sp=0x000000d344af9ab0
Event: 10.877 Thread 0x0000021ce1c9c000 DEOPT UNPACKING pc=0x0000021cc91f78af sp=0x000000d344af9a48 mode 2

Classes redefined (0 events):
No events

Internal exceptions (20 events):
Event: 10.311 Thread 0x0000021ce1c9c000 Exception <a 'java/lang/ClassNotFoundException'{0x00000000858bd4a8}: org/gradle/api/internal/DefaultNamedDomainObjectListBeanInfo> (0x00000000858bd4a8) thrown at [./src/hotspot/share/classfile/systemDictionary.cpp, line 231]
Event: 10.312 Thread 0x0000021ce1c9c000 Exception <a 'java/lang/ClassNotFoundException'{0x00000000858ec038}: org/gradle/api/internal/DefaultNamedDomainObjectCollectionBeanInfo> (0x00000000858ec038) thrown at [./src/hotspot/share/classfile/systemDictionary.cpp, line 231]
Event: 10.313 Thread 0x0000021ce1c9c000 Exception <a 'java/lang/ClassNotFoundException'{0x000000008571a710}: org/gradle/api/internal/DefaultDomainObjectCollectionBeanInfo> (0x000000008571a710) thrown at [./src/hotspot/share/classfile/systemDictionary.cpp, line 231]
Event: 10.313 Thread 0x0000021ce1c9c000 Exception <a 'java/lang/ClassNotFoundException'{0x0000000085720948}: java/util/AbstractCollectionBeanInfo> (0x0000000085720948) thrown at [./src/hotspot/share/classfile/systemDictionary.cpp, line 231]
Event: 10.314 Thread 0x0000021ce1c9c000 Exception <a 'java/lang/ClassNotFoundException'{0x00000000857270c8}: java/util/AbstractCollectionCustomizer> (0x00000000857270c8) thrown at [./src/hotspot/share/classfile/systemDictionary.cpp, line 231]
Event: 10.322 Thread 0x0000021ce1c9c000 Exception <a 'java/lang/ClassNotFoundException'{0x000000008575dee8}: org/gradle/api/internal/DefaultDomainObjectCollectionCustomizer> (0x000000008575dee8) thrown at [./src/hotspot/share/classfile/systemDictionary.cpp, line 231]
Event: 10.329 Thread 0x0000021ce1c9c000 Exception <a 'java/lang/ClassNotFoundException'{0x00000000857a9be8}: org/gradle/api/internal/DefaultNamedDomainObjectCollectionCustomizer> (0x00000000857a9be8) thrown at [./src/hotspot/share/classfile/systemDictionary.cpp, line 231]
Event: 10.353 Thread 0x0000021ce1c9c000 Exception <a 'java/lang/ClassNotFoundException'{0x0000000085625118}: org/gradle/api/internal/DefaultNamedDomainObjectListCustomizer> (0x0000000085625118) thrown at [./src/hotspot/share/classfile/systemDictionary.cpp, line 231]
Event: 10.356 Thread 0x0000021ce1c9c000 Exception <a 'java/lang/ClassNotFoundException'{0x000000008567f0a0}: org/gradle/api/internal/artifacts/DefaultArtifactRepositoryContainerCustomizer> (0x000000008567f0a0) thrown at [./src/hotspot/share/classfile/systemDictionary.cpp, line 231]
Event: 10.360 Thread 0x0000021ce1c9c000 Exception <a 'java/lang/ClassNotFoundException'{0x00000000856ce6d0}: org/gradle/api/internal/artifacts/dsl/DefaultRepositoryHandlerCustomizer> (0x00000000856ce6d0) thrown at [./src/hotspot/share/classfile/systemDictionary.cpp, line 231]
Event: 10.365 Thread 0x0000021ce1c9c000 Exception <a 'java/lang/ClassNotFoundException'{0x0000000085531030}: org/gradle/api/internal/artifacts/dsl/DefaultRepositoryHandler_DecoratedCustomizer> (0x0000000085531030) thrown at [./src/hotspot/share/classfile/systemDictionary.cpp, line 231]
Event: 10.460 Thread 0x0000021ce1c9c000 Exception <a 'java/lang/ClassNotFoundException'{0x000000008503e7e8}: org/gradle/initialization/DefaultProjectDescriptorBeanInfo> (0x000000008503e7e8) thrown at [./src/hotspot/share/classfile/systemDictionary.cpp, line 231]
Event: 10.461 Thread 0x0000021ce1c9c000 Exception <a 'java/lang/ClassNotFoundException'{0x0000000085066938}: org/gradle/initialization/DefaultProjectDescriptorCustomizer> (0x0000000085066938) thrown at [./src/hotspot/share/classfile/systemDictionary.cpp, line 231]
Event: 10.466 Thread 0x0000021ce1c9c000 Implicit null exception at 0x0000021cd0df33ec to 0x0000021cd0df3494
Event: 10.678 Thread 0x0000021ce2dd3800 Exception <a 'java/lang/NoSuchMethodError'{0x0000000084507e28}: <clinit>> (0x0000000084507e28) thrown at [./src/hotspot/share/prims/jni.cpp, line 1362]
Event: 10.679 Thread 0x0000021ce2dd3800 Exception <a 'java/lang/NoSuchMethodError'{0x0000000084509418}: <clinit>> (0x0000000084509418) thrown at [./src/hotspot/share/prims/jni.cpp, line 1362]
Event: 10.680 Thread 0x0000021ce2dd3800 Exception <a 'java/lang/NoSuchMethodError'{0x00000000845183b8}: <clinit>> (0x00000000845183b8) thrown at [./src/hotspot/share/prims/jni.cpp, line 1362]
Event: 10.680 Thread 0x0000021ce2dd3800 Exception <a 'java/lang/NoSuchMethodError'{0x000000008451a548}: <clinit>> (0x000000008451a548) thrown at [./src/hotspot/share/prims/jni.cpp, line 1362]
Event: 10.682 Thread 0x0000021ce2dd3800 Exception <a 'java/lang/NoSuchMethodError'{0x0000000084529b58}: <clinit>> (0x0000000084529b58) thrown at [./src/hotspot/share/prims/jni.cpp, line 1362]
Event: 10.836 Thread 0x0000021ce1c9c000 Implicit null exception at 0x0000021cd0d925f4 to 0x0000021cd0d9280c

Events (20 events):
Event: 11.146 loading class org/gradle/api/tasks/wrapper/Wrapper
Event: 11.146 loading class org/gradle/api/tasks/wrapper/Wrapper done
Event: 11.146 loading class org/gradle/api/tasks/wrapper/Wrapper
Event: 11.146 loading class org/gradle/api/tasks/wrapper/Wrapper done
Event: 11.146 loading class org/gradle/api/Action
Event: 11.146 loading class org/gradle/api/Action done
Event: 11.147 loading class org/gradle/internal/service/scopes/ProjectScopeServices$ProjectBackedModuleMetaDataProvider
Event: 11.147 loading class org/gradle/internal/service/scopes/ProjectScopeServices$ProjectBackedModuleMetaDataProvider done
Event: 11.148 loading class org/gradle/internal/service/scopes/ProjectScopeServices$ScriptScopedContext
Event: 11.148 loading class org/gradle/internal/service/scopes/ProjectScopeServices$ScriptScopedContext done
Event: 11.150 loading class org/gradle/api/internal/project/ProjectInternal
Event: 11.150 loading class org/gradle/api/internal/project/ProjectInternal done
Event: 11.150 loading class org/gradle/configuration/ScriptPlugin
Event: 11.150 loading class org/gradle/configuration/ScriptPlugin done
Event: 11.151 loading class org/gradle/internal/build/event/types/DefaultScriptPluginIdentifier
Event: 11.151 loading class org/gradle/internal/build/event/types/DefaultScriptPluginIdentifier done
Event: 11.152 loading class org/gradle/configuration/ProjectScriptTarget
Event: 11.152 loading class org/gradle/configuration/ProjectScriptTarget done
Event: 11.153 loading class org/gradle/api/internal/project/ProjectScript
Event: 11.153 loading class org/gradle/api/internal/project/ProjectScript done


Dynamic libraries:
0x00007ff6e2510000 - 0x00007ff6e251a000 	C:\Program Files\Android\Android Studio\jre\bin\java.exe
0x00007ffb87650000 - 0x00007ffb87845000 	C:\WINDOWS\SYSTEM32\ntdll.dll
0x00007ffb86070000 - 0x00007ffb8612e000 	C:\WINDOWS\System32\KERNEL32.DLL
0x00007ffb84f90000 - 0x00007ffb85259000 	C:\WINDOWS\System32\KERNELBASE.dll
0x00007ffb85500000 - 0x00007ffb85600000 	C:\WINDOWS\System32\ucrtbase.dll
0x00007ffb647a0000 - 0x00007ffb647b7000 	C:\Program Files\Android\Android Studio\jre\bin\VCRUNTIME140.dll
0x00007ffb64340000 - 0x00007ffb64359000 	C:\Program Files\Android\Android Studio\jre\bin\jli.dll
0x00007ffb85b60000 - 0x00007ffb85d01000 	C:\WINDOWS\System32\USER32.dll
0x00007ffb84ed0000 - 0x00007ffb84ef2000 	C:\WINDOWS\System32\win32u.dll
0x00007ffb68fe0000 - 0x00007ffb6927a000 	C:\WINDOWS\WinSxS\amd64_microsoft.windows.common-controls_6595b64144ccf1df_6.0.19041.1110_none_60b5254171f9507e\COMCTL32.dll
0x00007ffb87530000 - 0x00007ffb8755b000 	C:\WINDOWS\System32\GDI32.dll
0x00007ffb84d70000 - 0x00007ffb84e7b000 	C:\WINDOWS\System32\gdi32full.dll
0x00007ffb85780000 - 0x00007ffb8581e000 	C:\WINDOWS\System32\msvcrt.dll
0x00007ffb85600000 - 0x00007ffb8569d000 	C:\WINDOWS\System32\msvcp_win.dll
0x00007ffb856a0000 - 0x00007ffb856d0000 	C:\WINDOWS\System32\IMM32.DLL
0x00007ffb51350000 - 0x00007ffb513ed000 	C:\Program Files\Android\Android Studio\jre\bin\msvcp140.dll
0x00007ffb1efa0000 - 0x00007ffb1fa6f000 	C:\Program Files\Android\Android Studio\jre\bin\server\jvm.dll
0x00007ffb856d0000 - 0x00007ffb8577c000 	C:\WINDOWS\System32\ADVAPI32.dll
0x00007ffb86870000 - 0x00007ffb8690b000 	C:\WINDOWS\System32\sechost.dll
0x00007ffb86b60000 - 0x00007ffb86c8a000 	C:\WINDOWS\System32\RPCRT4.dll
0x00007ffb86a50000 - 0x00007ffb86a58000 	C:\WINDOWS\System32\PSAPI.DLL
0x00007ffb78d30000 - 0x00007ffb78d57000 	C:\WINDOWS\SYSTEM32\WINMM.dll
0x00007ffb6fe70000 - 0x00007ffb6fe79000 	C:\WINDOWS\SYSTEM32\WSOCK32.dll
0x00007ffb7cae0000 - 0x00007ffb7caea000 	C:\WINDOWS\SYSTEM32\VERSION.dll
0x00007ffb85af0000 - 0x00007ffb85b5b000 	C:\WINDOWS\System32\WS2_32.dll
0x00007ffb835f0000 - 0x00007ffb83602000 	C:\WINDOWS\SYSTEM32\kernel.appcore.dll
0x00007ffb63fe0000 - 0x00007ffb63ff1000 	C:\Program Files\Android\Android Studio\jre\bin\verify.dll
0x00007ffb833e0000 - 0x00007ffb835c4000 	C:\WINDOWS\SYSTEM32\DBGHELP.DLL
0x00007ffb6e810000 - 0x00007ffb6e83c000 	C:\WINDOWS\SYSTEM32\dbgcore.DLL
0x00007ffb84f00000 - 0x00007ffb84f83000 	C:\WINDOWS\System32\bcryptPrimitives.dll
0x00007ffb62e20000 - 0x00007ffb62e49000 	C:\Program Files\Android\Android Studio\jre\bin\java.dll
0x00007ffb6fc80000 - 0x00007ffb6fc8b000 	C:\Program Files\Android\Android Studio\jre\bin\jimage.dll
0x00007ffb63cf0000 - 0x00007ffb63d08000 	C:\Program Files\Android\Android Studio\jre\bin\zip.dll
0x00007ffb86c90000 - 0x00007ffb873cf000 	C:\WINDOWS\System32\SHELL32.dll
0x00007ffb82b80000 - 0x00007ffb83310000 	C:\WINDOWS\SYSTEM32\windows.storage.dll
0x00007ffb85d10000 - 0x00007ffb86065000 	C:\WINDOWS\System32\combase.dll
0x00007ffb846f0000 - 0x00007ffb8471c000 	C:\WINDOWS\SYSTEM32\Wldp.dll
0x00007ffb87560000 - 0x00007ffb8760e000 	C:\WINDOWS\System32\SHCORE.dll
0x00007ffb86970000 - 0x00007ffb869c5000 	C:\WINDOWS\System32\shlwapi.dll
0x00007ffb84cb0000 - 0x00007ffb84ccf000 	C:\WINDOWS\SYSTEM32\profapi.dll
0x00007ffb63920000 - 0x00007ffb6393a000 	C:\Program Files\Android\Android Studio\jre\bin\net.dll
0x00007ffb75ae0000 - 0x00007ffb75be8000 	C:\WINDOWS\SYSTEM32\WINHTTP.dll
0x00007ffb84450000 - 0x00007ffb844ba000 	C:\WINDOWS\system32\mswsock.dll
0x00007ffb63380000 - 0x00007ffb63394000 	C:\Program Files\Android\Android Studio\jre\bin\nio.dll
0x00007ffb6fc90000 - 0x00007ffb6fcb7000 	C:\Users\adal_\.gradle\native\8bec1ad78214c89d9ad589b4d07fe93259594b29d510b10fafb7a158f7737e5d\windows-amd64\native-platform.dll
0x00007ffb64c90000 - 0x00007ffb64dcd000 	C:\Users\adal_\.gradle\native\53dbd7edfb1c66fb8903c78663c9afc45aea4f116125fa6feffd364cf09443e8\windows-amd64\native-platform-file-events.dll
0x00007ffb69280000 - 0x00007ffb6928a000 	C:\Program Files\Android\Android Studio\jre\bin\management.dll
0x00007ffb68050000 - 0x00007ffb6805c000 	C:\Program Files\Android\Android Studio\jre\bin\management_ext.dll
0x00007ffb84650000 - 0x00007ffb84668000 	C:\WINDOWS\SYSTEM32\CRYPTSP.dll
0x00007ffb83dd0000 - 0x00007ffb83e04000 	C:\WINDOWS\system32\rsaenh.dll
0x00007ffb854d0000 - 0x00007ffb854f7000 	C:\WINDOWS\System32\bcrypt.dll
0x00007ffb84c70000 - 0x00007ffb84c9e000 	C:\WINDOWS\SYSTEM32\USERENV.dll
0x00007ffb84640000 - 0x00007ffb8464c000 	C:\WINDOWS\SYSTEM32\CRYPTBASE.dll
0x00007ffb84140000 - 0x00007ffb8417b000 	C:\WINDOWS\SYSTEM32\IPHLPAPI.DLL
0x00007ffb86a40000 - 0x00007ffb86a48000 	C:\WINDOWS\System32\NSI.dll
0x00007ffb7a910000 - 0x00007ffb7a927000 	C:\WINDOWS\SYSTEM32\dhcpcsvc6.DLL
0x00007ffb7bc70000 - 0x00007ffb7bc8d000 	C:\WINDOWS\SYSTEM32\dhcpcsvc.DLL
0x00007ffb84180000 - 0x00007ffb8424c000 	C:\WINDOWS\SYSTEM32\DNSAPI.dll

dbghelp: loaded successfully - version: 4.0.5 - missing functions: none
symbol engine: initialized successfully - sym options: 0x614 - pdb path: .;C:\Program Files\Android\Android Studio\jre\bin;C:\WINDOWS\SYSTEM32;C:\WINDOWS\WinSxS\amd64_microsoft.windows.common-controls_6595b64144ccf1df_6.0.19041.1110_none_60b5254171f9507e;C:\Program Files\Android\Android Studio\jre\bin\server;C:\Users\adal_\.gradle\native\8bec1ad78214c89d9ad589b4d07fe93259594b29d510b10fafb7a158f7737e5d\windows-amd64;C:\Users\adal_\.gradle\native\53dbd7edfb1c66fb8903c78663c9afc45aea4f116125fa6feffd364cf09443e8\windows-amd64

VM Arguments:
jvm_args: --add-opens=java.base/java.util=ALL-UNNAMED --add-opens=java.base/java.lang=ALL-UNNAMED --add-opens=java.base/java.lang.invoke=ALL-UNNAMED --add-opens=java.base/java.util=ALL-UNNAMED --add-opens=java.prefs/java.util.prefs=ALL-UNNAMED --add-opens=java.prefs/java.util.prefs=ALL-UNNAMED --add-opens=java.base/java.nio.charset=ALL-UNNAMED --add-opens=java.base/java.net=ALL-UNNAMED --add-opens=java.base/java.util.concurrent.atomic=ALL-UNNAMED -Xmx2048m -Dfile.encoding=UTF-8 -Duser.country=MX -Duser.language=es -Duser.variant 
java_command: org.gradle.launcher.daemon.bootstrap.GradleDaemon 7.0.2
java_class_path (initial): C:\Users\adal_\.gradle\wrapper\dists\gradle-7.0.2-bin\857tjihv64xamwrf0h14cai3r\gradle-7.0.2\lib\gradle-launcher-7.0.2.jar
Launcher Type: SUN_STANDARD

[Global flags]
     intx CICompilerCount                          = 4                                         {product} {ergonomic}
     uint ConcGCThreads                            = 2                                         {product} {ergonomic}
     uint G1ConcRefinementThreads                  = 8                                         {product} {ergonomic}
   size_t G1HeapRegionSize                         = 1048576                                   {product} {ergonomic}
    uintx GCDrainStackTargetSize                   = 64                                        {product} {ergonomic}
   size_t InitialHeapSize                          = 100663296                                 {product} {ergonomic}
   size_t MarkStackSize                            = 4194304                                   {product} {ergonomic}
   size_t MaxHeapSize                              = 2147483648                                {product} {command line}
   size_t MaxNewSize                               = 1287651328                                {product} {ergonomic}
   size_t MinHeapDeltaBytes                        = 1048576                                   {product} {ergonomic}
    uintx NonNMethodCodeHeapSize                   = 5836300                                {pd product} {ergonomic}
    uintx NonProfiledCodeHeapSize                  = 122910970                              {pd product} {ergonomic}
    uintx ProfiledCodeHeapSize                     = 122910970                              {pd product} {ergonomic}
    uintx ReservedCodeCacheSize                    = 251658240                              {pd product} {ergonomic}
     bool SegmentedCodeCache                       = true                                      {product} {ergonomic}
     bool UseCompressedClassPointers               = true                                 {lp64_product} {ergonomic}
     bool UseCompressedOops                        = true                                 {lp64_product} {ergonomic}
     bool UseG1GC                                  = true                                      {product} {ergonomic}
     bool UseLargePagesIndividualAllocation        = false                                  {pd product} {ergonomic}

Logging:
Log output configuration:
 #0: stdout all=warning uptime,level,tags
 #1: stderr all=off uptime,level,tags

Environment Variables:
JAVA_HOME=C:\Program Files\Eclipse Foundation\jdk-8.0.302.8-hotspot\
PATH=C:\Program Files\Eclipse Foundation\jdk-8.0.302.8-hotspot\bin;C:\VulkanSDK\1.2.182.0\Bin;C:\Program Files (x86)\NVIDIA Corporation\PhysX\Common;C:\Program Files (x86)\Common Files\Oracle\Java\javapath;C:\WINDOWS\system32;C:\WINDOWS;C:\WINDOWS\System32\Wbem;C:\WINDOWS\System32\WindowsPowerShell\v1.0\;C:\WINDOWS\System32\OpenSSH\;C:\Program Files\Java\jre1.8.0_241\bin;C:\Program Files\dotnet\;C:\Opencv-4.2.0\opencv\build\x64\vc15\bin;C:\apache-cassandra-3.11.11\bin;C:\Python27;C:\Python27\Scripts;C:\Program Files\Git\cmd;C:\Users\adal_\AppData\Local\Programs\Python\Python39\Scripts\;C:\Users\adal_\AppData\Local\Programs\Python\Python39\;C:\Users\adal_\AppData\Local\Microsoft\WindowsApps;C:\Users\adal_\.dotnet\tools
USERNAME=adal_
OS=Windows_NT
PROCESSOR_IDENTIFIER=AMD64 Family 23 Model 24 Stepping 1, AuthenticAMD



---------------  S Y S T E M  ---------------

OS: Windows 10 , 64 bit Build 19041 (10.0.19041.1202)
OS uptime: 2 days 13:24 hours

CPU:total 8 (initial active 8) (8 cores per cpu, 2 threads per core) family 23 model 24 stepping 1 microcode 0x0, cmov, cx8, fxsr, mmx, sse, sse2, sse3, ssse3, sse4.1, sse4.2, popcnt, avx, avx2, aes, clmul, mmxext, 3dnowpref, lzcnt, sse4a, ht, tsc, tscinvbit, tscinv, bmi1, bmi2, adx, s

Memory: 4k page, system-wide physical 6057M (252M free)
TotalPageFile size 24489M (AvailPageFile size 3M)
current process WorkingSet (physical memory assigned to process): 236M, peak: 236M
current process commit charge ("private bytes"): 291M, peak: 292M

vm_info: OpenJDK 64-Bit Server VM (11.0.10+0-b96-7249189) for windows-amd64 JRE (11.0.10+0-b96-7249189), built on Mar 31 2021 21:44:00 by "builder" with MS VC++ 14.0 (VS2015)

END.
