#
# There is insufficient memory for the Java Runtime Environment to continue.
# Native memory allocation (malloc) failed to allocate 1111776 bytes for Chunk::new
# Possible reasons:
#   The system is out of physical RAM or swap space
#   The process is running with CompressedOops enabled, and the Java Heap may be blocking the growth of the native heap
# Possible solutions:
#   Reduce memory load on the system
#   Increase physical memory or swap space
#   Check if swap backing store is full
#   Decrease Java heap size (-Xmx/-Xms)
#   Decrease number of Java threads
#   Decrease Java thread stack sizes (-Xss)
#   Set larger code cache with -XX:ReservedCodeCacheSize=
#   JVM is running with Unscaled Compressed Oops mode in which the Java heap is
#     placed in the first 4GB address space. The Java Heap base address is the
#     maximum limit for the native heap growth. Please use -XX:HeapBaseMinAddress
#     to set the Java Heap base and to place the Java Heap above 4GB virtual address.
# This output file may be truncated or incomplete.
#
#  Out of Memory Error (./src/hotspot/share/memory/arena.cpp:197), pid=4592, tid=13456
#
# JRE version: OpenJDK Runtime Environment (11.0.10) (build 11.0.10+0-b96-7249189)
# Java VM: OpenJDK 64-Bit Server VM (11.0.10+0-b96-7249189, mixed mode, tiered, compressed oops, g1 gc, windows-amd64)
# No core dump will be written. Minidumps are not enabled by default on client versions of Windows
#

---------------  S U M M A R Y ------------

Command Line: --add-opens=java.base/java.util=ALL-UNNAMED --add-opens=java.base/java.lang=ALL-UNNAMED --add-opens=java.base/java.lang.invoke=ALL-UNNAMED --add-opens=java.base/java.util=ALL-UNNAMED --add-opens=java.prefs/java.util.prefs=ALL-UNNAMED --add-opens=java.prefs/java.util.prefs=ALL-UNNAMED --add-opens=java.base/java.nio.charset=ALL-UNNAMED --add-opens=java.base/java.net=ALL-UNNAMED --add-opens=java.base/java.util.concurrent.atomic=ALL-UNNAMED -Xmx2048m -Dfile.encoding=UTF-8 -Duser.country=MX -Duser.language=es -Duser.variant org.gradle.launcher.daemon.bootstrap.GradleDaemon 7.0.2

Host: AMD Ryzen 5 3500U with Radeon Vega Mobile Gfx  , 8 cores, 5G,  Windows 10 , 64 bit Build 19041 (10.0.19041.1202)
Time: Sun Sep 26 23:59:47 2021 Hora de verano central (México) elapsed time: 29.349916 seconds (0d 0h 0m 29s)

---------------  T H R E A D  ---------------

Current thread (0x000002069e03d000):  JavaThread "C2 CompilerThread0" daemon [_thread_in_native, id=13456, stack(0x0000009f13600000,0x0000009f13700000)]


Current CompileTask:
C2:  29350 8485 %     4       org.gradle.internal.instantiation.generator.AbstractClassGenerator::inspectType @ 107 (560 bytes)

Stack: [0x0000009f13600000,0x0000009f13700000]
Native frames: (J=compiled Java code, j=interpreted, Vv=VM code, C=native code)
V  [jvm.dll+0x5ecfaa]
V  [jvm.dll+0x722bd5]
V  [jvm.dll+0x72412d]
V  [jvm.dll+0x7247e3]
V  [jvm.dll+0x242928]
V  [jvm.dll+0xbc4fc]
V  [jvm.dll+0xbca0c]
V  [jvm.dll+0x2b4fd4]
V  [jvm.dll+0x506028]
V  [jvm.dll+0x1fcbde]
V  [jvm.dll+0x1fa77f]
V  [jvm.dll+0x18354c]
V  [jvm.dll+0x208ee7]
V  [jvm.dll+0x207731]
V  [jvm.dll+0x6eb1cf]
V  [jvm.dll+0x6e3d45]
V  [jvm.dll+0x5ebe96]
C  [ucrtbase.dll+0x21bb2]
C  [KERNEL32.DLL+0x17034]
C  [ntdll.dll+0x52651]


---------------  P R O C E S S  ---------------

Threads class SMR info:
_java_thread_list=0x00000206a4232580, length=61, elements={
0x0000020682a5e800, 0x000002069d6a3000, 0x000002069d6b0800, 0x000002069e035800,
0x000002069e037000, 0x000002069e039000, 0x000002069e03d000, 0x000002069e041800,
0x000002069e042800, 0x000002069e1bb000, 0x000002069fb57800, 0x00000206a0796800,
0x000002069f74b000, 0x000002069f550800, 0x000002069f0ba800, 0x00000206a0122000,
0x000002069fb4e800, 0x000002069f88a800, 0x00000206a00a6800, 0x00000206a027e800,
0x00000206a027f800, 0x00000206a027d000, 0x00000206a0281000, 0x00000206a027c000,
0x00000206a0280000, 0x00000206a027b800, 0x00000206a0282000, 0x00000206a027e000,
0x00000206a296b000, 0x00000206a296d000, 0x00000206a2968800, 0x00000206a2968000,
0x00000206a296a800, 0x00000206a2967000, 0x00000206a2971800, 0x00000206a2973800,
0x00000206a296e800, 0x00000206a296d800, 0x00000206a2971000, 0x00000206a2974000,
0x00000206a296f000, 0x00000206a2975000, 0x00000206a2975800, 0x00000206a2970000,
0x00000206a2972800, 0x000002069e409000, 0x000002069e408800, 0x000002069e40a800,
0x000002069e40f800, 0x000002069e40b800, 0x000002069e40a000, 0x000002069e40e000,
0x000002069e410800, 0x000002069e411800, 0x000002069e412000, 0x000002069e40c800,
0x000002069e413000, 0x000002069e40d000, 0x000002069e415800, 0x000002069e413800,
0x000002069e416000
}

Java Threads: ( => current thread )
  0x0000020682a5e800 JavaThread "main" [_thread_blocked, id=19820, stack(0x0000009f12a00000,0x0000009f12b00000)]
  0x000002069d6a3000 JavaThread "Reference Handler" daemon [_thread_blocked, id=15132, stack(0x0000009f13100000,0x0000009f13200000)]
  0x000002069d6b0800 JavaThread "Finalizer" daemon [_thread_blocked, id=9736, stack(0x0000009f13200000,0x0000009f13300000)]
  0x000002069e035800 JavaThread "Signal Dispatcher" daemon [_thread_blocked, id=20408, stack(0x0000009f13300000,0x0000009f13400000)]
  0x000002069e037000 JavaThread "Attach Listener" daemon [_thread_blocked, id=19580, stack(0x0000009f13400000,0x0000009f13500000)]
  0x000002069e039000 JavaThread "Service Thread" daemon [_thread_blocked, id=21016, stack(0x0000009f13500000,0x0000009f13600000)]
=>0x000002069e03d000 JavaThread "C2 CompilerThread0" daemon [_thread_in_native, id=13456, stack(0x0000009f13600000,0x0000009f13700000)]
  0x000002069e041800 JavaThread "C1 CompilerThread0" daemon [_thread_blocked, id=16500, stack(0x0000009f13700000,0x0000009f13800000)]
  0x000002069e042800 JavaThread "Sweeper thread" daemon [_thread_blocked, id=9300, stack(0x0000009f13800000,0x0000009f13900000)]
  0x000002069e1bb000 JavaThread "Common-Cleaner" daemon [_thread_blocked, id=7200, stack(0x0000009f13900000,0x0000009f13a00000)]
  0x000002069fb57800 JavaThread "Daemon health stats" [_thread_blocked, id=6096, stack(0x0000009f13c00000,0x0000009f13d00000)]
  0x00000206a0796800 JavaThread "Incoming local TCP Connector on port 57159" [_thread_in_native, id=10328, stack(0x0000009f13d00000,0x0000009f13e00000)]
  0x000002069f74b000 JavaThread "Daemon periodic checks" [_thread_blocked, id=19452, stack(0x0000009f13e00000,0x0000009f13f00000)]
  0x000002069f550800 JavaThread "Daemon" [_thread_blocked, id=16976, stack(0x0000009f13f00000,0x0000009f14000000)]
  0x000002069f0ba800 JavaThread "Handler for socket connection from /127.0.0.1:57159 to /127.0.0.1:57160" [_thread_in_native, id=10228, stack(0x0000009f14000000,0x0000009f14100000)]
  0x00000206a0122000 JavaThread "Cancel handler" [_thread_blocked, id=17556, stack(0x0000009f14100000,0x0000009f14200000)]
  0x000002069fb4e800 JavaThread "Daemon worker" [_thread_blocked, id=17856, stack(0x0000009f14200000,0x0000009f14300000)]
  0x000002069f88a800 JavaThread "Asynchronous log dispatcher for DefaultDaemonConnection: socket connection from /127.0.0.1:57159 to /127.0.0.1:57160" [_thread_blocked, id=11048, stack(0x0000009f14300000,0x0000009f14400000)]
  0x00000206a00a6800 JavaThread "Stdin handler" [_thread_blocked, id=10012, stack(0x0000009f14400000,0x0000009f14500000)]
  0x00000206a027e800 JavaThread "Daemon client event forwarder" [_thread_blocked, id=15040, stack(0x0000009f14500000,0x0000009f14600000)]
  0x00000206a027f800 JavaThread "Cache worker for file hash cache (C:\Users\adal_\.gradle\caches\7.0.2\fileHashes)" [_thread_blocked, id=1332, stack(0x0000009f14c00000,0x0000009f14d00000)]
  0x00000206a027d000 JavaThread "File lock request listener" [_thread_in_native, id=4704, stack(0x0000009f14d00000,0x0000009f14e00000)]
  0x00000206a0281000 JavaThread "Cache worker for journal cache (C:\Users\adal_\.gradle\caches\journal-1)" [_thread_blocked, id=2252, stack(0x0000009f14f00000,0x0000009f15000000)]
  0x00000206a027c000 JavaThread "Cache worker for file hash cache (C:\Users\adal_\AndroidStudioProjects\FoodyKraveProyect\.gradle\7.0.2\fileHashes)" [_thread_blocked, id=16088, stack(0x0000009f15000000,0x0000009f15100000)]
  0x00000206a0280000 JavaThread "File watcher server" daemon [_thread_in_native, id=1148, stack(0x0000009f15100000,0x0000009f15200000)]
  0x00000206a027b800 JavaThread "File watcher consumer" daemon [_thread_blocked, id=18640, stack(0x0000009f15200000,0x0000009f15300000)]
  0x00000206a0282000 JavaThread "Cache worker for checksums cache (C:\Users\adal_\AndroidStudioProjects\FoodyKraveProyect\.gradle\checksums)" [_thread_blocked, id=20860, stack(0x0000009f15300000,0x0000009f15400000)]
  0x00000206a027e000 JavaThread "Cache worker for cache directory md-supplier (C:\Users\adal_\.gradle\caches\7.0.2\md-supplier)" [_thread_blocked, id=21088, stack(0x0000009f15400000,0x0000009f15500000)]
  0x00000206a296b000 JavaThread "Cache worker for cache directory md-rule (C:\Users\adal_\.gradle\caches\7.0.2\md-rule)" [_thread_blocked, id=18644, stack(0x0000009f15500000,0x0000009f15600000)]
  0x00000206a296d000 JavaThread "Cache worker for execution history cache (C:\Users\adal_\.gradle\caches\7.0.2\executionHistory)" [_thread_in_native, id=16100, stack(0x0000009f15600000,0x0000009f15700000)]
  0x00000206a2968800 JavaThread "jar transforms" [_thread_blocked, id=12024, stack(0x0000009f15700000,0x0000009f15800000)]
  0x00000206a2968000 JavaThread "jar transforms Thread 2" [_thread_blocked, id=7696, stack(0x0000009f15800000,0x0000009f15900000)]
  0x00000206a296a800 JavaThread "Cache worker for file content cache (C:\Users\adal_\.gradle\caches\7.0.2\fileContent)" [_thread_blocked, id=20484, stack(0x0000009f15900000,0x0000009f15a00000)]
  0x00000206a2967000 JavaThread "Cache worker for dependencies-accessors (C:\Users\adal_\AndroidStudioProjects\FoodyKraveProyect\.gradle\7.0.2\dependencies-accessors)" [_thread_blocked, id=21048, stack(0x0000009f15a00000,0x0000009f15b00000)]
  0x00000206a2971800 JavaThread "jar transforms Thread 3" [_thread_blocked, id=11508, stack(0x0000009f15b00000,0x0000009f15c00000)]
  0x00000206a2973800 JavaThread "Cache worker for Build Output Cleanup Cache (C:\Users\adal_\AndroidStudioProjects\FoodyKraveProyect\.gradle\buildOutputCleanup)" [_thread_blocked, id=14548, stack(0x0000009f15c00000,0x0000009f15d00000)]
  0x00000206a296e800 JavaThread "Build operations" [_thread_blocked, id=19528, stack(0x0000009f15d00000,0x0000009f15e00000)]
  0x00000206a296d800 JavaThread "Build operations Thread 2" [_thread_in_Java, id=3752, stack(0x0000009f15e00000,0x0000009f15f00000)]
  0x00000206a2971000 JavaThread "Build operations Thread 3" [_thread_blocked, id=19600, stack(0x0000009f15f00000,0x0000009f16000000)]
  0x00000206a2974000 JavaThread "Build operations Thread 4" [_thread_in_native, id=19156, stack(0x0000009f16000000,0x0000009f16100000)]
  0x00000206a296f000 JavaThread "Build operations Thread 5" [_thread_in_Java, id=20508, stack(0x0000009f16100000,0x0000009f16200000)]
  0x00000206a2975000 JavaThread "Build operations Thread 6" [_thread_in_native, id=15712, stack(0x0000009f16200000,0x0000009f16300000)]
  0x00000206a2975800 JavaThread "Build operations Thread 7" [_thread_in_native, id=11704, stack(0x0000009f16300000,0x0000009f16400000)]
  0x00000206a2970000 JavaThread "Build operations Thread 8" [_thread_in_native, id=18292, stack(0x0000009f16400000,0x0000009f16500000)]
  0x00000206a2972800 JavaThread "jar transforms Thread 4" [_thread_blocked, id=11444, stack(0x0000009f16500000,0x0000009f16600000)]
  0x000002069e409000 JavaThread "jar transforms Thread 5" [_thread_blocked, id=7244, stack(0x0000009f16600000,0x0000009f16700000)]
  0x000002069e408800 JavaThread "jar transforms Thread 6" [_thread_blocked, id=17356, stack(0x0000009f16700000,0x0000009f16800000)]
  0x000002069e40a800 JavaThread "jar transforms Thread 7" [_thread_blocked, id=19544, stack(0x0000009f16800000,0x0000009f16900000)]
  0x000002069e40f800 JavaThread "jar transforms Thread 8" [_thread_blocked, id=8004, stack(0x0000009f16900000,0x0000009f16a00000)]
  0x000002069e40b800 JavaThread "Memory manager" [_thread_blocked, id=5480, stack(0x0000009f16a00000,0x0000009f16b00000)]
  0x000002069e40a000 JavaThread "build event listener" [_thread_blocked, id=3628, stack(0x0000009f16b00000,0x0000009f16c00000)]
  0x000002069e40e000 JavaThread "pool-3-thread-1" [_thread_blocked, id=20008, stack(0x0000009f16c00000,0x0000009f16d00000)]
  0x000002069e410800 JavaThread "build event listener" [_thread_blocked, id=20728, stack(0x0000009f16d00000,0x0000009f16e00000)]
  0x000002069e411800 JavaThread "Execution worker for ':'" [_thread_blocked, id=13912, stack(0x0000009f16e00000,0x0000009f16f00000)]
  0x000002069e412000 JavaThread "Execution worker for ':' Thread 2" [_thread_blocked, id=12632, stack(0x0000009f16f00000,0x0000009f17000000)]
  0x000002069e40c800 JavaThread "Execution worker for ':' Thread 3" [_thread_blocked, id=12244, stack(0x0000009f17000000,0x0000009f17100000)]
  0x000002069e413000 JavaThread "Execution worker for ':' Thread 4" [_thread_blocked, id=20088, stack(0x0000009f17100000,0x0000009f17200000)]
  0x000002069e40d000 JavaThread "Execution worker for ':' Thread 5" [_thread_blocked, id=13620, stack(0x0000009f17200000,0x0000009f17300000)]
  0x000002069e415800 JavaThread "Execution worker for ':' Thread 6" [_thread_blocked, id=300, stack(0x0000009f17300000,0x0000009f17400000)]
  0x000002069e413800 JavaThread "Execution worker for ':' Thread 7" [_thread_blocked, id=20612, stack(0x0000009f17400000,0x0000009f17500000)]
  0x000002069e416000 JavaThread "Cache worker for execution history cache (C:\Users\adal_\AndroidStudioProjects\FoodyKraveProyect\.gradle\7.0.2\executionHistory)" [_thread_blocked, id=12252, stack(0x0000009f17500000,0x0000009f17600000)]

Other Threads:
  0x000002069d69e800 VMThread "VM Thread" [stack: 0x0000009f13000000,0x0000009f13100000] [id=20524]
  0x000002069e1d6800 WatcherThread [stack: 0x0000009f13a00000,0x0000009f13b00000] [id=5840]
  0x0000020682a78000 GCTaskThread "GC Thread#0" [stack: 0x0000009f12b00000,0x0000009f12c00000] [id=2024]
  0x000002069ef09800 GCTaskThread "GC Thread#1" [stack: 0x0000009f13b00000,0x0000009f13c00000] [id=1472]
  0x000002069f789800 GCTaskThread "GC Thread#2" [stack: 0x0000009f14600000,0x0000009f14700000] [id=13564]
  0x000002069f75a000 GCTaskThread "GC Thread#3" [stack: 0x0000009f14700000,0x0000009f14800000] [id=21320]
  0x000002069f4f4000 GCTaskThread "GC Thread#4" [stack: 0x0000009f14800000,0x0000009f14900000] [id=16308]
  0x000002069ebea000 GCTaskThread "GC Thread#5" [stack: 0x0000009f14900000,0x0000009f14a00000] [id=14024]
  0x000002069ebea800 GCTaskThread "GC Thread#6" [stack: 0x0000009f14a00000,0x0000009f14b00000] [id=15864]
  0x000002069ebeb800 GCTaskThread "GC Thread#7" [stack: 0x0000009f14b00000,0x0000009f14c00000] [id=15304]
  0x0000020682aa8000 ConcurrentGCThread "G1 Main Marker" [stack: 0x0000009f12c00000,0x0000009f12d00000] [id=10352]
  0x0000020682aaa800 ConcurrentGCThread "G1 Conc#0" [stack: 0x0000009f12d00000,0x0000009f12e00000] [id=15544]
  0x000002069ecc8000 ConcurrentGCThread "G1 Conc#1" [stack: 0x0000009f14e00000,0x0000009f14f00000] [id=21468]
  0x0000020682b38800 ConcurrentGCThread "G1 Refine#0" [stack: 0x0000009f12e00000,0x0000009f12f00000] [id=20320]
  0x000002069d4f1800 ConcurrentGCThread "G1 Young RemSet Sampling" [stack: 0x0000009f12f00000,0x0000009f13000000] [id=13392]

Threads with active compile tasks:
C2 CompilerThread0  29409 8485 %     4       org.gradle.internal.instantiation.generator.AbstractClassGenerator::inspectType @ 107 (560 bytes)

VM state:not at safepoint (normal execution)

VM Mutex/Monitor currently owned by a thread: None

Heap address: 0x0000000080000000, size: 2048 MB, Compressed Oops mode: 32-bit
Narrow klass base: 0x0000000000000000, Narrow klass shift: 3
Compressed class space size: 1073741824 Address: 0x0000000100000000

Heap:
 garbage-first heap   total 118784K, used 86021K [0x0000000080000000, 0x0000000100000000)
  region size 1024K, 11 young (11264K), 2 survivors (2048K)
 Metaspace       used 85274K, capacity 87310K, committed 87628K, reserved 1124352K
  class space    used 11022K, capacity 11764K, committed 11852K, reserved 1048576K
Heap Regions: E=young(eden), S=young(survivor), O=old, HS=humongous(starts), HC=humongous(continues), CS=collection set, F=free, A=archive, TAMS=top-at-mark-start (previous, next)
|   0|0x0000000080000000, 0x0000000080100000, 0x0000000080100000|100%| O|  |TAMS 0x0000000080100000, 0x0000000080000000| Untracked 
|   1|0x0000000080100000, 0x0000000080200000, 0x0000000080200000|100%| O|  |TAMS 0x0000000080200000, 0x0000000080100000| Untracked 
|   2|0x0000000080200000, 0x0000000080300000, 0x0000000080300000|100%| O|  |TAMS 0x0000000080300000, 0x0000000080200000| Untracked 
|   3|0x0000000080300000, 0x0000000080400000, 0x0000000080400000|100%|HS|  |TAMS 0x0000000080400000, 0x0000000080300000| Complete 
|   4|0x0000000080400000, 0x0000000080500000, 0x0000000080500000|100%|HC|  |TAMS 0x0000000080500000, 0x0000000080400000| Complete 
|   5|0x0000000080500000, 0x0000000080600000, 0x0000000080600000|100%|HC|  |TAMS 0x0000000080600000, 0x0000000080500000| Complete 
|   6|0x0000000080600000, 0x0000000080700000, 0x0000000080700000|100%| O|  |TAMS 0x0000000080700000, 0x0000000080600000| Untracked 
|   7|0x0000000080700000, 0x0000000080800000, 0x0000000080800000|100%| O|  |TAMS 0x0000000080800000, 0x0000000080700000| Untracked 
|   8|0x0000000080800000, 0x0000000080900000, 0x0000000080900000|100%| O|  |TAMS 0x0000000080900000, 0x0000000080800000| Untracked 
|   9|0x0000000080900000, 0x0000000080a00000, 0x0000000080a00000|100%| O|  |TAMS 0x0000000080a00000, 0x0000000080900000| Untracked 
|  10|0x0000000080a00000, 0x0000000080b00000, 0x0000000080b00000|100%| O|  |TAMS 0x0000000080b00000, 0x0000000080a00000| Untracked 
|  11|0x0000000080b00000, 0x0000000080c00000, 0x0000000080c00000|100%| O|  |TAMS 0x0000000080c00000, 0x0000000080b00000| Untracked 
|  12|0x0000000080c00000, 0x0000000080d00000, 0x0000000080d00000|100%| O|  |TAMS 0x0000000080d00000, 0x0000000080c00000| Untracked 
|  13|0x0000000080d00000, 0x0000000080e00000, 0x0000000080e00000|100%| O|  |TAMS 0x0000000080e00000, 0x0000000080d00000| Untracked 
|  14|0x0000000080e00000, 0x0000000080f00000, 0x0000000080f00000|100%| O|  |TAMS 0x0000000080f00000, 0x0000000080e00000| Untracked 
|  15|0x0000000080f00000, 0x0000000081000000, 0x0000000081000000|100%| O|  |TAMS 0x0000000081000000, 0x0000000080f00000| Untracked 
|  16|0x0000000081000000, 0x0000000081100000, 0x0000000081100000|100%| O|  |TAMS 0x0000000081100000, 0x0000000081000000| Untracked 
|  17|0x0000000081100000, 0x0000000081200000, 0x0000000081200000|100%| O|  |TAMS 0x0000000081200000, 0x0000000081100000| Untracked 
|  18|0x0000000081200000, 0x0000000081300000, 0x0000000081300000|100%| O|  |TAMS 0x0000000081300000, 0x0000000081200000| Untracked 
|  19|0x0000000081300000, 0x0000000081400000, 0x0000000081400000|100%| O|  |TAMS 0x0000000081400000, 0x0000000081300000| Untracked 
|  20|0x0000000081400000, 0x0000000081500000, 0x0000000081500000|100%| O|  |TAMS 0x0000000081500000, 0x0000000081400000| Untracked 
|  21|0x0000000081500000, 0x0000000081600000, 0x0000000081600000|100%| O|  |TAMS 0x0000000081600000, 0x0000000081500000| Untracked 
|  22|0x0000000081600000, 0x0000000081700000, 0x0000000081700000|100%| O|  |TAMS 0x0000000081700000, 0x0000000081600000| Untracked 
|  23|0x0000000081700000, 0x0000000081800000, 0x0000000081800000|100%| O|  |TAMS 0x0000000081800000, 0x0000000081700000| Untracked 
|  24|0x0000000081800000, 0x0000000081900000, 0x0000000081900000|100%| O|  |TAMS 0x0000000081900000, 0x0000000081800000| Untracked 
|  25|0x0000000081900000, 0x0000000081a00000, 0x0000000081a00000|100%| O|  |TAMS 0x0000000081a00000, 0x0000000081900000| Untracked 
|  26|0x0000000081a00000, 0x0000000081b00000, 0x0000000081b00000|100%|HS|  |TAMS 0x0000000081b00000, 0x0000000081a00000| Complete 
|  27|0x0000000081b00000, 0x0000000081c00000, 0x0000000081c00000|100%|HS|  |TAMS 0x0000000081c00000, 0x0000000081b00000| Complete 
|  28|0x0000000081c00000, 0x0000000081d00000, 0x0000000081d00000|100%|HS|  |TAMS 0x0000000081d00000, 0x0000000081c00000| Complete 
|  29|0x0000000081d00000, 0x0000000081e00000, 0x0000000081e00000|100%| O|  |TAMS 0x0000000081e00000, 0x0000000081d00000| Untracked 
|  30|0x0000000081e00000, 0x0000000081f00000, 0x0000000081f00000|100%| O|  |TAMS 0x0000000081f00000, 0x0000000081e00000| Untracked 
|  31|0x0000000081f00000, 0x0000000082000000, 0x0000000082000000|100%| O|  |TAMS 0x0000000082000000, 0x0000000081f00000| Untracked 
|  32|0x0000000082000000, 0x0000000082100000, 0x0000000082100000|100%|HS|  |TAMS 0x0000000082100000, 0x0000000082000000| Complete 
|  33|0x0000000082100000, 0x0000000082200000, 0x0000000082200000|100%|HC|  |TAMS 0x0000000082200000, 0x0000000082100000| Complete 
|  34|0x0000000082200000, 0x0000000082300000, 0x0000000082300000|100%|HC|  |TAMS 0x0000000082300000, 0x0000000082200000| Complete 
|  35|0x0000000082300000, 0x0000000082400000, 0x0000000082400000|100%|HS|  |TAMS 0x0000000082400000, 0x0000000082300000| Complete 
|  36|0x0000000082400000, 0x0000000082500000, 0x0000000082500000|100%|HC|  |TAMS 0x0000000082500000, 0x0000000082400000| Complete 
|  37|0x0000000082500000, 0x0000000082600000, 0x0000000082600000|100%| O|  |TAMS 0x0000000082600000, 0x0000000082500000| Untracked 
|  38|0x0000000082600000, 0x0000000082700000, 0x0000000082700000|100%| O|  |TAMS 0x0000000082700000, 0x0000000082600000| Untracked 
|  39|0x0000000082700000, 0x0000000082800000, 0x0000000082800000|100%| O|  |TAMS 0x0000000082800000, 0x0000000082700000| Untracked 
|  40|0x0000000082800000, 0x0000000082900000, 0x0000000082900000|100%| O|  |TAMS 0x0000000082900000, 0x0000000082800000| Untracked 
|  41|0x0000000082900000, 0x0000000082a00000, 0x0000000082a00000|100%| O|  |TAMS 0x0000000082a00000, 0x0000000082900000| Untracked 
|  42|0x0000000082a00000, 0x0000000082b00000, 0x0000000082b00000|100%| O|  |TAMS 0x0000000082b00000, 0x0000000082a00000| Untracked 
|  43|0x0000000082b00000, 0x0000000082c00000, 0x0000000082c00000|100%| O|  |TAMS 0x0000000082c00000, 0x0000000082b00000| Untracked 
|  44|0x0000000082c00000, 0x0000000082d00000, 0x0000000082d00000|100%| O|  |TAMS 0x0000000082d00000, 0x0000000082c00000| Untracked 
|  45|0x0000000082d00000, 0x0000000082e00000, 0x0000000082e00000|100%| O|  |TAMS 0x0000000082e00000, 0x0000000082d00000| Untracked 
|  46|0x0000000082e00000, 0x0000000082f00000, 0x0000000082f00000|100%| O|  |TAMS 0x0000000082f00000, 0x0000000082e00000| Untracked 
|  47|0x0000000082f00000, 0x0000000083000000, 0x0000000083000000|100%| O|  |TAMS 0x0000000083000000, 0x0000000082f00000| Untracked 
|  48|0x0000000083000000, 0x0000000083100000, 0x0000000083100000|100%| O|  |TAMS 0x0000000083100000, 0x0000000083000000| Untracked 
|  49|0x0000000083100000, 0x0000000083200000, 0x0000000083200000|100%| O|  |TAMS 0x0000000083200000, 0x0000000083100000| Untracked 
|  50|0x0000000083200000, 0x0000000083300000, 0x0000000083300000|100%| O|  |TAMS 0x0000000083300000, 0x0000000083200000| Untracked 
|  51|0x0000000083300000, 0x0000000083400000, 0x0000000083400000|100%| O|  |TAMS 0x0000000083400000, 0x0000000083300000| Untracked 
|  52|0x0000000083400000, 0x0000000083500000, 0x0000000083500000|100%| O|  |TAMS 0x0000000083500000, 0x0000000083400000| Untracked 
|  53|0x0000000083500000, 0x0000000083600000, 0x0000000083600000|100%| O|  |TAMS 0x0000000083600000, 0x0000000083500000| Untracked 
|  54|0x0000000083600000, 0x0000000083700000, 0x0000000083700000|100%| O|  |TAMS 0x0000000083700000, 0x0000000083600000| Untracked 
|  55|0x0000000083700000, 0x0000000083800000, 0x0000000083800000|100%| O|  |TAMS 0x0000000083800000, 0x0000000083700000| Untracked 
|  56|0x0000000083800000, 0x0000000083900000, 0x0000000083900000|100%| O|  |TAMS 0x0000000083900000, 0x0000000083800000| Untracked 
|  57|0x0000000083900000, 0x0000000083a00000, 0x0000000083a00000|100%| O|  |TAMS 0x0000000083a00000, 0x0000000083900000| Untracked 
|  58|0x0000000083a00000, 0x0000000083b00000, 0x0000000083b00000|100%| O|  |TAMS 0x0000000083b00000, 0x0000000083a00000| Untracked 
|  59|0x0000000083b00000, 0x0000000083c00000, 0x0000000083c00000|100%| O|  |TAMS 0x0000000083c00000, 0x0000000083b00000| Untracked 
|  60|0x0000000083c00000, 0x0000000083d00000, 0x0000000083d00000|100%| O|  |TAMS 0x0000000083d00000, 0x0000000083c00000| Untracked 
|  61|0x0000000083d00000, 0x0000000083e00000, 0x0000000083e00000|100%| O|  |TAMS 0x0000000083e00000, 0x0000000083d00000| Untracked 
|  62|0x0000000083e00000, 0x0000000083f00000, 0x0000000083f00000|100%| O|  |TAMS 0x0000000083f00000, 0x0000000083e00000| Untracked 
|  63|0x0000000083f00000, 0x0000000084000000, 0x0000000084000000|100%| O|  |TAMS 0x0000000084000000, 0x0000000083f00000| Untracked 
|  64|0x0000000084000000, 0x0000000084100000, 0x0000000084100000|100%| O|  |TAMS 0x0000000084100000, 0x0000000084000000| Untracked 
|  65|0x0000000084100000, 0x0000000084200000, 0x0000000084200000|100%| O|  |TAMS 0x0000000084200000, 0x0000000084100000| Untracked 
|  66|0x0000000084200000, 0x0000000084300000, 0x0000000084300000|100%| O|  |TAMS 0x0000000084300000, 0x0000000084200000| Untracked 
|  67|0x0000000084300000, 0x0000000084400000, 0x0000000084400000|100%| O|  |TAMS 0x0000000084400000, 0x0000000084300000| Untracked 
|  68|0x0000000084400000, 0x0000000084500000, 0x0000000084500000|100%| O|  |TAMS 0x0000000084500000, 0x0000000084400000| Untracked 
|  69|0x0000000084500000, 0x0000000084600000, 0x0000000084600000|100%| O|  |TAMS 0x0000000084600000, 0x0000000084500000| Untracked 
|  70|0x0000000084600000, 0x0000000084700000, 0x0000000084700000|100%| O|  |TAMS 0x0000000084700000, 0x0000000084600000| Untracked 
|  71|0x0000000084700000, 0x0000000084800000, 0x0000000084800000|100%| O|  |TAMS 0x000000008471fa00, 0x0000000084700000| Untracked 
|  72|0x0000000084800000, 0x0000000084900000, 0x0000000084900000|100%| O|  |TAMS 0x0000000084800000, 0x0000000084800000| Untracked 
|  73|0x0000000084900000, 0x0000000084a00000, 0x0000000084a00000|100%| O|  |TAMS 0x0000000084900000, 0x0000000084900000| Untracked 
|  74|0x0000000084a00000, 0x0000000084b00000, 0x0000000084b00000|100%| O|  |TAMS 0x0000000084a00000, 0x0000000084a00000| Untracked 
|  75|0x0000000084b00000, 0x0000000084b37c00, 0x0000000084c00000| 21%| O|  |TAMS 0x0000000084b00000, 0x0000000084b00000| Untracked 
|  76|0x0000000084c00000, 0x0000000084c00000, 0x0000000084d00000|  0%| F|  |TAMS 0x0000000084c00000, 0x0000000084c00000| Untracked 
|  77|0x0000000084d00000, 0x0000000084d00000, 0x0000000084e00000|  0%| F|  |TAMS 0x0000000084d00000, 0x0000000084d00000| Untracked 
|  78|0x0000000084e00000, 0x0000000084e00000, 0x0000000084f00000|  0%| F|  |TAMS 0x0000000084e00000, 0x0000000084e00000| Untracked 
|  79|0x0000000084f00000, 0x0000000084f00000, 0x0000000085000000|  0%| F|  |TAMS 0x0000000084f00000, 0x0000000084f00000| Untracked 
|  80|0x0000000085000000, 0x0000000085000000, 0x0000000085100000|  0%| F|  |TAMS 0x0000000085000000, 0x0000000085000000| Untracked 
|  81|0x0000000085100000, 0x0000000085100000, 0x0000000085200000|  0%| F|  |TAMS 0x0000000085100000, 0x0000000085100000| Untracked 
|  82|0x0000000085200000, 0x0000000085200000, 0x0000000085300000|  0%| F|  |TAMS 0x0000000085200000, 0x0000000085200000| Untracked 
|  83|0x0000000085300000, 0x0000000085300000, 0x0000000085400000|  0%| F|  |TAMS 0x0000000085300000, 0x0000000085300000| Untracked 
|  84|0x0000000085400000, 0x0000000085400000, 0x0000000085500000|  0%| F|  |TAMS 0x0000000085400000, 0x0000000085400000| Untracked 
|  85|0x0000000085500000, 0x0000000085500000, 0x0000000085600000|  0%| F|  |TAMS 0x0000000085500000, 0x0000000085500000| Untracked 
|  86|0x0000000085600000, 0x0000000085600000, 0x0000000085700000|  0%| F|  |TAMS 0x0000000085600000, 0x0000000085600000| Untracked 
|  87|0x0000000085700000, 0x0000000085700000, 0x0000000085800000|  0%| F|  |TAMS 0x0000000085700000, 0x0000000085700000| Untracked 
|  88|0x0000000085800000, 0x0000000085800000, 0x0000000085900000|  0%| F|  |TAMS 0x0000000085800000, 0x0000000085800000| Untracked 
|  89|0x0000000085900000, 0x0000000085900000, 0x0000000085a00000|  0%| F|  |TAMS 0x0000000085900000, 0x0000000085900000| Untracked 
|  90|0x0000000085a00000, 0x0000000085a00000, 0x0000000085b00000|  0%| F|  |TAMS 0x0000000085a00000, 0x0000000085a00000| Untracked 
|  91|0x0000000085b00000, 0x0000000085b00000, 0x0000000085c00000|  0%| F|  |TAMS 0x0000000085b00000, 0x0000000085b00000| Untracked 
|  92|0x0000000085c00000, 0x0000000085c00000, 0x0000000085d00000|  0%| F|  |TAMS 0x0000000085c00000, 0x0000000085c00000| Untracked 
|  93|0x0000000085d00000, 0x0000000085d00000, 0x0000000085e00000|  0%| F|  |TAMS 0x0000000085d00000, 0x0000000085d00000| Untracked 
|  94|0x0000000085e00000, 0x0000000085e00000, 0x0000000085f00000|  0%| F|  |TAMS 0x0000000085e00000, 0x0000000085e00000| Untracked 
|  95|0x0000000085f00000, 0x0000000085fc98d0, 0x0000000086000000| 78%| S|CS|TAMS 0x0000000085f00000, 0x0000000085f00000| Complete 
|  96|0x0000000086000000, 0x0000000086100000, 0x0000000086100000|100%| S|CS|TAMS 0x0000000086000000, 0x0000000086000000| Complete 
|  97|0x0000000086100000, 0x0000000086100000, 0x0000000086200000|  0%| F|  |TAMS 0x0000000086100000, 0x0000000086100000| Untracked 
|  98|0x0000000086200000, 0x0000000086200000, 0x0000000086300000|  0%| F|  |TAMS 0x0000000086200000, 0x0000000086200000| Untracked 
|  99|0x0000000086300000, 0x0000000086300000, 0x0000000086400000|  0%| F|  |TAMS 0x0000000086300000, 0x0000000086300000| Untracked 
| 100|0x0000000086400000, 0x0000000086400000, 0x0000000086500000|  0%| F|  |TAMS 0x0000000086400000, 0x0000000086400000| Untracked 
| 101|0x0000000086500000, 0x0000000086500000, 0x0000000086600000|  0%| F|  |TAMS 0x0000000086500000, 0x0000000086500000| Untracked 
| 102|0x0000000086600000, 0x0000000086600000, 0x0000000086700000|  0%| F|  |TAMS 0x0000000086600000, 0x0000000086600000| Untracked 
| 103|0x0000000086700000, 0x0000000086700000, 0x0000000086800000|  0%| F|  |TAMS 0x0000000086700000, 0x0000000086700000| Untracked 
| 104|0x0000000086800000, 0x0000000086800000, 0x0000000086900000|  0%| F|  |TAMS 0x0000000086800000, 0x0000000086800000| Untracked 
| 105|0x0000000086900000, 0x0000000086900000, 0x0000000086a00000|  0%| F|  |TAMS 0x0000000086900000, 0x0000000086900000| Untracked 
| 106|0x0000000086a00000, 0x0000000086a00000, 0x0000000086b00000|  0%| F|  |TAMS 0x0000000086a00000, 0x0000000086a00000| Untracked 
| 107|0x0000000086b00000, 0x0000000086b92b48, 0x0000000086c00000| 57%| E|  |TAMS 0x0000000086b00000, 0x0000000086b00000| Complete 
| 108|0x0000000086c00000, 0x0000000086d00000, 0x0000000086d00000|100%| E|CS|TAMS 0x0000000086c00000, 0x0000000086c00000| Complete 
| 109|0x0000000086d00000, 0x0000000086e00000, 0x0000000086e00000|100%| E|CS|TAMS 0x0000000086d00000, 0x0000000086d00000| Complete 
| 110|0x0000000086e00000, 0x0000000086f00000, 0x0000000086f00000|100%| E|  |TAMS 0x0000000086e00000, 0x0000000086e00000| Complete 
| 111|0x0000000086f00000, 0x0000000087000000, 0x0000000087000000|100%| E|CS|TAMS 0x0000000086f00000, 0x0000000086f00000| Complete 
| 112|0x0000000087000000, 0x0000000087100000, 0x0000000087100000|100%| E|CS|TAMS 0x0000000087000000, 0x0000000087000000| Complete 
| 113|0x0000000087100000, 0x0000000087200000, 0x0000000087200000|100%| E|CS|TAMS 0x0000000087100000, 0x0000000087100000| Complete 
| 114|0x0000000087200000, 0x0000000087300000, 0x0000000087300000|100%| E|CS|TAMS 0x0000000087200000, 0x0000000087200000| Complete 
| 115|0x0000000087300000, 0x0000000087400000, 0x0000000087400000|100%| E|CS|TAMS 0x0000000087300000, 0x0000000087300000| Complete 

Card table byte_map: [0x00000206963b0000,0x00000206967b0000] _byte_map_base: 0x0000020695fb0000

Marking Bits (Prev, Next): (CMBitMap*) 0x0000020682a9f140, (CMBitMap*) 0x0000020682a9f108
 Prev Bits: [0x0000020698bb0000, 0x000002069abb0000)
 Next Bits: [0x0000020696bb0000, 0x0000020698bb0000)

Polling page: 0x0000020681110000

Metaspace:

Usage:
  Non-class:     73.79 MB capacity,    72.52 MB ( 98%) used,     1.04 MB (  1%) free+waste,   230.94 KB ( <1%) overhead. 
      Class:     11.49 MB capacity,    10.77 MB ( 94%) used,   637.34 KB (  5%) free+waste,   107.13 KB ( <1%) overhead. 
       Both:     85.28 MB capacity,    83.29 MB ( 98%) used,     1.66 MB (  2%) free+waste,   338.06 KB ( <1%) overhead. 

Virtual space:
  Non-class space:       74.00 MB reserved,      74.00 MB (100%) committed 
      Class space:        1.00 GB reserved,      11.57 MB (  1%) committed 
             Both:        1.07 GB reserved,      85.57 MB (  8%) committed 

Chunk freelists:
   Non-Class:  0 bytes
       Class:  0 bytes
        Both:  0 bytes

MaxMetaspaceSize: 17179869184.00 GB
CompressedClassSpaceSize: 1.00 GB

CodeHeap 'non-profiled nmethods': size=120000Kb used=4175Kb max_used=4175Kb free=115824Kb
 bounds [0x000002068e020000, 0x000002068e440000, 0x0000020695550000]
CodeHeap 'profiled nmethods': size=120000Kb used=17876Kb max_used=17876Kb free=102123Kb
 bounds [0x0000020686af0000, 0x0000020687c70000, 0x000002068e020000]
CodeHeap 'non-nmethods': size=5760Kb used=2279Kb max_used=2313Kb free=3480Kb
 bounds [0x0000020686550000, 0x00000206867c0000, 0x0000020686af0000]
 total_blobs=9488 nmethods=8607 adapters=792
 compilation: enabled
              stopped_count=0, restarted_count=0
 full_count=0

Compilation events (20 events):
Event: 29.310 Thread 0x000002069e041800 8774       3       org.gradle.internal.snapshot.AbstractListChildMap::store (72 bytes)
Event: 29.312 Thread 0x000002069e041800 nmethod 8774 0x0000020687c57a10 code [0x0000020687c57cc0, 0x0000020687c58bf8]
Event: 29.312 Thread 0x000002069e041800 8773       1       org.gradle.api.internal.artifacts.dsl.ArtifactFile::getClassifier (5 bytes)
Event: 29.312 Thread 0x000002069e041800 nmethod 8773 0x000002068e433490 code [0x000002068e433640, 0x000002068e4336f8]
Event: 29.313 Thread 0x000002069e041800 8775       3       org.gradle.internal.serialize.HashCodeSerializer::read (23 bytes)
Event: 29.314 Thread 0x000002069e041800 nmethod 8775 0x0000020687c59190 code [0x0000020687c59360, 0x0000020687c596a8]
Event: 29.314 Thread 0x000002069e041800 8776       3       org.gradle.internal.snapshot.AbstractListChildMap::withReplacedChild (78 bytes)
Event: 29.315 Thread 0x000002069e041800 nmethod 8776 0x0000020687c59810 code [0x0000020687c59a80, 0x0000020687c5a6b8]
Event: 29.319 Thread 0x000002069e041800 8777       3       java.lang.invoke.MemberName::asSpecial (89 bytes)
Event: 29.321 Thread 0x000002069e041800 nmethod 8777 0x0000020687c5ab10 code [0x0000020687c5ade0, 0x0000020687c5ba28]
Event: 29.335 Thread 0x000002069e041800 8778       3       java.lang.invoke.MemberName$Factory::resolveOrNull (28 bytes)
Event: 29.336 Thread 0x000002069e041800 nmethod 8778 0x0000020687c5be90 code [0x0000020687c5c060, 0x0000020687c5c2e8]
Event: 29.336 Thread 0x000002069e041800 8779       3       jdk.internal.org.objectweb.asm.ClassWriter::newConst (9 bytes)
Event: 29.336 Thread 0x000002069e041800 nmethod 8779 0x0000020687c5c410 code [0x0000020687c5c5c0, 0x0000020687c5c708]
Event: 29.336 Thread 0x000002069e041800 8780       3       java.lang.invoke.InvokerBytecodeGenerator$CpPatch::<init> (20 bytes)
Event: 29.337 Thread 0x000002069e041800 nmethod 8780 0x0000020687c5c810 code [0x0000020687c5c9c0, 0x0000020687c5cbd8]
Event: 29.337 Thread 0x000002069e041800 8781       3       java.lang.invoke.InvokerBytecodeGenerator::getConstantPoolSize (21 bytes)
Event: 29.337 Thread 0x000002069e041800 nmethod 8781 0x0000020687c5cc90 code [0x0000020687c5ce40, 0x0000020687c5cf78]
Event: 29.338 Thread 0x000002069e041800 8782       3       java.lang.invoke.MethodHandles$Lookup::restrictReceiver (126 bytes)
Event: 29.339 Thread 0x000002069e041800 nmethod 8782 0x0000020687c5d090 code [0x0000020687c5d2a0, 0x0000020687c5d788]

GC Heap History (20 events):
Event: 18.903 GC heap before
{Heap before GC invocations=27 (full 0):
 garbage-first heap   total 98304K, used 81808K [0x0000000080000000, 0x0000000100000000)
  region size 1024K, 19 young (19456K), 2 survivors (2048K)
 Metaspace       used 72881K, capacity 74458K, committed 74572K, reserved 1114112K
  class space    used 9339K, capacity 9961K, committed 10060K, reserved 1048576K
}
Event: 18.908 GC heap after
{Heap after GC invocations=28 (full 0):
 garbage-first heap   total 98304K, used 65608K [0x0000000080000000, 0x0000000100000000)
  region size 1024K, 3 young (3072K), 3 survivors (3072K)
 Metaspace       used 72881K, capacity 74458K, committed 74572K, reserved 1114112K
  class space    used 9339K, capacity 9961K, committed 10060K, reserved 1048576K
}
Event: 19.046 GC heap before
{Heap before GC invocations=29 (full 0):
 garbage-first heap   total 98304K, used 83016K [0x0000000080000000, 0x0000000100000000)
  region size 1024K, 20 young (20480K), 3 survivors (3072K)
 Metaspace       used 73070K, capacity 74727K, committed 74828K, reserved 1114112K
  class space    used 9367K, capacity 9965K, committed 10060K, reserved 1048576K
}
Event: 19.051 GC heap after
{Heap after GC invocations=30 (full 0):
 garbage-first heap   total 98304K, used 66867K [0x0000000080000000, 0x0000000100000000)
  region size 1024K, 3 young (3072K), 3 survivors (3072K)
 Metaspace       used 73070K, capacity 74727K, committed 74828K, reserved 1114112K
  class space    used 9367K, capacity 9965K, committed 10060K, reserved 1048576K
}
Event: 19.269 GC heap before
{Heap before GC invocations=30 (full 0):
 garbage-first heap   total 98304K, used 83251K [0x0000000080000000, 0x0000000100000000)
  region size 1024K, 19 young (19456K), 3 survivors (3072K)
 Metaspace       used 73603K, capacity 75285K, committed 75468K, reserved 1114112K
  class space    used 9447K, capacity 10087K, committed 10188K, reserved 1048576K
}
Event: 19.275 GC heap after
{Heap after GC invocations=31 (full 0):
 garbage-first heap   total 98304K, used 68017K [0x0000000080000000, 0x0000000100000000)
  region size 1024K, 3 young (3072K), 3 survivors (3072K)
 Metaspace       used 73603K, capacity 75285K, committed 75468K, reserved 1114112K
  class space    used 9447K, capacity 10087K, committed 10188K, reserved 1048576K
}
Event: 19.960 GC heap before
{Heap before GC invocations=32 (full 0):
 garbage-first heap   total 98304K, used 83377K [0x0000000080000000, 0x0000000100000000)
  region size 1024K, 18 young (18432K), 3 survivors (3072K)
 Metaspace       used 74867K, capacity 76603K, committed 76876K, reserved 1116160K
  class space    used 9627K, capacity 10288K, committed 10316K, reserved 1048576K
}
Event: 19.965 GC heap after
{Heap after GC invocations=33 (full 0):
 garbage-first heap   total 98304K, used 69211K [0x0000000080000000, 0x0000000100000000)
  region size 1024K, 3 young (3072K), 3 survivors (3072K)
 Metaspace       used 74867K, capacity 76603K, committed 76876K, reserved 1116160K
  class space    used 9627K, capacity 10288K, committed 10316K, reserved 1048576K
}
Event: 20.525 GC heap before
{Heap before GC invocations=33 (full 0):
 garbage-first heap   total 98304K, used 83547K [0x0000000080000000, 0x0000000100000000)
  region size 1024K, 17 young (17408K), 3 survivors (3072K)
 Metaspace       used 75880K, capacity 77635K, committed 77772K, reserved 1116160K
  class space    used 9774K, capacity 10411K, committed 10444K, reserved 1048576K
}
Event: 20.534 GC heap after
{Heap after GC invocations=34 (full 0):
 garbage-first heap   total 98304K, used 70277K [0x0000000080000000, 0x0000000100000000)
  region size 1024K, 3 young (3072K), 3 survivors (3072K)
 Metaspace       used 75880K, capacity 77635K, committed 77772K, reserved 1116160K
  class space    used 9774K, capacity 10411K, committed 10444K, reserved 1048576K
}
Event: 22.058 GC heap before
{Heap before GC invocations=35 (full 0):
 garbage-first heap   total 98304K, used 83589K [0x0000000080000000, 0x0000000100000000)
  region size 1024K, 16 young (16384K), 3 survivors (3072K)
 Metaspace       used 77208K, capacity 79015K, committed 79308K, reserved 1118208K
  class space    used 9956K, capacity 10615K, committed 10700K, reserved 1048576K
}
Event: 22.065 GC heap after
{Heap after GC invocations=36 (full 0):
 garbage-first heap   total 98304K, used 71135K [0x0000000080000000, 0x0000000100000000)
  region size 1024K, 2 young (2048K), 2 survivors (2048K)
 Metaspace       used 77208K, capacity 79015K, committed 79308K, reserved 1118208K
  class space    used 9956K, capacity 10615K, committed 10700K, reserved 1048576K
}
Event: 22.779 GC heap before
{Heap before GC invocations=36 (full 0):
 garbage-first heap   total 98304K, used 84447K [0x0000000080000000, 0x0000000100000000)
  region size 1024K, 15 young (15360K), 2 survivors (2048K)
 Metaspace       used 78608K, capacity 80387K, committed 80588K, reserved 1118208K
  class space    used 10190K, capacity 10852K, committed 10956K, reserved 1048576K
}
Event: 22.785 GC heap after
{Heap after GC invocations=37 (full 0):
 garbage-first heap   total 118784K, used 71774K [0x0000000080000000, 0x0000000100000000)
  region size 1024K, 2 young (2048K), 2 survivors (2048K)
 Metaspace       used 78608K, capacity 80387K, committed 80588K, reserved 1118208K
  class space    used 10190K, capacity 10852K, committed 10956K, reserved 1048576K
}
Event: 25.174 GC heap before
{Heap before GC invocations=38 (full 0):
 garbage-first heap   total 118784K, used 94302K [0x0000000080000000, 0x0000000100000000)
  region size 1024K, 24 young (24576K), 2 survivors (2048K)
 Metaspace       used 81303K, capacity 83078K, committed 83148K, reserved 1122304K
  class space    used 10503K, capacity 11186K, committed 11212K, reserved 1048576K
}
Event: 25.180 GC heap after
{Heap after GC invocations=39 (full 0):
 garbage-first heap   total 118784K, used 73530K [0x0000000080000000, 0x0000000100000000)
  region size 1024K, 3 young (3072K), 3 survivors (3072K)
 Metaspace       used 81303K, capacity 83078K, committed 83148K, reserved 1122304K
  class space    used 10503K, capacity 11186K, committed 11212K, reserved 1048576K
}
Event: 27.066 GC heap before
{Heap before GC invocations=39 (full 0):
 garbage-first heap   total 118784K, used 95034K [0x0000000080000000, 0x0000000100000000)
  region size 1024K, 25 young (25600K), 3 survivors (3072K)
 Metaspace       used 83081K, capacity 84944K, committed 85196K, reserved 1122304K
  class space    used 10652K, capacity 11335K, committed 11468K, reserved 1048576K
}
Event: 27.077 GC heap after
{Heap after GC invocations=40 (full 0):
 garbage-first heap   total 118784K, used 76926K [0x0000000080000000, 0x0000000100000000)
  region size 1024K, 4 young (4096K), 4 survivors (4096K)
 Metaspace       used 83081K, capacity 84944K, committed 85196K, reserved 1122304K
  class space    used 10652K, capacity 11335K, committed 11468K, reserved 1048576K
}
Event: 29.008 GC heap before
{Heap before GC invocations=41 (full 0):
 garbage-first heap   total 118784K, used 96382K [0x0000000080000000, 0x0000000100000000)
  region size 1024K, 23 young (23552K), 4 survivors (4096K)
 Metaspace       used 84778K, capacity 86795K, committed 86988K, reserved 1124352K
  class space    used 10937K, capacity 11680K, committed 11724K, reserved 1048576K
}
Event: 29.016 GC heap after
{Heap after GC invocations=42 (full 0):
 garbage-first heap   total 118784K, used 78853K [0x0000000080000000, 0x0000000100000000)
  region size 1024K, 2 young (2048K), 2 survivors (2048K)
 Metaspace       used 84778K, capacity 86795K, committed 86988K, reserved 1124352K
  class space    used 10937K, capacity 11680K, committed 11724K, reserved 1048576K
}

Deoptimization events (20 events):
Event: 27.326 Thread 0x000002069e412000 DEOPT PACKING pc=0x000002068e26cc3c sp=0x0000009f16ffeda0
Event: 27.326 Thread 0x000002069e412000 DEOPT UNPACKING pc=0x00000206865778af sp=0x0000009f16ffed98 mode 2
Event: 27.336 Thread 0x000002069e412000 Uncommon trap: trap_request=0xffffffc6 fr.pc=0x000002068e26cc3c relative=0x000000000000045c
Event: 27.336 Thread 0x000002069e412000 Uncommon trap: reason=bimorphic_or_optimized_type_check action=maybe_recompile pc=0x000002068e26cc3c method=java.util.Collections$SetFromMap.remove(Ljava/lang/Object;)Z @ 5 c2
Event: 27.336 Thread 0x000002069e412000 DEOPT PACKING pc=0x000002068e26cc3c sp=0x0000009f16ffeda0
Event: 27.336 Thread 0x000002069e412000 DEOPT UNPACKING pc=0x00000206865778af sp=0x0000009f16ffed98 mode 2
Event: 27.337 Thread 0x000002069e412000 Uncommon trap: trap_request=0xffffffc6 fr.pc=0x000002068e26cc3c relative=0x000000000000045c
Event: 27.337 Thread 0x000002069e412000 Uncommon trap: reason=bimorphic_or_optimized_type_check action=maybe_recompile pc=0x000002068e26cc3c method=java.util.Collections$SetFromMap.remove(Ljava/lang/Object;)Z @ 5 c2
Event: 27.337 Thread 0x000002069e412000 DEOPT PACKING pc=0x000002068e26cc3c sp=0x0000009f16ffec40
Event: 27.337 Thread 0x000002069e412000 DEOPT UNPACKING pc=0x00000206865778af sp=0x0000009f16ffec38 mode 2
Event: 27.602 Thread 0x000002069fb4e800 Uncommon trap: trap_request=0xffffffc6 fr.pc=0x000002068e26cc3c relative=0x000000000000045c
Event: 27.603 Thread 0x000002069fb4e800 Uncommon trap: reason=bimorphic_or_optimized_type_check action=maybe_recompile pc=0x000002068e26cc3c method=java.util.Collections$SetFromMap.remove(Ljava/lang/Object;)Z @ 5 c2
Event: 27.603 Thread 0x000002069fb4e800 DEOPT PACKING pc=0x000002068e26cc3c sp=0x0000009f142fb800
Event: 27.603 Thread 0x000002069fb4e800 DEOPT UNPACKING pc=0x00000206865778af sp=0x0000009f142fb7f8 mode 2
Event: 28.423 Thread 0x000002069e411800 DEOPT PACKING pc=0x00000206877222dd sp=0x0000009f16efaef0
Event: 28.423 Thread 0x000002069e411800 DEOPT UNPACKING pc=0x00000206865776ce sp=0x0000009f16efa3a8 mode 0
Event: 29.184 Thread 0x000002069e411800 Uncommon trap: trap_request=0xffffffcc fr.pc=0x000002068e429670 relative=0x0000000000004c30
Event: 29.184 Thread 0x000002069e411800 Uncommon trap: reason=intrinsic_or_type_checked_inlining action=make_not_entrant pc=0x000002068e429670 method=java.util.ArrayList$SubList.toArray([Ljava/lang/Object;)[Ljava/lang/Object; @ 58 c2
Event: 29.184 Thread 0x000002069e411800 DEOPT PACKING pc=0x000002068e429670 sp=0x0000009f16efa990
Event: 29.184 Thread 0x000002069e411800 DEOPT UNPACKING pc=0x00000206865778af sp=0x0000009f16efa928 mode 2

Classes redefined (0 events):
No events

Internal exceptions (20 events):
Event: 25.329 Thread 0x000002069fb4e800 Exception <a 'java/lang/ClassNotFoundException'{0x0000000086fe0748}: org/gradle/api/internal/file/collections/DefaultConfigurableFileCollectionCustomizer> (0x0000000086fe0748) thrown at [./src/hotspot/share/classfile/systemDictionary.cpp, line 231]
Event: 26.645 Thread 0x000002069fb4e800 Exception <a 'java/lang/NoSuchMethodError'{0x00000000861987b8}: <clinit>> (0x00000000861987b8) thrown at [./src/hotspot/share/prims/jni.cpp, line 1362]
Event: 26.679 Thread 0x000002069fb4e800 Exception <a 'java/lang/NoSuchMethodError'{0x00000000861d19d0}: <clinit>> (0x00000000861d19d0) thrown at [./src/hotspot/share/prims/jni.cpp, line 1362]
Event: 27.028 Thread 0x000002069fb4e800 Exception <a 'sun/nio/fs/WindowsException'{0x0000000085fe2d18}> (0x0000000085fe2d18) thrown at [./src/hotspot/share/prims/jni.cpp, line 615]
Event: 27.287 Thread 0x00000206a027e800 Exception <a 'java/lang/NoSuchMethodError'{0x000000008719d0b0}: <clinit>> (0x000000008719d0b0) thrown at [./src/hotspot/share/prims/jni.cpp, line 1362]
Event: 27.290 Thread 0x00000206a027e800 Exception <a 'java/lang/NoSuchMethodError'{0x00000000871a8a20}: <clinit>> (0x00000000871a8a20) thrown at [./src/hotspot/share/prims/jni.cpp, line 1362]
Event: 27.325 Thread 0x00000206a027e800 Exception <a 'java/lang/NoSuchMethodError'{0x0000000087015a40}: <clinit>> (0x0000000087015a40) thrown at [./src/hotspot/share/prims/jni.cpp, line 1362]
Event: 27.330 Thread 0x00000206a027e800 Exception <a 'java/lang/NoSuchMethodError'{0x0000000087041d98}: <clinit>> (0x0000000087041d98) thrown at [./src/hotspot/share/prims/jni.cpp, line 1362]
Event: 27.331 Thread 0x00000206a027e800 Exception <a 'java/lang/NoSuchMethodError'{0x000000008704f800}: <clinit>> (0x000000008704f800) thrown at [./src/hotspot/share/prims/jni.cpp, line 1362]
Event: 27.395 Thread 0x000002069e40a000 Exception <a 'java/lang/NoSuchMethodError'{0x0000000086e90868}: <clinit>> (0x0000000086e90868) thrown at [./src/hotspot/share/prims/jni.cpp, line 1362]
Event: 27.402 Thread 0x000002069e40a000 Exception <a 'java/lang/NoSuchMethodError'{0x0000000086edbc08}: <clinit>> (0x0000000086edbc08) thrown at [./src/hotspot/share/prims/jni.cpp, line 1362]
Event: 27.413 Thread 0x000002069e40a000 Exception <a 'java/lang/NoSuchMethodError'{0x0000000086d01e70}: <clinit>> (0x0000000086d01e70) thrown at [./src/hotspot/share/prims/jni.cpp, line 1362]
Event: 27.605 Thread 0x00000206a027e800 Exception <a 'java/lang/NoSuchMethodError'{0x0000000086b163e0}: <clinit>> (0x0000000086b163e0) thrown at [./src/hotspot/share/prims/jni.cpp, line 1362]
Event: 27.933 Thread 0x000002069fb4e800 Exception <a 'java/lang/NoSuchMethodError'{0x0000000086bf8250}: 'java.lang.Object java.lang.invoke.Invokers$Holder.linkToTargetMethod(java.lang.Object, java.lang.Object, java.lang.Object, int, java.lang.Object, java.lang.Object)'> (0x0000000086bf8250) thrown at [./src/hotspot/share/interpreter/linkResolver.cpp, line 773]
Event: 28.099 Thread 0x000002069fb4e800 Exception <a 'java/lang/IncompatibleClassChangeError'{0x0000000086a62508}: Found class java.lang.Object, but interface was expected> (0x0000000086a62508) thrown at [./src/hotspot/share/interpreter/linkResolver.cpp, line 839]
Event: 28.264 Thread 0x000002069fb4e800 Exception <a 'java/lang/NoSuchMethodError'{0x000000008684ef68}: 'int java.lang.invoke.DirectMethodHandle$Holder.invokeStaticInit(java.lang.Object, java.lang.Object, java.lang.Object, java.lang.Object, java.lang.Object)'> (0x000000008684ef68) thrown at [./src/hotspot/share/interpreter/linkResolver.cpp, line 773]
Event: 29.335 Thread 0x000002069e411800 Exception <a 'java/lang/NoSuchMethodError'{0x0000000086d8c2c0}: 'java.lang.Object java.lang.invoke.DirectMethodHandle$Holder.invokeSpecialIFC(java.lang.Object, java.lang.Object, java.lang.Object)'> (0x0000000086d8c2c0) thrown at [./src/hotspot/share/interpreter/linkResolver.cpp, line 773]
Event: 29.336 Thread 0x00000206a296f000 Exception <a 'java/lang/NoSuchMethodError'{0x0000000086dbd600}: 'java.lang.Object java.lang.invoke.DirectMethodHandle$Holder.invokeSpecialIFC(java.lang.Object, java.lang.Object, java.lang.Object)'> (0x0000000086dbd600) thrown at [./src/hotspot/share/interpreter/linkResolver.cpp, line 773]
Event: 29.336 Thread 0x00000206a296d800 Exception <a 'java/lang/NoSuchMethodError'{0x0000000086d6e740}: 'java.lang.Object java.lang.invoke.DirectMethodHandle$Holder.invokeSpecialIFC(java.lang.Object, java.lang.Object, java.lang.Object)'> (0x0000000086d6e740) thrown at [./src/hotspot/share/interpreter/linkResolver.cpp, line 773]
Event: 29.338 Thread 0x00000206a2970000 Exception <a 'java/lang/NoSuchMethodError'{0x0000000086db22a8}: 'java.lang.Object java.lang.invoke.DirectMethodHandle$Holder.invokeSpecialIFC(java.lang.Object, java.lang.Object, java.lang.Object)'> (0x0000000086db22a8) thrown at [./src/hotspot/share/interpreter/linkResolver.cpp, line 773]

Events (20 events):
Event: 29.339 loading class org/gradle/api/internal/artifacts/transform/CacheableInvocation
Event: 29.339 loading class org/gradle/api/internal/artifacts/transform/CacheableInvocation done
Event: 29.339 loading class org/gradle/api/internal/artifacts/transform/BoundTransformationStep
Event: 29.339 loading class org/gradle/api/internal/artifacts/transform/BoundTransformationStep done
Event: 29.339 loading class org/gradle/api/internal/artifacts/transform/BoundTransformationStep
Event: 29.339 loading class org/gradle/api/internal/artifacts/transform/BoundTransformationStep done
Event: 29.339 loading class org/gradle/api/internal/artifacts/transform/CacheableInvocation
Event: 29.339 loading class org/gradle/api/internal/artifacts/transform/CacheableInvocation done
Event: 29.339 loading class org/gradle/api/internal/artifacts/transform/CacheableInvocation
Event: 29.339 loading class org/gradle/api/internal/artifacts/transform/CacheableInvocation done
Event: 29.339 loading class org/gradle/api/internal/artifacts/transform/CacheableInvocation
Event: 29.339 loading class org/gradle/api/internal/artifacts/transform/CacheableInvocation done
Event: 29.340 loading class org/gradle/api/internal/artifacts/transform/CacheableInvocation
Event: 29.340 loading class org/gradle/api/internal/artifacts/transform/CacheableInvocation done
Event: 29.340 loading class org/gradle/api/internal/artifacts/transform/DefaultTransformerInvocationFactory$1
Event: 29.340 loading class org/gradle/api/internal/artifacts/transform/DefaultTransformerInvocationFactory$1 done
Event: 29.340 loading class org/gradle/api/internal/artifacts/transform/DefaultTransformerInvocationFactory$1
Event: 29.340 loading class org/gradle/api/internal/artifacts/transform/DefaultTransformerInvocationFactory$1 done
Event: 29.340 loading class org/gradle/api/internal/artifacts/transform/DefaultTransformerInvocationFactory$1
Event: 29.340 loading class org/gradle/api/internal/artifacts/transform/DefaultTransformerInvocationFactory$1 done


Dynamic libraries:
0x00007ff7ba140000 - 0x00007ff7ba14a000 	C:\Program Files\Android\Android Studio\jre\bin\java.exe
0x00007ffe2bd10000 - 0x00007ffe2bf05000 	C:\WINDOWS\SYSTEM32\ntdll.dll
0x00007ffe2a5e0000 - 0x00007ffe2a69e000 	C:\WINDOWS\System32\KERNEL32.DLL
0x00007ffe29900000 - 0x00007ffe29bc9000 	C:\WINDOWS\System32\KERNELBASE.dll
0x00007ffe29490000 - 0x00007ffe29590000 	C:\WINDOWS\System32\ucrtbase.dll
0x00007ffe1b7d0000 - 0x00007ffe1b7e7000 	C:\Program Files\Android\Android Studio\jre\bin\VCRUNTIME140.dll
0x00007ffe14d60000 - 0x00007ffe14d79000 	C:\Program Files\Android\Android Studio\jre\bin\jli.dll
0x00007ffe29d60000 - 0x00007ffe29f01000 	C:\WINDOWS\System32\USER32.dll
0x00007ffe0d700000 - 0x00007ffe0d99a000 	C:\WINDOWS\WinSxS\amd64_microsoft.windows.common-controls_6595b64144ccf1df_6.0.19041.1110_none_60b5254171f9507e\COMCTL32.dll
0x00007ffe29630000 - 0x00007ffe29652000 	C:\WINDOWS\System32\win32u.dll
0x00007ffe2b7b0000 - 0x00007ffe2b84e000 	C:\WINDOWS\System32\msvcrt.dll
0x00007ffe2aa40000 - 0x00007ffe2aa6b000 	C:\WINDOWS\System32\GDI32.dll
0x00007ffe297c0000 - 0x00007ffe298cb000 	C:\WINDOWS\System32\gdi32full.dll
0x00007ffe29590000 - 0x00007ffe2962d000 	C:\WINDOWS\System32\msvcp_win.dll
0x00007ffe2a8b0000 - 0x00007ffe2a8e0000 	C:\WINDOWS\System32\IMM32.DLL
0x00007ffe04970000 - 0x00007ffe04a0d000 	C:\Program Files\Android\Android Studio\jre\bin\msvcp140.dll
0x00007ffdc00d0000 - 0x00007ffdc0b9f000 	C:\Program Files\Android\Android Studio\jre\bin\server\jvm.dll
0x00007ffe29f10000 - 0x00007ffe29fbc000 	C:\WINDOWS\System32\ADVAPI32.dll
0x00007ffe2ab40000 - 0x00007ffe2abdb000 	C:\WINDOWS\System32\sechost.dll
0x00007ffe2acc0000 - 0x00007ffe2adea000 	C:\WINDOWS\System32\RPCRT4.dll
0x00007ffe2abe0000 - 0x00007ffe2abe8000 	C:\WINDOWS\System32\PSAPI.DLL
0x00007ffdfe680000 - 0x00007ffdfe689000 	C:\WINDOWS\SYSTEM32\WSOCK32.dll
0x00007ffe2aad0000 - 0x00007ffe2ab3b000 	C:\WINDOWS\System32\WS2_32.dll
0x00007ffe1eac0000 - 0x00007ffe1eae7000 	C:\WINDOWS\SYSTEM32\WINMM.dll
0x00007ffe1fef0000 - 0x00007ffe1fefa000 	C:\WINDOWS\SYSTEM32\VERSION.dll
0x00007ffe27ce0000 - 0x00007ffe27cf2000 	C:\WINDOWS\SYSTEM32\kernel.appcore.dll
0x00007ffdfcf80000 - 0x00007ffdfcf91000 	C:\Program Files\Android\Android Studio\jre\bin\verify.dll
0x00007ffe27a90000 - 0x00007ffe27c74000 	C:\WINDOWS\SYSTEM32\DBGHELP.DLL
0x00007ffe12260000 - 0x00007ffe1228c000 	C:\WINDOWS\SYSTEM32\dbgcore.DLL
0x00007ffe29c80000 - 0x00007ffe29d03000 	C:\WINDOWS\System32\bcryptPrimitives.dll
0x00007ffdfbf80000 - 0x00007ffdfbfa9000 	C:\Program Files\Android\Android Studio\jre\bin\java.dll
0x00007ffdfe670000 - 0x00007ffdfe67b000 	C:\Program Files\Android\Android Studio\jre\bin\jimage.dll
0x00007ffdfbc00000 - 0x00007ffdfbc18000 	C:\Program Files\Android\Android Studio\jre\bin\zip.dll
0x00007ffe2af20000 - 0x00007ffe2b65f000 	C:\WINDOWS\System32\SHELL32.dll
0x00007ffe27300000 - 0x00007ffe27a90000 	C:\WINDOWS\SYSTEM32\windows.storage.dll
0x00007ffe29fc0000 - 0x00007ffe2a315000 	C:\WINDOWS\System32\combase.dll
0x00007ffe28e10000 - 0x00007ffe28e3c000 	C:\WINDOWS\SYSTEM32\Wldp.dll
0x00007ffe2a320000 - 0x00007ffe2a3ce000 	C:\WINDOWS\System32\SHCORE.dll
0x00007ffe2b750000 - 0x00007ffe2b7a5000 	C:\WINDOWS\System32\shlwapi.dll
0x00007ffe29370000 - 0x00007ffe2938f000 	C:\WINDOWS\SYSTEM32\profapi.dll
0x00007ffdf9860000 - 0x00007ffdf987a000 	C:\Program Files\Android\Android Studio\jre\bin\net.dll
0x00007ffe1b970000 - 0x00007ffe1ba78000 	C:\WINDOWS\SYSTEM32\WINHTTP.dll
0x00007ffe28b10000 - 0x00007ffe28b7a000 	C:\WINDOWS\system32\mswsock.dll
0x00007ffdf9730000 - 0x00007ffdf9744000 	C:\Program Files\Android\Android Studio\jre\bin\nio.dll
0x00007ffdf3670000 - 0x00007ffdf3697000 	C:\Users\adal_\.gradle\native\8bec1ad78214c89d9ad589b4d07fe93259594b29d510b10fafb7a158f7737e5d\windows-amd64\native-platform.dll
0x00007ffdf0580000 - 0x00007ffdf06bd000 	C:\Users\adal_\.gradle\native\53dbd7edfb1c66fb8903c78663c9afc45aea4f116125fa6feffd364cf09443e8\windows-amd64\native-platform-file-events.dll
0x00007ffdfbda0000 - 0x00007ffdfbdaa000 	C:\Program Files\Android\Android Studio\jre\bin\management.dll
0x00007ffdf9850000 - 0x00007ffdf985c000 	C:\Program Files\Android\Android Studio\jre\bin\management_ext.dll
0x00007ffe28d60000 - 0x00007ffe28d78000 	C:\WINDOWS\SYSTEM32\CRYPTSP.dll
0x00007ffe28490000 - 0x00007ffe284c4000 	C:\WINDOWS\system32\rsaenh.dll
0x00007ffe298d0000 - 0x00007ffe298f7000 	C:\WINDOWS\System32\bcrypt.dll
0x00007ffe292f0000 - 0x00007ffe2931e000 	C:\WINDOWS\SYSTEM32\USERENV.dll
0x00007ffe28d80000 - 0x00007ffe28d8c000 	C:\WINDOWS\SYSTEM32\CRYPTBASE.dll
0x00007ffe28800000 - 0x00007ffe2883b000 	C:\WINDOWS\SYSTEM32\IPHLPAPI.DLL
0x00007ffe2b660000 - 0x00007ffe2b668000 	C:\WINDOWS\System32\NSI.dll
0x00007ffe1ea70000 - 0x00007ffe1ea87000 	C:\WINDOWS\SYSTEM32\dhcpcsvc6.DLL
0x00007ffe1f330000 - 0x00007ffe1f34d000 	C:\WINDOWS\SYSTEM32\dhcpcsvc.DLL
0x00007ffe28840000 - 0x00007ffe2890c000 	C:\WINDOWS\SYSTEM32\DNSAPI.dll

dbghelp: loaded successfully - version: 4.0.5 - missing functions: none
symbol engine: initialized successfully - sym options: 0x614 - pdb path: .;C:\Program Files\Android\Android Studio\jre\bin;C:\WINDOWS\SYSTEM32;C:\WINDOWS\WinSxS\amd64_microsoft.windows.common-controls_6595b64144ccf1df_6.0.19041.1110_none_60b5254171f9507e;C:\Program Files\Android\Android Studio\jre\bin\server;C:\Users\adal_\.gradle\native\8bec1ad78214c89d9ad589b4d07fe93259594b29d510b10fafb7a158f7737e5d\windows-amd64;C:\Users\adal_\.gradle\native\53dbd7edfb1c66fb8903c78663c9afc45aea4f116125fa6feffd364cf09443e8\windows-amd64

VM Arguments:
jvm_args: --add-opens=java.base/java.util=ALL-UNNAMED --add-opens=java.base/java.lang=ALL-UNNAMED --add-opens=java.base/java.lang.invoke=ALL-UNNAMED --add-opens=java.base/java.util=ALL-UNNAMED --add-opens=java.prefs/java.util.prefs=ALL-UNNAMED --add-opens=java.prefs/java.util.prefs=ALL-UNNAMED --add-opens=java.base/java.nio.charset=ALL-UNNAMED --add-opens=java.base/java.net=ALL-UNNAMED --add-opens=java.base/java.util.concurrent.atomic=ALL-UNNAMED -Xmx2048m -Dfile.encoding=UTF-8 -Duser.country=MX -Duser.language=es -Duser.variant 
java_command: org.gradle.launcher.daemon.bootstrap.GradleDaemon 7.0.2
java_class_path (initial): C:\Users\adal_\.gradle\wrapper\dists\gradle-7.0.2-bin\857tjihv64xamwrf0h14cai3r\gradle-7.0.2\lib\gradle-launcher-7.0.2.jar
Launcher Type: SUN_STANDARD

[Global flags]
     intx CICompilerCount                          = 4                                         {product} {ergonomic}
     uint ConcGCThreads                            = 2                                         {product} {ergonomic}
     uint G1ConcRefinementThreads                  = 8                                         {product} {ergonomic}
   size_t G1HeapRegionSize                         = 1048576                                   {product} {ergonomic}
    uintx GCDrainStackTargetSize                   = 64                                        {product} {ergonomic}
   size_t InitialHeapSize                          = 100663296                                 {product} {ergonomic}
   size_t MarkStackSize                            = 4194304                                   {product} {ergonomic}
   size_t MaxHeapSize                              = 2147483648                                {product} {command line}
   size_t MaxNewSize                               = 1287651328                                {product} {ergonomic}
   size_t MinHeapDeltaBytes                        = 1048576                                   {product} {ergonomic}
    uintx NonNMethodCodeHeapSize                   = 5836300                                {pd product} {ergonomic}
    uintx NonProfiledCodeHeapSize                  = 122910970                              {pd product} {ergonomic}
    uintx ProfiledCodeHeapSize                     = 122910970                              {pd product} {ergonomic}
    uintx ReservedCodeCacheSize                    = 251658240                              {pd product} {ergonomic}
     bool SegmentedCodeCache                       = true                                      {product} {ergonomic}
     bool UseCompressedClassPointers               = true                                 {lp64_product} {ergonomic}
     bool UseCompressedOops                        = true                                 {lp64_product} {ergonomic}
     bool UseG1GC                                  = true                                      {product} {ergonomic}
     bool UseLargePagesIndividualAllocation        = false                                  {pd product} {ergonomic}

Logging:
Log output configuration:
 #0: stdout all=warning uptime,level,tags
 #1: stderr all=off uptime,level,tags

Environment Variables:
JAVA_HOME=C:\Program Files\Eclipse Foundation\jdk-8.0.302.8-hotspot\
PATH=C:\Program Files\Eclipse Foundation\jdk-8.0.302.8-hotspot\bin;C:\VulkanSDK\1.2.182.0\Bin;C:\Program Files (x86)\NVIDIA Corporation\PhysX\Common;C:\Program Files (x86)\Common Files\Oracle\Java\javapath;C:\WINDOWS\system32;C:\WINDOWS;C:\WINDOWS\System32\Wbem;C:\WINDOWS\System32\WindowsPowerShell\v1.0\;C:\WINDOWS\System32\OpenSSH\;C:\Program Files\Java\jre1.8.0_241\bin;C:\Program Files\dotnet\;C:\Opencv-4.2.0\opencv\build\x64\vc15\bin;C:\apache-cassandra-3.11.11\bin;C:\Python27;C:\Python27\Scripts;C:\Program Files\Git\cmd;C:\Users\adal_\AppData\Local\Programs\Python\Python39\Scripts\;C:\Users\adal_\AppData\Local\Programs\Python\Python39\;C:\Users\adal_\AppData\Local\Microsoft\WindowsApps;C:\Users\adal_\.dotnet\tools
USERNAME=adal_
OS=Windows_NT
PROCESSOR_IDENTIFIER=AMD64 Family 23 Model 24 Stepping 1, AuthenticAMD



---------------  S Y S T E M  ---------------

OS: Windows 10 , 64 bit Build 19041 (10.0.19041.1202)
OS uptime: 2 days 4:22 hours

CPU:total 8 (initial active 8) (8 cores per cpu, 2 threads per core) family 23 model 24 stepping 1 microcode 0x0, cmov, cx8, fxsr, mmx, sse, sse2, sse3, ssse3, sse4.1, sse4.2, popcnt, avx, avx2, aes, clmul, mmxext, 3dnowpref, lzcnt, sse4a, ht, tsc, tscinvbit, tscinv, bmi1, bmi2, adx, s

Memory: 4k page, system-wide physical 6057M (183M free)
TotalPageFile size 24489M (AvailPageFile size 0M)
current process WorkingSet (physical memory assigned to process): 313M, peak: 317M
current process commit charge ("private bytes"): 374M, peak: 375M

vm_info: OpenJDK 64-Bit Server VM (11.0.10+0-b96-7249189) for windows-amd64 JRE (11.0.10+0-b96-7249189), built on Mar 31 2021 21:44:00 by "builder" with MS VC++ 14.0 (VS2015)

END.
