#
# There is insufficient memory for the Java Runtime Environment to continue.
# Native memory allocation (malloc) failed to allocate 676496 bytes for Chunk::new
# Possible reasons:
#   The system is out of physical RAM or swap space
#   The process is running with CompressedOops enabled, and the Java Heap may be blocking the growth of the native heap
# Possible solutions:
#   Reduce memory load on the system
#   Increase physical memory or swap space
#   Check if swap backing store is full
#   Decrease Java heap size (-Xmx/-Xms)
#   Decrease number of Java threads
#   Decrease Java thread stack sizes (-Xss)
#   Set larger code cache with -XX:ReservedCodeCacheSize=
#   JVM is running with Unscaled Compressed Oops mode in which the Java heap is
#     placed in the first 4GB address space. The Java Heap base address is the
#     maximum limit for the native heap growth. Please use -XX:HeapBaseMinAddress
#     to set the Java Heap base and to place the Java Heap above 4GB virtual address.
# This output file may be truncated or incomplete.
#
#  Out of Memory Error (./src/hotspot/share/memory/arena.cpp:197), pid=16768, tid=18056
#
# JRE version: OpenJDK Runtime Environment (11.0.10) (build 11.0.10+0-b96-7249189)
# Java VM: OpenJDK 64-Bit Server VM (11.0.10+0-b96-7249189, mixed mode, tiered, compressed oops, g1 gc, windows-amd64)
# No core dump will be written. Minidumps are not enabled by default on client versions of Windows
#

---------------  S U M M A R Y ------------

Command Line: org.jetbrains.kotlin.cli.jvm.K2JVMCompiler @C:\Users\adal_\AndroidStudioProjects\FoodyKraveProyect\app\build\20210925_18203491644179795718.compiler.options

Host: AMD Ryzen 5 3500U with Radeon Vega Mobile Gfx  , 8 cores, 5G,  Windows 10 , 64 bit Build 19041 (10.0.19041.1202)
Time: Sat Sep 25 15:25:12 2021 Hora de verano central (México) elapsed time: 2.167366 seconds (0d 0h 0m 2s)

---------------  T H R E A D  ---------------

Current thread (0x000002b0d3eb7000):  JavaThread "C2 CompilerThread0" daemon [_thread_in_native, id=18056, stack(0x000000f964500000,0x000000f964600000)]


Current CompileTask:
C2:   2167 1917   !   4       jdk.internal.loader.BuiltinClassLoader::loadClassOrNull (143 bytes)

Stack: [0x000000f964500000,0x000000f964600000]
Native frames: (J=compiled Java code, j=interpreted, Vv=VM code, C=native code)
V  [jvm.dll+0x5ecfaa]
V  [jvm.dll+0x722bd5]
V  [jvm.dll+0x72412d]
V  [jvm.dll+0x7247e3]
V  [jvm.dll+0x242928]
V  [jvm.dll+0xbc4fc]
V  [jvm.dll+0xbca0c]
V  [jvm.dll+0x2b4fd4]
V  [jvm.dll+0x506028]
V  [jvm.dll+0x1fc985]
V  [jvm.dll+0x1fa77f]
V  [jvm.dll+0x18354c]
V  [jvm.dll+0x208ee7]
V  [jvm.dll+0x207731]
V  [jvm.dll+0x6eb1cf]
V  [jvm.dll+0x6e3d45]
V  [jvm.dll+0x5ebe96]
C  [ucrtbase.dll+0x21bb2]
C  [KERNEL32.DLL+0x17034]
C  [ntdll.dll+0x52651]


---------------  P R O C E S S  ---------------

Threads class SMR info:
_java_thread_list=0x000002b0d497ce00, length=10, elements={
0x000002b0badea800, 0x000002b0d3e94800, 0x000002b0d3e9d000, 0x000002b0d3eb0800,
0x000002b0d3eb2000, 0x000002b0d3eb3000, 0x000002b0d3eb7000, 0x000002b0d3ec0000,
0x000002b0d3ec4800, 0x000002b0d4989800
}

Java Threads: ( => current thread )
  0x000002b0badea800 JavaThread "main" [_thread_in_native, id=6804, stack(0x000000f963900000,0x000000f963a00000)]
  0x000002b0d3e94800 JavaThread "Reference Handler" daemon [_thread_blocked, id=14172, stack(0x000000f964000000,0x000000f964100000)]
  0x000002b0d3e9d000 JavaThread "Finalizer" daemon [_thread_blocked, id=10868, stack(0x000000f964100000,0x000000f964200000)]
  0x000002b0d3eb0800 JavaThread "Signal Dispatcher" daemon [_thread_blocked, id=6208, stack(0x000000f964200000,0x000000f964300000)]
  0x000002b0d3eb2000 JavaThread "Attach Listener" daemon [_thread_blocked, id=18556, stack(0x000000f964300000,0x000000f964400000)]
  0x000002b0d3eb3000 JavaThread "Service Thread" daemon [_thread_blocked, id=17632, stack(0x000000f964400000,0x000000f964500000)]
=>0x000002b0d3eb7000 JavaThread "C2 CompilerThread0" daemon [_thread_in_native, id=18056, stack(0x000000f964500000,0x000000f964600000)]
  0x000002b0d3ec0000 JavaThread "C1 CompilerThread0" daemon [_thread_blocked, id=17600, stack(0x000000f964600000,0x000000f964700000)]
  0x000002b0d3ec4800 JavaThread "Sweeper thread" daemon [_thread_blocked, id=12852, stack(0x000000f964700000,0x000000f964800000)]
  0x000002b0d4989800 JavaThread "Common-Cleaner" daemon [_thread_blocked, id=3892, stack(0x000000f964900000,0x000000f964a00000)]

Other Threads:
  0x000002b0d3e6f000 VMThread "VM Thread" [stack: 0x000000f963f00000,0x000000f964000000] [id=16732]
  0x000002b0d497f000 WatcherThread [stack: 0x000000f964800000,0x000000f964900000] [id=18392]
  0x000002b0bae01800 GCTaskThread "GC Thread#0" [stack: 0x000000f963a00000,0x000000f963b00000] [id=15808]
  0x000002b0d4f99800 GCTaskThread "GC Thread#1" [stack: 0x000000f964a00000,0x000000f964b00000] [id=17828]
  0x000002b0bae29000 ConcurrentGCThread "G1 Main Marker" [stack: 0x000000f963b00000,0x000000f963c00000] [id=15516]
  0x000002b0bae2b800 ConcurrentGCThread "G1 Conc#0" [stack: 0x000000f963c00000,0x000000f963d00000] [id=2164]
  0x000002b0d5b20800 ConcurrentGCThread "G1 Conc#1" [stack: 0x000000f964b00000,0x000000f964c00000] [id=9864]
  0x000002b0baeb3000 ConcurrentGCThread "G1 Refine#0" [stack: 0x000000f963d00000,0x000000f963e00000] [id=1340]
  0x000002b0baeb4000 ConcurrentGCThread "G1 Young RemSet Sampling" [stack: 0x000000f963e00000,0x000000f963f00000] [id=17416]

Threads with active compile tasks:
C2 CompilerThread0   2189 1917   !   4       jdk.internal.loader.BuiltinClassLoader::loadClassOrNull (143 bytes)

VM state:not at safepoint (normal execution)

VM Mutex/Monitor currently owned by a thread: None

Heap address: 0x00000000a1400000, size: 1516 MB, Compressed Oops mode: 32-bit
Narrow klass base: 0x0000000000000000, Narrow klass shift: 3
Compressed class space size: 1073741824 Address: 0x0000000100000000

Heap:
 garbage-first heap   total 98304K, used 38219K [0x00000000a1400000, 0x0000000100000000)
  region size 1024K, 30 young (30720K), 7 survivors (7168K)
 Metaspace       used 26932K, capacity 27245K, committed 27388K, reserved 1073152K
  class space    used 2872K, capacity 3004K, committed 3072K, reserved 1048576K
Heap Regions: E=young(eden), S=young(survivor), O=old, HS=humongous(starts), HC=humongous(continues), CS=collection set, F=free, A=archive, TAMS=top-at-mark-start (previous, next)
|   0|0x00000000a1400000, 0x00000000a1500000, 0x00000000a1500000|100%|HS|  |TAMS 0x00000000a1500000, 0x00000000a1400000| Complete 
|   1|0x00000000a1500000, 0x00000000a1600000, 0x00000000a1600000|100%|HC|  |TAMS 0x00000000a1600000, 0x00000000a1500000| Complete 
|   2|0x00000000a1600000, 0x00000000a1700000, 0x00000000a1700000|100%|HC|  |TAMS 0x00000000a1700000, 0x00000000a1600000| Complete 
|   3|0x00000000a1700000, 0x00000000a1800000, 0x00000000a1800000|100%|HS|  |TAMS 0x00000000a1700000, 0x00000000a1700000| Complete 
|   4|0x00000000a1800000, 0x00000000a1900000, 0x00000000a1900000|100%|HC|  |TAMS 0x00000000a1800000, 0x00000000a1800000| Complete 
|   5|0x00000000a1900000, 0x00000000a1a00000, 0x00000000a1a00000|100%|HC|  |TAMS 0x00000000a1900000, 0x00000000a1900000| Complete 
|   6|0x00000000a1a00000, 0x00000000a1b00000, 0x00000000a1b00000|100%|HS|  |TAMS 0x00000000a1a00000, 0x00000000a1a00000| Complete 
|   7|0x00000000a1b00000, 0x00000000a1c00000, 0x00000000a1c00000|100%|HC|  |TAMS 0x00000000a1b00000, 0x00000000a1b00000| Complete 
|   8|0x00000000a1c00000, 0x00000000a1d00000, 0x00000000a1d00000|100%|HC|  |TAMS 0x00000000a1c00000, 0x00000000a1c00000| Complete 
|   9|0x00000000a1d00000, 0x00000000a1d00000, 0x00000000a1e00000|  0%| F|  |TAMS 0x00000000a1d00000, 0x00000000a1d00000| Untracked 
|  10|0x00000000a1e00000, 0x00000000a1e00000, 0x00000000a1f00000|  0%| F|  |TAMS 0x00000000a1e00000, 0x00000000a1e00000| Untracked 
|  11|0x00000000a1f00000, 0x00000000a1f00000, 0x00000000a2000000|  0%| F|  |TAMS 0x00000000a1f00000, 0x00000000a1f00000| Untracked 
|  12|0x00000000a2000000, 0x00000000a2000000, 0x00000000a2100000|  0%| F|  |TAMS 0x00000000a2000000, 0x00000000a2000000| Untracked 
|  13|0x00000000a2100000, 0x00000000a2100000, 0x00000000a2200000|  0%| F|  |TAMS 0x00000000a2100000, 0x00000000a2100000| Untracked 
|  14|0x00000000a2200000, 0x00000000a2200000, 0x00000000a2300000|  0%| F|  |TAMS 0x00000000a2200000, 0x00000000a2200000| Untracked 
|  15|0x00000000a2300000, 0x00000000a2300000, 0x00000000a2400000|  0%| F|  |TAMS 0x00000000a2300000, 0x00000000a2300000| Untracked 
|  16|0x00000000a2400000, 0x00000000a2400000, 0x00000000a2500000|  0%| F|  |TAMS 0x00000000a2400000, 0x00000000a2400000| Untracked 
|  17|0x00000000a2500000, 0x00000000a2500000, 0x00000000a2600000|  0%| F|  |TAMS 0x00000000a2500000, 0x00000000a2500000| Untracked 
|  18|0x00000000a2600000, 0x00000000a2600000, 0x00000000a2700000|  0%| F|  |TAMS 0x00000000a2600000, 0x00000000a2600000| Untracked 
|  19|0x00000000a2700000, 0x00000000a2700000, 0x00000000a2800000|  0%| F|  |TAMS 0x00000000a2700000, 0x00000000a2700000| Untracked 
|  20|0x00000000a2800000, 0x00000000a2800000, 0x00000000a2900000|  0%| F|  |TAMS 0x00000000a2800000, 0x00000000a2800000| Untracked 
|  21|0x00000000a2900000, 0x00000000a2900000, 0x00000000a2a00000|  0%| F|  |TAMS 0x00000000a2900000, 0x00000000a2900000| Untracked 
|  22|0x00000000a2a00000, 0x00000000a2a00000, 0x00000000a2b00000|  0%| F|  |TAMS 0x00000000a2a00000, 0x00000000a2a00000| Untracked 
|  23|0x00000000a2b00000, 0x00000000a2b00000, 0x00000000a2c00000|  0%| F|  |TAMS 0x00000000a2b00000, 0x00000000a2b00000| Untracked 
|  24|0x00000000a2c00000, 0x00000000a2c00000, 0x00000000a2d00000|  0%| F|  |TAMS 0x00000000a2c00000, 0x00000000a2c00000| Untracked 
|  25|0x00000000a2d00000, 0x00000000a2d00000, 0x00000000a2e00000|  0%| F|  |TAMS 0x00000000a2d00000, 0x00000000a2d00000| Untracked 
|  26|0x00000000a2e00000, 0x00000000a2e00000, 0x00000000a2f00000|  0%| F|  |TAMS 0x00000000a2e00000, 0x00000000a2e00000| Untracked 
|  27|0x00000000a2f00000, 0x00000000a2f00000, 0x00000000a3000000|  0%| F|  |TAMS 0x00000000a2f00000, 0x00000000a2f00000| Untracked 
|  28|0x00000000a3000000, 0x00000000a3000000, 0x00000000a3100000|  0%| F|  |TAMS 0x00000000a3000000, 0x00000000a3000000| Untracked 
|  29|0x00000000a3100000, 0x00000000a3100000, 0x00000000a3200000|  0%| F|  |TAMS 0x00000000a3100000, 0x00000000a3100000| Untracked 
|  30|0x00000000a3200000, 0x00000000a3200000, 0x00000000a3300000|  0%| F|  |TAMS 0x00000000a3200000, 0x00000000a3200000| Untracked 
|  31|0x00000000a3300000, 0x00000000a3300000, 0x00000000a3400000|  0%| F|  |TAMS 0x00000000a3300000, 0x00000000a3300000| Untracked 
|  32|0x00000000a3400000, 0x00000000a3400000, 0x00000000a3500000|  0%| F|  |TAMS 0x00000000a3400000, 0x00000000a3400000| Untracked 
|  33|0x00000000a3500000, 0x00000000a3500000, 0x00000000a3600000|  0%| F|  |TAMS 0x00000000a3500000, 0x00000000a3500000| Untracked 
|  34|0x00000000a3600000, 0x00000000a3600000, 0x00000000a3700000|  0%| F|  |TAMS 0x00000000a3600000, 0x00000000a3600000| Untracked 
|  35|0x00000000a3700000, 0x00000000a3700000, 0x00000000a3800000|  0%| F|  |TAMS 0x00000000a3700000, 0x00000000a3700000| Untracked 
|  36|0x00000000a3800000, 0x00000000a3800000, 0x00000000a3900000|  0%| F|  |TAMS 0x00000000a3800000, 0x00000000a3800000| Untracked 
|  37|0x00000000a3900000, 0x00000000a3900000, 0x00000000a3a00000|  0%| F|  |TAMS 0x00000000a3900000, 0x00000000a3900000| Untracked 
|  38|0x00000000a3a00000, 0x00000000a3a00000, 0x00000000a3b00000|  0%| F|  |TAMS 0x00000000a3a00000, 0x00000000a3a00000| Untracked 
|  39|0x00000000a3b00000, 0x00000000a3b00000, 0x00000000a3c00000|  0%| F|  |TAMS 0x00000000a3b00000, 0x00000000a3b00000| Untracked 
|  40|0x00000000a3c00000, 0x00000000a3c00000, 0x00000000a3d00000|  0%| F|  |TAMS 0x00000000a3c00000, 0x00000000a3c00000| Untracked 
|  41|0x00000000a3d00000, 0x00000000a3d00000, 0x00000000a3e00000|  0%| F|  |TAMS 0x00000000a3d00000, 0x00000000a3d00000| Untracked 
|  42|0x00000000a3e00000, 0x00000000a3e00000, 0x00000000a3f00000|  0%| F|  |TAMS 0x00000000a3e00000, 0x00000000a3e00000| Untracked 
|  43|0x00000000a3f00000, 0x00000000a3f00000, 0x00000000a4000000|  0%| F|  |TAMS 0x00000000a3f00000, 0x00000000a3f00000| Untracked 
|  44|0x00000000a4000000, 0x00000000a4000000, 0x00000000a4100000|  0%| F|  |TAMS 0x00000000a4000000, 0x00000000a4000000| Untracked 
|  45|0x00000000a4100000, 0x00000000a4100000, 0x00000000a4200000|  0%| F|  |TAMS 0x00000000a4100000, 0x00000000a4100000| Untracked 
|  46|0x00000000a4200000, 0x00000000a4200000, 0x00000000a4300000|  0%| F|  |TAMS 0x00000000a4200000, 0x00000000a4200000| Untracked 
|  47|0x00000000a4300000, 0x00000000a4300000, 0x00000000a4400000|  0%| F|  |TAMS 0x00000000a4300000, 0x00000000a4300000| Untracked 
|  48|0x00000000a4400000, 0x00000000a4400000, 0x00000000a4500000|  0%| F|  |TAMS 0x00000000a4400000, 0x00000000a4400000| Untracked 
|  49|0x00000000a4500000, 0x00000000a4552e90, 0x00000000a4600000| 32%| S|CS|TAMS 0x00000000a4500000, 0x00000000a4500000| Complete 
|  50|0x00000000a4600000, 0x00000000a4700000, 0x00000000a4700000|100%| S|CS|TAMS 0x00000000a4600000, 0x00000000a4600000| Complete 
|  51|0x00000000a4700000, 0x00000000a4800000, 0x00000000a4800000|100%| S|CS|TAMS 0x00000000a4700000, 0x00000000a4700000| Complete 
|  52|0x00000000a4800000, 0x00000000a4900000, 0x00000000a4900000|100%| S|CS|TAMS 0x00000000a4800000, 0x00000000a4800000| Complete 
|  53|0x00000000a4900000, 0x00000000a4a00000, 0x00000000a4a00000|100%| S|CS|TAMS 0x00000000a4900000, 0x00000000a4900000| Complete 
|  54|0x00000000a4a00000, 0x00000000a4b00000, 0x00000000a4b00000|100%| S|CS|TAMS 0x00000000a4a00000, 0x00000000a4a00000| Complete 
|  55|0x00000000a4b00000, 0x00000000a4c00000, 0x00000000a4c00000|100%| S|CS|TAMS 0x00000000a4b00000, 0x00000000a4b00000| Complete 
|  56|0x00000000a4c00000, 0x00000000a4c00000, 0x00000000a4d00000|  0%| F|  |TAMS 0x00000000a4c00000, 0x00000000a4c00000| Untracked 
|  57|0x00000000a4d00000, 0x00000000a4d00000, 0x00000000a4e00000|  0%| F|  |TAMS 0x00000000a4d00000, 0x00000000a4d00000| Untracked 
|  58|0x00000000a4e00000, 0x00000000a4e00000, 0x00000000a4f00000|  0%| F|  |TAMS 0x00000000a4e00000, 0x00000000a4e00000| Untracked 
|  59|0x00000000a4f00000, 0x00000000a4f00000, 0x00000000a5000000|  0%| F|  |TAMS 0x00000000a4f00000, 0x00000000a4f00000| Untracked 
|  60|0x00000000a5000000, 0x00000000a5000000, 0x00000000a5100000|  0%| F|  |TAMS 0x00000000a5000000, 0x00000000a5000000| Untracked 
|  61|0x00000000a5100000, 0x00000000a5100000, 0x00000000a5200000|  0%| F|  |TAMS 0x00000000a5100000, 0x00000000a5100000| Untracked 
|  62|0x00000000a5200000, 0x00000000a5200000, 0x00000000a5300000|  0%| F|  |TAMS 0x00000000a5200000, 0x00000000a5200000| Untracked 
|  63|0x00000000a5300000, 0x00000000a5300000, 0x00000000a5400000|  0%| F|  |TAMS 0x00000000a5300000, 0x00000000a5300000| Untracked 
|  64|0x00000000a5400000, 0x00000000a5400000, 0x00000000a5500000|  0%| F|  |TAMS 0x00000000a5400000, 0x00000000a5400000| Untracked 
|  65|0x00000000a5500000, 0x00000000a5500000, 0x00000000a5600000|  0%| F|  |TAMS 0x00000000a5500000, 0x00000000a5500000| Untracked 
|  66|0x00000000a5600000, 0x00000000a5600000, 0x00000000a5700000|  0%| F|  |TAMS 0x00000000a5600000, 0x00000000a5600000| Untracked 
|  67|0x00000000a5700000, 0x00000000a5700000, 0x00000000a5800000|  0%| F|  |TAMS 0x00000000a5700000, 0x00000000a5700000| Untracked 
|  68|0x00000000a5800000, 0x00000000a5800000, 0x00000000a5900000|  0%| F|  |TAMS 0x00000000a5800000, 0x00000000a5800000| Untracked 
|  69|0x00000000a5900000, 0x00000000a5900000, 0x00000000a5a00000|  0%| F|  |TAMS 0x00000000a5900000, 0x00000000a5900000| Untracked 
|  70|0x00000000a5a00000, 0x00000000a5a00000, 0x00000000a5b00000|  0%| F|  |TAMS 0x00000000a5a00000, 0x00000000a5a00000| Untracked 
|  71|0x00000000a5b00000, 0x00000000a5b00000, 0x00000000a5c00000|  0%| F|  |TAMS 0x00000000a5b00000, 0x00000000a5b00000| Untracked 
|  72|0x00000000a5c00000, 0x00000000a5c00000, 0x00000000a5d00000|  0%| F|  |TAMS 0x00000000a5c00000, 0x00000000a5c00000| Untracked 
|  73|0x00000000a5d00000, 0x00000000a5e00000, 0x00000000a5e00000|100%| E|  |TAMS 0x00000000a5d00000, 0x00000000a5d00000| Complete 
|  74|0x00000000a5e00000, 0x00000000a5f00000, 0x00000000a5f00000|100%| E|CS|TAMS 0x00000000a5e00000, 0x00000000a5e00000| Complete 
|  75|0x00000000a5f00000, 0x00000000a6000000, 0x00000000a6000000|100%| E|CS|TAMS 0x00000000a5f00000, 0x00000000a5f00000| Complete 
|  76|0x00000000a6000000, 0x00000000a6100000, 0x00000000a6100000|100%| E|CS|TAMS 0x00000000a6000000, 0x00000000a6000000| Complete 
|  77|0x00000000a6100000, 0x00000000a6200000, 0x00000000a6200000|100%| E|CS|TAMS 0x00000000a6100000, 0x00000000a6100000| Complete 
|  78|0x00000000a6200000, 0x00000000a6300000, 0x00000000a6300000|100%| E|CS|TAMS 0x00000000a6200000, 0x00000000a6200000| Complete 
|  79|0x00000000a6300000, 0x00000000a6400000, 0x00000000a6400000|100%| E|CS|TAMS 0x00000000a6300000, 0x00000000a6300000| Complete 
|  80|0x00000000a6400000, 0x00000000a6500000, 0x00000000a6500000|100%| E|CS|TAMS 0x00000000a6400000, 0x00000000a6400000| Complete 
|  81|0x00000000a6500000, 0x00000000a6600000, 0x00000000a6600000|100%| E|CS|TAMS 0x00000000a6500000, 0x00000000a6500000| Complete 
|  82|0x00000000a6600000, 0x00000000a6700000, 0x00000000a6700000|100%| E|CS|TAMS 0x00000000a6600000, 0x00000000a6600000| Complete 
|  83|0x00000000a6700000, 0x00000000a6800000, 0x00000000a6800000|100%| E|CS|TAMS 0x00000000a6700000, 0x00000000a6700000| Complete 
|  84|0x00000000a6800000, 0x00000000a6900000, 0x00000000a6900000|100%| E|CS|TAMS 0x00000000a6800000, 0x00000000a6800000| Complete 
|  85|0x00000000a6900000, 0x00000000a6a00000, 0x00000000a6a00000|100%| E|CS|TAMS 0x00000000a6900000, 0x00000000a6900000| Complete 
|  86|0x00000000a6a00000, 0x00000000a6b00000, 0x00000000a6b00000|100%| E|CS|TAMS 0x00000000a6a00000, 0x00000000a6a00000| Complete 
|  87|0x00000000a6b00000, 0x00000000a6c00000, 0x00000000a6c00000|100%| E|CS|TAMS 0x00000000a6b00000, 0x00000000a6b00000| Complete 
|  88|0x00000000a6c00000, 0x00000000a6d00000, 0x00000000a6d00000|100%| E|CS|TAMS 0x00000000a6c00000, 0x00000000a6c00000| Complete 
|  89|0x00000000a6d00000, 0x00000000a6e00000, 0x00000000a6e00000|100%| E|CS|TAMS 0x00000000a6d00000, 0x00000000a6d00000| Complete 
|  90|0x00000000a6e00000, 0x00000000a6f00000, 0x00000000a6f00000|100%| E|CS|TAMS 0x00000000a6e00000, 0x00000000a6e00000| Complete 
|  91|0x00000000a6f00000, 0x00000000a7000000, 0x00000000a7000000|100%| E|CS|TAMS 0x00000000a6f00000, 0x00000000a6f00000| Complete 
|  92|0x00000000a7000000, 0x00000000a7100000, 0x00000000a7100000|100%| E|CS|TAMS 0x00000000a7000000, 0x00000000a7000000| Complete 
|  93|0x00000000a7100000, 0x00000000a7200000, 0x00000000a7200000|100%| E|CS|TAMS 0x00000000a7100000, 0x00000000a7100000| Complete 
|  94|0x00000000a7200000, 0x00000000a7300000, 0x00000000a7300000|100%| E|CS|TAMS 0x00000000a7200000, 0x00000000a7200000| Complete 
|  95|0x00000000a7300000, 0x00000000a7400000, 0x00000000a7400000|100%| E|CS|TAMS 0x00000000a7300000, 0x00000000a7300000| Complete 

Card table byte_map: [0x000002b0cdf10000,0x000002b0ce210000] _byte_map_base: 0x000002b0cda06000

Marking Bits (Prev, Next): (CMBitMap*) 0x000002b0bae227b0, (CMBitMap*) 0x000002b0bae22778
 Prev Bits: [0x000002b0cfcc0000, 0x000002b0d1470000)
 Next Bits: [0x000002b0ce510000, 0x000002b0cfcc0000)

Polling page: 0x000002b0b8e10000

Metaspace:

Usage:
  Non-class:     23.74 MB capacity,    23.53 MB (>99%) used,   174.40 KB ( <1%) free+waste,    39.88 KB ( <1%) overhead. 
      Class:      2.93 MB capacity,     2.81 MB ( 96%) used,   109.37 KB (  4%) free+waste,    17.75 KB ( <1%) overhead. 
       Both:     26.67 MB capacity,    26.34 MB ( 99%) used,   283.77 KB (  1%) free+waste,    57.63 KB ( <1%) overhead. 

Virtual space:
  Non-class space:       24.00 MB reserved,      23.75 MB ( 99%) committed 
      Class space:        1.00 GB reserved,       3.00 MB ( <1%) committed 
             Both:        1.02 GB reserved,      26.75 MB (  3%) committed 

Chunk freelists:
   Non-Class:  11.00 KB
       Class:  4.00 KB
        Both:  15.00 KB

MaxMetaspaceSize: 17179869184.00 GB
CompressedClassSpaceSize: 1.00 GB

CodeHeap 'non-profiled nmethods': size=120000Kb used=626Kb max_used=626Kb free=119373Kb
 bounds [0x000002b0c63b0000, 0x000002b0c6620000, 0x000002b0cd8e0000]
CodeHeap 'profiled nmethods': size=120000Kb used=3611Kb max_used=3611Kb free=116388Kb
 bounds [0x000002b0bee80000, 0x000002b0bf210000, 0x000002b0c63b0000]
CodeHeap 'non-nmethods': size=5760Kb used=1160Kb max_used=1172Kb free=4599Kb
 bounds [0x000002b0be8e0000, 0x000002b0beb50000, 0x000002b0bee80000]
 total_blobs=2444 nmethods=1947 adapters=408
 compilation: enabled
              stopped_count=0, restarted_count=0
 full_count=0

Compilation events (20 events):
Event: 2.151 Thread 0x000002b0d3ec0000 nmethod 1928 0x000002b0c644bd10 code [0x000002b0c644bec0, 0x000002b0c644bf78]
Event: 2.158 Thread 0x000002b0d3ec0000 1929       3       jdk.internal.org.objectweb.asm.ClassWriter::newMethodItem (91 bytes)
Event: 2.159 Thread 0x000002b0d3ec0000 nmethod 1929 0x000002b0bf1f6f10 code [0x000002b0bf1f7160, 0x000002b0bf1f76f8]
Event: 2.159 Thread 0x000002b0d3ec0000 1930       3       jdk.internal.org.objectweb.asm.MethodWriter::noSuccessor (95 bytes)
Event: 2.159 Thread 0x000002b0d3ec0000 nmethod 1930 0x000002b0bf1f7a90 code [0x000002b0bf1f7ca0, 0x000002b0bf1f82a8]
Event: 2.159 Thread 0x000002b0d3ec0000 1935       3       jdk.internal.misc.VM::isModuleSystemInited (13 bytes)
Event: 2.159 Thread 0x000002b0d3ec0000 nmethod 1935 0x000002b0bf1f8490 code [0x000002b0bf1f8640, 0x000002b0bf1f87d8]
Event: 2.159 Thread 0x000002b0d3ec0000 1931       3       java.nio.MappedByteBuffer::rewind (5 bytes)
Event: 2.159 Thread 0x000002b0d3ec0000 nmethod 1931 0x000002b0bf1f8890 code [0x000002b0bf1f8a60, 0x000002b0bf1f8c98]
Event: 2.159 Thread 0x000002b0d3ec0000 1932       3       java.nio.MappedByteBuffer::rewind (7 bytes)
Event: 2.159 Thread 0x000002b0d3ec0000 nmethod 1932 0x000002b0bf1f8d90 code [0x000002b0bf1f8f40, 0x000002b0bf1f9118]
Event: 2.159 Thread 0x000002b0d3ec0000 1933       3       java.nio.ByteBuffer::rewind (7 bytes)
Event: 2.160 Thread 0x000002b0d3ec0000 nmethod 1933 0x000002b0bf1f9210 code [0x000002b0bf1f93c0, 0x000002b0bf1f9538]
Event: 2.160 Thread 0x000002b0d3ec0000 1934       3       java.nio.Buffer::rewind (12 bytes)
Event: 2.160 Thread 0x000002b0d3ec0000 nmethod 1934 0x000002b0bf1f9610 code [0x000002b0bf1f97c0, 0x000002b0bf1f98d8]
Event: 2.160 Thread 0x000002b0d3ec0000 1936       3       java.lang.String::<init> (55 bytes)
Event: 2.160 Thread 0x000002b0d3ec0000 nmethod 1936 0x000002b0bf1f9990 code [0x000002b0bf1f9b80, 0x000002b0bf1f9ee8]
Event: 2.160 Thread 0x000002b0d3ec0000 1937   !   3       java.lang.StringCoding::decode (300 bytes)
Event: 2.163 Thread 0x000002b0d3ec0000 nmethod 1937 0x000002b0bf1fa090 code [0x000002b0bf1fa500, 0x000002b0bf1fc7f8]
Event: 2.163 Thread 0x000002b0d3ec0000 1939       3       java.util.Properties$LineReader::readLine (635 bytes)

GC Heap History (4 events):
Event: 0.715 GC heap before
{Heap before GC invocations=0 (full 0):
 garbage-first heap   total 98304K, used 27648K [0x00000000a1400000, 0x0000000100000000)
  region size 1024K, 24 young (24576K), 0 survivors (0K)
 Metaspace       used 12297K, capacity 12341K, committed 12544K, reserved 1060864K
  class space    used 1156K, capacity 1174K, committed 1280K, reserved 1048576K
}
Event: 0.720 GC heap after
{Heap after GC invocations=1 (full 0):
 garbage-first heap   total 98304K, used 5792K [0x00000000a1400000, 0x0000000100000000)
  region size 1024K, 3 young (3072K), 3 survivors (3072K)
 Metaspace       used 12297K, capacity 12341K, committed 12544K, reserved 1060864K
  class space    used 1156K, capacity 1174K, committed 1280K, reserved 1048576K
}
Event: 1.614 GC heap before
{Heap before GC invocations=1 (full 0):
 garbage-first heap   total 98304K, used 42656K [0x00000000a1400000, 0x0000000100000000)
  region size 1024K, 40 young (40960K), 3 survivors (3072K)
 Metaspace       used 21049K, capacity 21212K, committed 21248K, reserved 1069056K
  class space    used 2215K, capacity 2278K, committed 2304K, reserved 1048576K
}
Event: 1.633 GC heap after
{Heap after GC invocations=2 (full 0):
 garbage-first heap   total 98304K, used 9547K [0x00000000a1400000, 0x0000000100000000)
  region size 1024K, 7 young (7168K), 7 survivors (7168K)
 Metaspace       used 21049K, capacity 21212K, committed 21248K, reserved 1069056K
  class space    used 2215K, capacity 2278K, committed 2304K, reserved 1048576K
}

Deoptimization events (20 events):
Event: 1.914 Thread 0x000002b0badea800 Uncommon trap: trap_request=0xffffff6e fr.pc=0x000002b0c642e494 relative=0x0000000000001254
Event: 1.914 Thread 0x000002b0badea800 Uncommon trap: reason=speculate_class_check action=maybe_recompile pc=0x000002b0c642e494 method=java.util.zip.InflaterInputStream.read([BII)I @ 100 c2
Event: 1.914 Thread 0x000002b0badea800 DEOPT PACKING pc=0x000002b0c642e494 sp=0x000000f9639fe220
Event: 1.914 Thread 0x000002b0badea800 DEOPT UNPACKING pc=0x000002b0be9078af sp=0x000000f9639fe280 mode 2
Event: 1.923 Thread 0x000002b0badea800 Uncommon trap: trap_request=0xffffffcc fr.pc=0x000002b0c641d5ac relative=0x00000000000001ec
Event: 1.923 Thread 0x000002b0badea800 Uncommon trap: reason=intrinsic_or_type_checked_inlining action=make_not_entrant pc=0x000002b0c641d5ac method=java.util.Arrays.copyOf([Ljava/lang/Object;ILjava/lang/Class;)[Ljava/lang/Object; @ 35 c2
Event: 1.923 Thread 0x000002b0badea800 DEOPT PACKING pc=0x000002b0c641d5ac sp=0x000000f9639fc120
Event: 1.923 Thread 0x000002b0badea800 DEOPT UNPACKING pc=0x000002b0be9078af sp=0x000000f9639fc0c8 mode 2
Event: 1.993 Thread 0x000002b0badea800 Uncommon trap: trap_request=0xffffff4d fr.pc=0x000002b0c6438368 relative=0x00000000000001c8
Event: 1.993 Thread 0x000002b0badea800 Uncommon trap: reason=unstable_if action=reinterpret pc=0x000002b0c6438368 method=java.util.Arrays.hashCode([B)I @ 1 c2
Event: 1.993 Thread 0x000002b0badea800 DEOPT PACKING pc=0x000002b0c6438368 sp=0x000000f9639fe210
Event: 1.993 Thread 0x000002b0badea800 DEOPT UNPACKING pc=0x000002b0be9078af sp=0x000000f9639fe180 mode 2
Event: 1.996 Thread 0x000002b0badea800 Uncommon trap: trap_request=0xffffff4d fr.pc=0x000002b0c6439f74 relative=0x00000000000000d4
Event: 1.996 Thread 0x000002b0badea800 Uncommon trap: reason=unstable_if action=reinterpret pc=0x000002b0c6439f74 method=jdk.nio.zipfs.ZipConstants.pkSigAt([BIII)Z @ 5 c2
Event: 1.996 Thread 0x000002b0badea800 DEOPT PACKING pc=0x000002b0c6439f74 sp=0x000000f9639fe070
Event: 1.996 Thread 0x000002b0badea800 DEOPT UNPACKING pc=0x000002b0be9078af sp=0x000000f9639fe018 mode 2
Event: 2.031 Thread 0x000002b0badea800 Uncommon trap: trap_request=0xffffff6e fr.pc=0x000002b0c642e494 relative=0x0000000000001254
Event: 2.031 Thread 0x000002b0badea800 Uncommon trap: reason=speculate_class_check action=maybe_recompile pc=0x000002b0c642e494 method=java.util.zip.InflaterInputStream.read([BII)I @ 100 c2
Event: 2.031 Thread 0x000002b0badea800 DEOPT PACKING pc=0x000002b0c642e494 sp=0x000000f9639fe220
Event: 2.031 Thread 0x000002b0badea800 DEOPT UNPACKING pc=0x000002b0be9078af sp=0x000000f9639fe280 mode 2

Classes redefined (0 events):
No events

Internal exceptions (16 events):
Event: 1.267 Thread 0x000002b0badea800 Exception <a 'java/lang/NoSuchMethodError'{0x00000000a5c778b0}: 'int java.lang.invoke.DirectMethodHandle$Holder.invokeSpecialIFC(java.lang.Object, java.lang.Object, int)'> (0x00000000a5c778b0) thrown at [./src/hotspot/share/interpreter/linkResolver.cpp, line 773]
Event: 1.517 Thread 0x000002b0badea800 Exception <a 'java/lang/NoSuchMethodError'{0x00000000a51cd5c8}: 'java.lang.Object java.lang.invoke.DirectMethodHandle$Holder.invokeStaticInit(java.lang.Object, int)'> (0x00000000a51cd5c8) thrown at [./src/hotspot/share/interpreter/linkResolver.cpp, line 773]
Event: 1.547 Thread 0x000002b0badea800 Exception <a 'java/lang/NoSuchMethodError'{0x00000000a4f646d8}: 'long java.lang.invoke.DirectMethodHandle$Holder.invokeStatic(java.lang.Object)'> (0x00000000a4f646d8) thrown at [./src/hotspot/share/interpreter/linkResolver.cpp, line 773]
Event: 1.547 Thread 0x000002b0badea800 Exception <a 'java/lang/NoSuchMethodError'{0x00000000a4f67530}: 'long java.lang.invoke.DirectMethodHandle$Holder.invokeStaticInit(java.lang.Object)'> (0x00000000a4f67530) thrown at [./src/hotspot/share/interpreter/linkResolver.cpp, line 773]
Event: 1.646 Thread 0x000002b0badea800 Exception <a 'java/lang/NoSuchMethodError'{0x00000000a7353a48}: 'int java.lang.invoke.DirectMethodHandle$Holder.invokeStaticInit(java.lang.Object, java.lang.Object, java.lang.Object)'> (0x00000000a7353a48) thrown at [./src/hotspot/share/interpreter/linkResolver.cpp, line 773]
Event: 1.651 Thread 0x000002b0badea800 Exception <a 'java/lang/NoSuchMethodError'{0x00000000a737f440}: 'int java.lang.invoke.DirectMethodHandle$Holder.invokeStaticInit(java.lang.Object, java.lang.Object)'> (0x00000000a737f440) thrown at [./src/hotspot/share/interpreter/linkResolver.cpp, line 773]
Event: 1.933 Thread 0x000002b0badea800 Exception <a 'java/lang/NoSuchMethodError'{0x00000000a697c608}: 'java.lang.Object java.lang.invoke.DirectMethodHandle$Holder.invokeStatic(java.lang.Object, java.lang.Object, java.lang.Object, java.lang.Object, java.lang.Object, java.lang.Object, java.lang.Object, java.lang.Object, java.lang.Object, java.lang.Object, java.lang.Object, java.lang.Object, java.lang.Object, java.lang.Object, java.lang.Object)'> (0x00000000a697c608) thrown at [./src/hotspot/share/interpreter/linkResolver.cpp, line 773]
Event: 1.934 Thread 0x000002b0badea800 Exception <a 'java/lang/NoSuchMethodError'{0x00000000a698abf8}: 'java.lang.Object java.lang.invoke.DirectMethodHandle$Holder.invokeStatic(java.lang.Object, java.lang.Object, java.lang.Object, java.lang.Object, java.lang.Object, java.lang.Object, java.lang.Object, java.lang.Object, java.lang.Object, java.lang.Object, java.lang.Object, java.lang.Object, java.lang.Object, java.lang.Object, java.lang.Object, java.lang.Object)'> (0x00000000a698abf8) thrown at [./src/hotspot/share/interpreter/linkResolver.cpp, l
Event: 1.936 Thread 0x000002b0badea800 Exception <a 'java/lang/NoSuchMethodError'{0x00000000a6998b10}: 'java.lang.Object java.lang.invoke.DirectMethodHandle$Holder.invokeSpecial(java.lang.Object, java.lang.Object, int, int, java.lang.Object, java.lang.Object, java.lang.Object)'> (0x00000000a6998b10) thrown at [./src/hotspot/share/interpreter/linkResolver.cpp, line 773]
Event: 1.937 Thread 0x000002b0badea800 Exception <a 'java/lang/NoSuchMethodError'{0x00000000a699c348}: 'java.lang.Object java.lang.invoke.DelegatingMethodHandle$Holder.reinvoke_L(java.lang.Object, int, int, java.lang.Object, java.lang.Object, java.lang.Object)'> (0x00000000a699c348) thrown at [./src/hotspot/share/interpreter/linkResolver.cpp, line 773]
Event: 1.937 Thread 0x000002b0badea800 Exception <a 'java/lang/NoSuchMethodError'{0x00000000a69a06d0}: 'java.lang.Object java.lang.invoke.DirectMethodHandle$Holder.invokeStatic(java.lang.Object, java.lang.Object, java.lang.Object, java.lang.Object, int)'> (0x00000000a69a06d0) thrown at [./src/hotspot/share/interpreter/linkResolver.cpp, line 773]
Event: 1.993 Thread 0x000002b0badea800 Implicit null exception at 0x000002b0c64381ac to 0x000002b0c643835a
Event: 2.035 Thread 0x000002b0badea800 Exception <a 'java/lang/NoSuchMethodError'{0x00000000a631e720}: 'void java.lang.invoke.DirectMethodHandle$Holder.invokeStatic(java.lang.Object, java.lang.Object, java.lang.Object, java.lang.Object)'> (0x00000000a631e720) thrown at [./src/hotspot/share/interpreter/linkResolver.cpp, line 773]
Event: 2.072 Thread 0x000002b0badea800 Exception <a 'java/lang/NoSuchMethodError'{0x00000000a626d468}: 'void java.lang.invoke.DirectMethodHandle$Holder.invokeSpecial(java.lang.Object, java.lang.Object)'> (0x00000000a626d468) thrown at [./src/hotspot/share/interpreter/linkResolver.cpp, line 773]
Event: 2.130 Thread 0x000002b0badea800 Exception <a 'java/lang/NoSuchMethodError'{0x00000000a5f11d10}: 'void java.lang.invoke.DirectMethodHandle$Holder.invokeStaticInit(java.lang.Object, java.lang.Object)'> (0x00000000a5f11d10) thrown at [./src/hotspot/share/interpreter/linkResolver.cpp, line 773]
Event: 2.140 Thread 0x000002b0badea800 Exception <a 'java/lang/NoSuchMethodError'{0x00000000a5f50128}: 'void java.lang.invoke.DirectMethodHandle$Holder.invokeInterface(java.lang.Object, java.lang.Object)'> (0x00000000a5f50128) thrown at [./src/hotspot/share/interpreter/linkResolver.cpp, line 773]

Events (20 events):
Event: 2.158 loading class java/util/ResourceBundle$KeyElementReference
Event: 2.158 loading class java/util/ResourceBundle$CacheKeyReference
Event: 2.158 loading class java/util/ResourceBundle$CacheKeyReference done
Event: 2.158 loading class java/util/ResourceBundle$KeyElementReference done
Event: 2.158 loading class java/util/ResourceBundle$Control$1
Event: 2.158 loading class java/util/ResourceBundle$Control$1 done
Event: 2.160 loading class java/util/PropertyResourceBundle
Event: 2.160 loading class java/util/PropertyResourceBundle done
Event: 2.160 loading class sun/util/PropertyResourceBundleCharset
Event: 2.160 loading class sun/util/PropertyResourceBundleCharset done
Event: 2.160 loading class sun/util/PropertyResourceBundleCharset$PropertiesFileDecoder
Event: 2.160 loading class sun/util/PropertyResourceBundleCharset$PropertiesFileDecoder done
Event: 2.163 loading class java/util/ResourceBundle$BundleReference
Event: 2.163 loading class java/util/ResourceBundle$BundleReference done
Event: 2.164 loading class org/jetbrains/kotlin/com/intellij/util/ThreeState
Event: 2.164 loading class org/jetbrains/kotlin/com/intellij/util/ThreeState done
Event: 2.165 loading class org/jetbrains/kotlin/com/intellij/util/containers/ConcurrentSoftValueHashMap$MySoftReference
Event: 2.165 loading class org/jetbrains/kotlin/com/intellij/util/containers/ConcurrentSoftValueHashMap$MySoftReference done
Event: 2.165 loading class org/jetbrains/kotlin/com/intellij/BundleBase
Event: 2.165 loading class org/jetbrains/kotlin/com/intellij/BundleBase done


Dynamic libraries:
0x00007ff7798c0000 - 0x00007ff7798ca000 	C:\Program Files\Android\Android Studio\jre\bin\java.exe
0x00007ffe2bd10000 - 0x00007ffe2bf05000 	C:\WINDOWS\SYSTEM32\ntdll.dll
0x00007ffe2a5e0000 - 0x00007ffe2a69e000 	C:\WINDOWS\System32\KERNEL32.DLL
0x00007ffe29900000 - 0x00007ffe29bc9000 	C:\WINDOWS\System32\KERNELBASE.dll
0x00007ffe29490000 - 0x00007ffe29590000 	C:\WINDOWS\System32\ucrtbase.dll
0x00007ffe045d0000 - 0x00007ffe045e9000 	C:\Program Files\Android\Android Studio\jre\bin\jli.dll
0x00007ffe04420000 - 0x00007ffe04437000 	C:\Program Files\Android\Android Studio\jre\bin\VCRUNTIME140.dll
0x00007ffe29d60000 - 0x00007ffe29f01000 	C:\WINDOWS\System32\USER32.dll
0x00007ffe29630000 - 0x00007ffe29652000 	C:\WINDOWS\System32\win32u.dll
0x00007ffe0d700000 - 0x00007ffe0d99a000 	C:\WINDOWS\WinSxS\amd64_microsoft.windows.common-controls_6595b64144ccf1df_6.0.19041.1110_none_60b5254171f9507e\COMCTL32.dll
0x00007ffe2aa40000 - 0x00007ffe2aa6b000 	C:\WINDOWS\System32\GDI32.dll
0x00007ffe2b7b0000 - 0x00007ffe2b84e000 	C:\WINDOWS\System32\msvcrt.dll
0x00007ffe297c0000 - 0x00007ffe298cb000 	C:\WINDOWS\System32\gdi32full.dll
0x00007ffe29590000 - 0x00007ffe2962d000 	C:\WINDOWS\System32\msvcp_win.dll
0x00007ffe2a8b0000 - 0x00007ffe2a8e0000 	C:\WINDOWS\System32\IMM32.DLL
0x00007ffe04380000 - 0x00007ffe0441d000 	C:\Program Files\Android\Android Studio\jre\bin\msvcp140.dll
0x00007ffdc00d0000 - 0x00007ffdc0b9f000 	C:\Program Files\Android\Android Studio\jre\bin\server\jvm.dll
0x00007ffe29f10000 - 0x00007ffe29fbc000 	C:\WINDOWS\System32\ADVAPI32.dll
0x00007ffe2ab40000 - 0x00007ffe2abdb000 	C:\WINDOWS\System32\sechost.dll
0x00007ffe2acc0000 - 0x00007ffe2adea000 	C:\WINDOWS\System32\RPCRT4.dll
0x00007ffe2abe0000 - 0x00007ffe2abe8000 	C:\WINDOWS\System32\PSAPI.DLL
0x00007ffe1eac0000 - 0x00007ffe1eae7000 	C:\WINDOWS\SYSTEM32\WINMM.dll
0x00007ffdfe680000 - 0x00007ffdfe689000 	C:\WINDOWS\SYSTEM32\WSOCK32.dll
0x00007ffe1fef0000 - 0x00007ffe1fefa000 	C:\WINDOWS\SYSTEM32\VERSION.dll
0x00007ffe2aad0000 - 0x00007ffe2ab3b000 	C:\WINDOWS\System32\WS2_32.dll
0x00007ffe27ce0000 - 0x00007ffe27cf2000 	C:\WINDOWS\SYSTEM32\kernel.appcore.dll
0x00007ffdfcf80000 - 0x00007ffdfcf91000 	C:\Program Files\Android\Android Studio\jre\bin\verify.dll
0x00007ffe27a90000 - 0x00007ffe27c74000 	C:\WINDOWS\SYSTEM32\DBGHELP.DLL
0x00007ffe12260000 - 0x00007ffe1228c000 	C:\WINDOWS\SYSTEM32\dbgcore.DLL
0x00007ffe29c80000 - 0x00007ffe29d03000 	C:\WINDOWS\System32\bcryptPrimitives.dll
0x00007ffdfbf80000 - 0x00007ffdfbfa9000 	C:\Program Files\Android\Android Studio\jre\bin\java.dll
0x00007ffdfe670000 - 0x00007ffdfe67b000 	C:\Program Files\Android\Android Studio\jre\bin\jimage.dll
0x00007ffdfbc00000 - 0x00007ffdfbc18000 	C:\Program Files\Android\Android Studio\jre\bin\zip.dll
0x00007ffe2af20000 - 0x00007ffe2b65f000 	C:\WINDOWS\System32\SHELL32.dll
0x00007ffe27300000 - 0x00007ffe27a90000 	C:\WINDOWS\SYSTEM32\windows.storage.dll
0x00007ffe29fc0000 - 0x00007ffe2a315000 	C:\WINDOWS\System32\combase.dll
0x00007ffe28e10000 - 0x00007ffe28e3c000 	C:\WINDOWS\SYSTEM32\Wldp.dll
0x00007ffe2a320000 - 0x00007ffe2a3ce000 	C:\WINDOWS\System32\SHCORE.dll
0x00007ffe2b750000 - 0x00007ffe2b7a5000 	C:\WINDOWS\System32\shlwapi.dll
0x00007ffe29370000 - 0x00007ffe2938f000 	C:\WINDOWS\SYSTEM32\profapi.dll
0x00007ffdf9860000 - 0x00007ffdf987a000 	C:\Program Files\Android\Android Studio\jre\bin\net.dll
0x00007ffe1b970000 - 0x00007ffe1ba78000 	C:\WINDOWS\SYSTEM32\WINHTTP.dll
0x00007ffe28b10000 - 0x00007ffe28b7a000 	C:\WINDOWS\system32\mswsock.dll
0x00007ffdf9730000 - 0x00007ffdf9744000 	C:\Program Files\Android\Android Studio\jre\bin\nio.dll

dbghelp: loaded successfully - version: 4.0.5 - missing functions: none
symbol engine: initialized successfully - sym options: 0x614 - pdb path: .;C:\Program Files\Android\Android Studio\jre\bin;C:\WINDOWS\SYSTEM32;C:\WINDOWS\WinSxS\amd64_microsoft.windows.common-controls_6595b64144ccf1df_6.0.19041.1110_none_60b5254171f9507e;C:\Program Files\Android\Android Studio\jre\bin\server

VM Arguments:
java_command: org.jetbrains.kotlin.cli.jvm.K2JVMCompiler @C:\Users\adal_\AndroidStudioProjects\FoodyKraveProyect\app\build\20210925_18203491644179795718.compiler.options
java_class_path (initial): C:\Users\adal_\.gradle\caches\modules-2\files-2.1\org.jetbrains.kotlin\kotlin-compiler-embeddable\1.5.31\cc18c29253541dc57c25c3ef514d63c7953ae1a6\kotlin-compiler-embeddable-1.5.31.jar;C:\Users\adal_\.gradle\caches\modules-2\files-2.1\org.jetbrains.kotlin\kotlin-reflect\1.5.31\1523fcd842a47da0820cea772b19c51056fec8a9\kotlin-reflect-1.5.31.jar;C:\Users\adal_\.gradle\caches\modules-2\files-2.1\org.jetbrains.kotlin\kotlin-stdlib\1.5.31\6628d61d0f5603568e72d2d5915d2c034b4f1c55\kotlin-stdlib-1.5.31.jar;C:\Users\adal_\.gradle\caches\modules-2\files-2.1\org.jetbrains.kotlin\kotlin-script-runtime\1.5.31\aaea854be2cfc06373dfc11be5a6ba9ca5ca84a6\kotlin-script-runtime-1.5.31.jar;C:\Users\adal_\.gradle\caches\modules-2\files-2.1\org.jetbrains.kotlin\kotlin-daemon-embeddable\1.5.31\d19b549661e28c62781683dc7c7e34bf416974f1\kotlin-daemon-embeddable-1.5.31.jar;C:\Users\adal_\.gradle\caches\modules-2\files-2.1\org.jetbrains.intellij.deps\trove4j\1.0.20181211\216c2e14b070f334479d800987affe4054cd563f\trove4j-1.0.20181211.jar;C:\Users\adal_\.gradle\caches\modules-2\files-2.1\org.jetbrains\annotations\13.0\919f0dfe192fb4e063e7dacadee7f8bb9a2672a9\annotations-13.0.jar;C:\Users\adal_\.gradle\caches\modules-2\files-2.1\org.jetbrains.kotlin\kotlin-stdlib-common\1.5.31\43331609c7de811fed085e0dfd150874b157c32\kotlin-stdlib-common-1.5.31.jar
Launcher Type: SUN_STANDARD

[Global flags]
     intx CICompilerCount                          = 4                                         {product} {ergonomic}
     uint ConcGCThreads                            = 2                                         {product} {ergonomic}
     uint G1ConcRefinementThreads                  = 8                                         {product} {ergonomic}
   size_t G1HeapRegionSize                         = 1048576                                   {product} {ergonomic}
    uintx GCDrainStackTargetSize                   = 64                                        {product} {ergonomic}
   size_t InitialHeapSize                          = 100663296                                 {product} {ergonomic}
   size_t MarkStackSize                            = 4194304                                   {product} {ergonomic}
   size_t MaxHeapSize                              = 1589641216                                {product} {ergonomic}
   size_t MaxNewSize                               = 953155584                                 {product} {ergonomic}
   size_t MinHeapDeltaBytes                        = 1048576                                   {product} {ergonomic}
    uintx NonNMethodCodeHeapSize                   = 5836300                                {pd product} {ergonomic}
    uintx NonProfiledCodeHeapSize                  = 122910970                              {pd product} {ergonomic}
    uintx ProfiledCodeHeapSize                     = 122910970                              {pd product} {ergonomic}
    uintx ReservedCodeCacheSize                    = 251658240                              {pd product} {ergonomic}
     bool SegmentedCodeCache                       = true                                      {product} {ergonomic}
     bool UseCompressedClassPointers               = true                                 {lp64_product} {ergonomic}
     bool UseCompressedOops                        = true                                 {lp64_product} {ergonomic}
     bool UseG1GC                                  = true                                      {product} {ergonomic}
     bool UseLargePagesIndividualAllocation        = false                                  {pd product} {ergonomic}

Logging:
Log output configuration:
 #0: stdout all=warning uptime,level,tags
 #1: stderr all=off uptime,level,tags

Environment Variables:
JAVA_HOME=C:\Program Files\Eclipse Foundation\jdk-8.0.302.8-hotspot\
PATH=C:\Program Files\Eclipse Foundation\jdk-8.0.302.8-hotspot\bin;C:\VulkanSDK\1.2.182.0\Bin;C:\Program Files (x86)\NVIDIA Corporation\PhysX\Common;C:\Program Files (x86)\Common Files\Oracle\Java\javapath;C:\WINDOWS\system32;C:\WINDOWS;C:\WINDOWS\System32\Wbem;C:\WINDOWS\System32\WindowsPowerShell\v1.0\;C:\WINDOWS\System32\OpenSSH\;C:\Program Files\Java\jre1.8.0_241\bin;C:\Program Files\dotnet\;C:\Opencv-4.2.0\opencv\build\x64\vc15\bin;C:\apache-cassandra-3.11.11\bin;C:\Python27;C:\Python27\Scripts;C:\Program Files\Git\cmd;C:\Users\adal_\AppData\Local\Programs\Python\Python39\Scripts\;C:\Users\adal_\AppData\Local\Programs\Python\Python39\;C:\Users\adal_\AppData\Local\Microsoft\WindowsApps;C:\Users\adal_\.dotnet\tools
USERNAME=adal_
OS=Windows_NT
PROCESSOR_IDENTIFIER=AMD64 Family 23 Model 24 Stepping 1, AuthenticAMD



---------------  S Y S T E M  ---------------

OS: Windows 10 , 64 bit Build 19041 (10.0.19041.1202)
OS uptime: 0 days 19:48 hours

CPU:total 8 (initial active 8) (8 cores per cpu, 2 threads per core) family 23 model 24 stepping 1 microcode 0x0, cmov, cx8, fxsr, mmx, sse, sse2, sse3, ssse3, sse4.1, sse4.2, popcnt, avx, avx2, aes, clmul, mmxext, 3dnowpref, lzcnt, sse4a, ht, tsc, tscinvbit, tscinv, bmi1, bmi2, adx, s

Memory: 4k page, system-wide physical 6057M (351M free)
TotalPageFile size 24489M (AvailPageFile size 3M)
current process WorkingSet (physical memory assigned to process): 136M, peak: 136M
current process commit charge ("private bytes"): 214M, peak: 214M

vm_info: OpenJDK 64-Bit Server VM (11.0.10+0-b96-7249189) for windows-amd64 JRE (11.0.10+0-b96-7249189), built on Mar 31 2021 21:44:00 by "builder" with MS VC++ 14.0 (VS2015)

END.
