#
# There is insufficient memory for the Java Runtime Environment to continue.
# Native memory allocation (malloc) failed to allocate 692816 bytes for Chunk::new
# Possible reasons:
#   The system is out of physical RAM or swap space
#   The process is running with CompressedOops enabled, and the Java Heap may be blocking the growth of the native heap
# Possible solutions:
#   Reduce memory load on the system
#   Increase physical memory or swap space
#   Check if swap backing store is full
#   Decrease Java heap size (-Xmx/-Xms)
#   Decrease number of Java threads
#   Decrease Java thread stack sizes (-Xss)
#   Set larger code cache with -XX:ReservedCodeCacheSize=
#   JVM is running with Unscaled Compressed Oops mode in which the Java heap is
#     placed in the first 4GB address space. The Java Heap base address is the
#     maximum limit for the native heap growth. Please use -XX:HeapBaseMinAddress
#     to set the Java Heap base and to place the Java Heap above 4GB virtual address.
# This output file may be truncated or incomplete.
#
#  Out of Memory Error (./src/hotspot/share/memory/arena.cpp:197), pid=3168, tid=2524
#
# JRE version: OpenJDK Runtime Environment (11.0.10) (build 11.0.10+0-b96-7249189)
# Java VM: OpenJDK 64-Bit Server VM (11.0.10+0-b96-7249189, mixed mode, tiered, compressed oops, g1 gc, windows-amd64)
# No core dump will be written. Minidumps are not enabled by default on client versions of Windows
#

---------------  S U M M A R Y ------------

Command Line: --add-opens=java.base/java.util=ALL-UNNAMED --add-opens=java.base/java.lang=ALL-UNNAMED --add-opens=java.base/java.lang.invoke=ALL-UNNAMED --add-opens=java.base/java.util=ALL-UNNAMED --add-opens=java.prefs/java.util.prefs=ALL-UNNAMED --add-opens=java.prefs/java.util.prefs=ALL-UNNAMED --add-opens=java.base/java.nio.charset=ALL-UNNAMED --add-opens=java.base/java.net=ALL-UNNAMED --add-opens=java.base/java.util.concurrent.atomic=ALL-UNNAMED -Xmx2048m -Dfile.encoding=UTF-8 -Duser.country=MX -Duser.language=es -Duser.variant org.gradle.launcher.daemon.bootstrap.GradleDaemon 7.0.2

Host: AMD Ryzen 5 3500U with Radeon Vega Mobile Gfx  , 8 cores, 5G,  Windows 10 , 64 bit Build 19041 (10.0.19041.1202)
Time: Fri Sep 24 19:14:10 2021 Hora de verano central (México) elapsed time: 22.190114 seconds (0d 0h 0m 22s)

---------------  T H R E A D  ---------------

Current thread (0x0000014767056000):  JavaThread "C2 CompilerThread0" daemon [_thread_in_native, id=2524, stack(0x00000038d4800000,0x00000038d4900000)]


Current CompileTask:
C2:  22190 6038       4       org.objectweb.asm.SymbolTable::addConstantMemberReference (147 bytes)

Stack: [0x00000038d4800000,0x00000038d4900000]
Native frames: (J=compiled Java code, j=interpreted, Vv=VM code, C=native code)
V  [jvm.dll+0x5ecfaa]
V  [jvm.dll+0x722bd5]
V  [jvm.dll+0x72412d]
V  [jvm.dll+0x7247e3]
V  [jvm.dll+0x242928]
V  [jvm.dll+0xbc4fc]
V  [jvm.dll+0xbca0c]
V  [jvm.dll+0x352d7d]
V  [jvm.dll+0x320ad3]
V  [jvm.dll+0x31ffca]
V  [jvm.dll+0x1fb602]
V  [jvm.dll+0x1fa7f4]
V  [jvm.dll+0x18354c]
V  [jvm.dll+0x208ee7]
V  [jvm.dll+0x207731]
V  [jvm.dll+0x6eb1cf]
V  [jvm.dll+0x6e3d45]
V  [jvm.dll+0x5ebe96]
C  [ucrtbase.dll+0x21bb2]
C  [KERNEL32.DLL+0x17034]
C  [ntdll.dll+0x52651]


---------------  P R O C E S S  ---------------

Threads class SMR info:
_java_thread_list=0x000001476dacbe80, length=50, elements={
0x000001474cbdd800, 0x0000014767032000, 0x000001476703c800, 0x0000014767052000,
0x0000014767053000, 0x0000014767055000, 0x0000014767056000, 0x000001476705f000,
0x0000014767067800, 0x0000014767b2c000, 0x0000014769570800, 0x000001476957e800,
0x000001476949a800, 0x000001476949d000, 0x0000014769a60000, 0x00000147686cd800,
0x00000147686c9000, 0x0000014768fc9800, 0x0000014769cdb800, 0x0000014769cc1000,
0x0000014769cbe800, 0x0000014769cbf800, 0x0000014769cc0000, 0x0000014769cbc000,
0x0000014769cbb800, 0x0000014769cbd800, 0x0000014769cbd000, 0x0000014769cc2000,
0x0000014769df8000, 0x0000014769df5800, 0x0000014769df2000, 0x0000014769df6800,
0x0000014769df7000, 0x0000014769df3000, 0x0000014769df9800, 0x0000014769df4000,
0x0000014769e00000, 0x0000014769dfa800, 0x0000014769dfe800, 0x0000014769dfc000,
0x0000014769e01000, 0x0000014769dfb000, 0x0000014769dfd000, 0x0000014769dfd800,
0x0000014769dff000, 0x0000014767dce800, 0x0000014767dd0000, 0x0000014767dcf000,
0x0000014767dca800, 0x0000014767dcc000
}

Java Threads: ( => current thread )
  0x000001474cbdd800 JavaThread "main" [_thread_blocked, id=10308, stack(0x00000038d3c00000,0x00000038d3d00000)]
  0x0000014767032000 JavaThread "Reference Handler" daemon [_thread_blocked, id=11004, stack(0x00000038d4300000,0x00000038d4400000)]
  0x000001476703c800 JavaThread "Finalizer" daemon [_thread_blocked, id=11724, stack(0x00000038d4400000,0x00000038d4500000)]
  0x0000014767052000 JavaThread "Signal Dispatcher" daemon [_thread_blocked, id=19312, stack(0x00000038d4500000,0x00000038d4600000)]
  0x0000014767053000 JavaThread "Attach Listener" daemon [_thread_blocked, id=10536, stack(0x00000038d4600000,0x00000038d4700000)]
  0x0000014767055000 JavaThread "Service Thread" daemon [_thread_blocked, id=18724, stack(0x00000038d4700000,0x00000038d4800000)]
=>0x0000014767056000 JavaThread "C2 CompilerThread0" daemon [_thread_in_native, id=2524, stack(0x00000038d4800000,0x00000038d4900000)]
  0x000001476705f000 JavaThread "C1 CompilerThread0" daemon [_thread_blocked, id=9716, stack(0x00000038d4900000,0x00000038d4a00000)]
  0x0000014767067800 JavaThread "Sweeper thread" daemon [_thread_blocked, id=7612, stack(0x00000038d4a00000,0x00000038d4b00000)]
  0x0000014767b2c000 JavaThread "Common-Cleaner" daemon [_thread_blocked, id=11304, stack(0x00000038d4b00000,0x00000038d4c00000)]
  0x0000014769570800 JavaThread "Daemon health stats" [_thread_blocked, id=288, stack(0x00000038d4e00000,0x00000038d4f00000)]
  0x000001476957e800 JavaThread "Incoming local TCP Connector on port 56563" [_thread_in_native, id=5124, stack(0x00000038d5100000,0x00000038d5200000)]
  0x000001476949a800 JavaThread "Daemon periodic checks" [_thread_blocked, id=3184, stack(0x00000038d5200000,0x00000038d5300000)]
  0x000001476949d000 JavaThread "Daemon" [_thread_blocked, id=18696, stack(0x00000038d5300000,0x00000038d5400000)]
  0x0000014769a60000 JavaThread "Handler for socket connection from /127.0.0.1:56563 to /127.0.0.1:56564" [_thread_in_native, id=13112, stack(0x00000038d5400000,0x00000038d5500000)]
  0x00000147686cd800 JavaThread "Cancel handler" [_thread_blocked, id=12008, stack(0x00000038d5500000,0x00000038d5600000)]
  0x00000147686c9000 JavaThread "Daemon worker" [_thread_in_vm, id=3164, stack(0x00000038d5600000,0x00000038d5700000)]
  0x0000014768fc9800 JavaThread "Asynchronous log dispatcher for DefaultDaemonConnection: socket connection from /127.0.0.1:56563 to /127.0.0.1:56564" [_thread_blocked, id=8908, stack(0x00000038d5700000,0x00000038d5800000)]
  0x0000014769cdb800 JavaThread "Stdin handler" [_thread_blocked, id=13944, stack(0x00000038d5800000,0x00000038d5900000)]
  0x0000014769cc1000 JavaThread "Daemon client event forwarder" [_thread_blocked, id=11756, stack(0x00000038d5900000,0x00000038d5a00000)]
  0x0000014769cbe800 JavaThread "Cache worker for file hash cache (C:\Users\adal_\.gradle\caches\7.0.2\fileHashes)" [_thread_blocked, id=15320, stack(0x00000038d5a00000,0x00000038d5b00000)]
  0x0000014769cbf800 JavaThread "File lock request listener" [_thread_in_native, id=16224, stack(0x00000038d5b00000,0x00000038d5c00000)]
  0x0000014769cc0000 JavaThread "Cache worker for journal cache (C:\Users\adal_\.gradle\caches\journal-1)" [_thread_blocked, id=9636, stack(0x00000038d6100000,0x00000038d6200000)]
  0x0000014769cbc000 JavaThread "Cache worker for file hash cache (C:\Users\adal_\AndroidStudioProjects\FoodyKraveProyect\.gradle\7.0.2\fileHashes)" [_thread_blocked, id=9912, stack(0x00000038d6200000,0x00000038d6300000)]
  0x0000014769cbb800 JavaThread "File watcher server" daemon [_thread_in_native, id=1944, stack(0x00000038d6300000,0x00000038d6400000)]
  0x0000014769cbd800 JavaThread "File watcher consumer" daemon [_thread_blocked, id=3084, stack(0x00000038d6400000,0x00000038d6500000)]
  0x0000014769cbd000 JavaThread "Cache worker for checksums cache (C:\Users\adal_\AndroidStudioProjects\FoodyKraveProyect\.gradle\checksums)" [_thread_blocked, id=18420, stack(0x00000038d6500000,0x00000038d6600000)]
  0x0000014769cc2000 JavaThread "Cache worker for cache directory md-supplier (C:\Users\adal_\.gradle\caches\7.0.2\md-supplier)" [_thread_blocked, id=5716, stack(0x00000038d6600000,0x00000038d6700000)]
  0x0000014769df8000 JavaThread "Cache worker for cache directory md-rule (C:\Users\adal_\.gradle\caches\7.0.2\md-rule)" [_thread_blocked, id=17456, stack(0x00000038d6700000,0x00000038d6800000)]
  0x0000014769df5800 JavaThread "Cache worker for execution history cache (C:\Users\adal_\.gradle\caches\7.0.2\executionHistory)" [_thread_blocked, id=14368, stack(0x00000038d6800000,0x00000038d6900000)]
  0x0000014769df2000 JavaThread "jar transforms" [_thread_blocked, id=16632, stack(0x00000038d6900000,0x00000038d6a00000)]
  0x0000014769df6800 JavaThread "jar transforms Thread 2" [_thread_blocked, id=10108, stack(0x00000038d6a00000,0x00000038d6b00000)]
  0x0000014769df7000 JavaThread "Cache worker for file content cache (C:\Users\adal_\.gradle\caches\7.0.2\fileContent)" [_thread_blocked, id=4632, stack(0x00000038d6b00000,0x00000038d6c00000)]
  0x0000014769df3000 JavaThread "Cache worker for dependencies-accessors (C:\Users\adal_\AndroidStudioProjects\FoodyKraveProyect\.gradle\7.0.2\dependencies-accessors)" [_thread_blocked, id=7116, stack(0x00000038d6c00000,0x00000038d6d00000)]
  0x0000014769df9800 JavaThread "jar transforms Thread 3" [_thread_blocked, id=15604, stack(0x00000038d6d00000,0x00000038d6e00000)]
  0x0000014769df4000 JavaThread "Cache worker for Build Output Cleanup Cache (C:\Users\adal_\AndroidStudioProjects\FoodyKraveProyect\.gradle\buildOutputCleanup)" [_thread_blocked, id=17712, stack(0x00000038d6e00000,0x00000038d6f00000)]
  0x0000014769e00000 JavaThread "Build operations" [_thread_blocked, id=8756, stack(0x00000038d6f00000,0x00000038d7000000)]
  0x0000014769dfa800 JavaThread "Build operations Thread 2" [_thread_blocked, id=7196, stack(0x00000038d7000000,0x00000038d7100000)]
  0x0000014769dfe800 JavaThread "Build operations Thread 3" [_thread_blocked, id=14324, stack(0x00000038d7100000,0x00000038d7200000)]
  0x0000014769dfc000 JavaThread "Build operations Thread 4" [_thread_blocked, id=10992, stack(0x00000038d7200000,0x00000038d7300000)]
  0x0000014769e01000 JavaThread "Build operations Thread 5" [_thread_blocked, id=17244, stack(0x00000038d7300000,0x00000038d7400000)]
  0x0000014769dfb000 JavaThread "Build operations Thread 6" [_thread_blocked, id=14096, stack(0x00000038d7400000,0x00000038d7500000)]
  0x0000014769dfd000 JavaThread "Build operations Thread 7" [_thread_blocked, id=18016, stack(0x00000038d7500000,0x00000038d7600000)]
  0x0000014769dfd800 JavaThread "Build operations Thread 8" [_thread_blocked, id=1956, stack(0x00000038d7600000,0x00000038d7700000)]
  0x0000014769dff000 JavaThread "jar transforms Thread 4" [_thread_blocked, id=17948, stack(0x00000038d7800000,0x00000038d7900000)]
  0x0000014767dce800 JavaThread "jar transforms Thread 5" [_thread_blocked, id=17256, stack(0x00000038d7900000,0x00000038d7a00000)]
  0x0000014767dd0000 JavaThread "jar transforms Thread 6" [_thread_blocked, id=15684, stack(0x00000038d7a00000,0x00000038d7b00000)]
  0x0000014767dcf000 JavaThread "jar transforms Thread 7" [_thread_blocked, id=2236, stack(0x00000038d7b00000,0x00000038d7c00000)]
  0x0000014767dca800 JavaThread "jar transforms Thread 8" [_thread_blocked, id=18020, stack(0x00000038d7c00000,0x00000038d7d00000)]
  0x0000014767dcc000 JavaThread "Memory manager" [_thread_blocked, id=13236, stack(0x00000038d7700000,0x00000038d7800000)]

Other Threads:
  0x0000014767030000 VMThread "VM Thread" [stack: 0x00000038d4200000,0x00000038d4300000] [id=18620]
  0x0000014767b55000 WatcherThread [stack: 0x00000038d4c00000,0x00000038d4d00000] [id=15696]
  0x000001474cbf8800 GCTaskThread "GC Thread#0" [stack: 0x00000038d3d00000,0x00000038d3e00000] [id=10272]
  0x00000147688ac000 GCTaskThread "GC Thread#1" [stack: 0x00000038d4d00000,0x00000038d4e00000] [id=19464]
  0x0000014769502800 GCTaskThread "GC Thread#2" [stack: 0x00000038d4f00000,0x00000038d5000000] [id=15864]
  0x0000014768f0b800 GCTaskThread "GC Thread#3" [stack: 0x00000038d5000000,0x00000038d5100000] [id=6488]
  0x0000014768d1e800 GCTaskThread "GC Thread#4" [stack: 0x00000038d5c00000,0x00000038d5d00000] [id=6516]
  0x0000014768688000 GCTaskThread "GC Thread#5" [stack: 0x00000038d5d00000,0x00000038d5e00000] [id=17816]
  0x0000014768689000 GCTaskThread "GC Thread#6" [stack: 0x00000038d5e00000,0x00000038d5f00000] [id=19020]
  0x0000014768f8b800 GCTaskThread "GC Thread#7" [stack: 0x00000038d5f00000,0x00000038d6000000] [id=9360]
  0x000001474cc2a000 ConcurrentGCThread "G1 Main Marker" [stack: 0x00000038d3e00000,0x00000038d3f00000] [id=10656]
  0x000001474cc2b000 ConcurrentGCThread "G1 Conc#0" [stack: 0x00000038d3f00000,0x00000038d4000000] [id=10648]
  0x0000014769a19800 ConcurrentGCThread "G1 Conc#1" [stack: 0x00000038d6000000,0x00000038d6100000] [id=10092]
  0x000001474ccb1000 ConcurrentGCThread "G1 Refine#0" [stack: 0x00000038d4000000,0x00000038d4100000] [id=16080]
  0x000001474ccb2000 ConcurrentGCThread "G1 Young RemSet Sampling" [stack: 0x00000038d4100000,0x00000038d4200000] [id=9304]

Threads with active compile tasks:
C2 CompilerThread0  22227 6038       4       org.objectweb.asm.SymbolTable::addConstantMemberReference (147 bytes)

VM state:not at safepoint (normal execution)

VM Mutex/Monitor currently owned by a thread: None

Heap address: 0x0000000080000000, size: 2048 MB, Compressed Oops mode: 32-bit
Narrow klass base: 0x0000000000000000, Narrow klass shift: 3
Compressed class space size: 1073741824 Address: 0x0000000100000000

Heap:
 garbage-first heap   total 98304K, used 58811K [0x0000000080000000, 0x0000000100000000)
  region size 1024K, 11 young (11264K), 3 survivors (3072K)
 Metaspace       used 59530K, capacity 60936K, committed 61132K, reserved 1101824K
  class space    used 7510K, capacity 8036K, committed 8140K, reserved 1048576K
Heap Regions: E=young(eden), S=young(survivor), O=old, HS=humongous(starts), HC=humongous(continues), CS=collection set, F=free, A=archive, TAMS=top-at-mark-start (previous, next)
|   0|0x0000000080000000, 0x0000000080100000, 0x0000000080100000|100%| O|  |TAMS 0x0000000080100000, 0x0000000080000000| Untracked 
|   1|0x0000000080100000, 0x0000000080200000, 0x0000000080200000|100%| O|  |TAMS 0x0000000080200000, 0x0000000080100000| Untracked 
|   2|0x0000000080200000, 0x0000000080300000, 0x0000000080300000|100%| O|  |TAMS 0x0000000080300000, 0x0000000080200000| Untracked 
|   3|0x0000000080300000, 0x0000000080400000, 0x0000000080400000|100%|HS|  |TAMS 0x0000000080400000, 0x0000000080300000| Complete 
|   4|0x0000000080400000, 0x0000000080500000, 0x0000000080500000|100%|HC|  |TAMS 0x0000000080500000, 0x0000000080400000| Complete 
|   5|0x0000000080500000, 0x0000000080600000, 0x0000000080600000|100%|HC|  |TAMS 0x0000000080600000, 0x0000000080500000| Complete 
|   6|0x0000000080600000, 0x0000000080700000, 0x0000000080700000|100%| O|  |TAMS 0x0000000080700000, 0x0000000080600000| Untracked 
|   7|0x0000000080700000, 0x0000000080800000, 0x0000000080800000|100%| O|  |TAMS 0x0000000080800000, 0x0000000080700000| Untracked 
|   8|0x0000000080800000, 0x0000000080900000, 0x0000000080900000|100%| O|  |TAMS 0x0000000080900000, 0x0000000080800000| Untracked 
|   9|0x0000000080900000, 0x0000000080a00000, 0x0000000080a00000|100%| O|  |TAMS 0x0000000080a00000, 0x0000000080900000| Untracked 
|  10|0x0000000080a00000, 0x0000000080b00000, 0x0000000080b00000|100%| O|  |TAMS 0x0000000080b00000, 0x0000000080a00000| Untracked 
|  11|0x0000000080b00000, 0x0000000080c00000, 0x0000000080c00000|100%| O|  |TAMS 0x0000000080c00000, 0x0000000080b00000| Untracked 
|  12|0x0000000080c00000, 0x0000000080d00000, 0x0000000080d00000|100%| O|  |TAMS 0x0000000080d00000, 0x0000000080c00000| Untracked 
|  13|0x0000000080d00000, 0x0000000080e00000, 0x0000000080e00000|100%| O|  |TAMS 0x0000000080e00000, 0x0000000080d00000| Untracked 
|  14|0x0000000080e00000, 0x0000000080f00000, 0x0000000080f00000|100%| O|  |TAMS 0x0000000080f00000, 0x0000000080e00000| Untracked 
|  15|0x0000000080f00000, 0x0000000081000000, 0x0000000081000000|100%| O|  |TAMS 0x0000000081000000, 0x0000000080f00000| Untracked 
|  16|0x0000000081000000, 0x0000000081100000, 0x0000000081100000|100%| O|  |TAMS 0x0000000081100000, 0x0000000081000000| Untracked 
|  17|0x0000000081100000, 0x0000000081200000, 0x0000000081200000|100%| O|  |TAMS 0x0000000081200000, 0x0000000081100000| Untracked 
|  18|0x0000000081200000, 0x0000000081300000, 0x0000000081300000|100%| O|  |TAMS 0x0000000081300000, 0x0000000081200000| Untracked 
|  19|0x0000000081300000, 0x0000000081400000, 0x0000000081400000|100%| O|  |TAMS 0x0000000081400000, 0x0000000081300000| Untracked 
|  20|0x0000000081400000, 0x0000000081500000, 0x0000000081500000|100%| O|  |TAMS 0x0000000081500000, 0x0000000081400000| Untracked 
|  21|0x0000000081500000, 0x0000000081600000, 0x0000000081600000|100%| O|  |TAMS 0x0000000081600000, 0x0000000081500000| Untracked 
|  22|0x0000000081600000, 0x0000000081700000, 0x0000000081700000|100%| O|  |TAMS 0x0000000081700000, 0x0000000081600000| Untracked 
|  23|0x0000000081700000, 0x0000000081800000, 0x0000000081800000|100%| O|  |TAMS 0x0000000081800000, 0x0000000081700000| Untracked 
|  24|0x0000000081800000, 0x0000000081900000, 0x0000000081900000|100%| O|  |TAMS 0x0000000081900000, 0x0000000081800000| Untracked 
|  25|0x0000000081900000, 0x0000000081a00000, 0x0000000081a00000|100%| O|  |TAMS 0x0000000081a00000, 0x0000000081900000| Untracked 
|  26|0x0000000081a00000, 0x0000000081b00000, 0x0000000081b00000|100%|HS|  |TAMS 0x0000000081b00000, 0x0000000081a00000| Complete 
|  27|0x0000000081b00000, 0x0000000081c00000, 0x0000000081c00000|100%|HS|  |TAMS 0x0000000081c00000, 0x0000000081b00000| Complete 
|  28|0x0000000081c00000, 0x0000000081d00000, 0x0000000081d00000|100%|HS|  |TAMS 0x0000000081d00000, 0x0000000081c00000| Complete 
|  29|0x0000000081d00000, 0x0000000081e00000, 0x0000000081e00000|100%| O|  |TAMS 0x0000000081e00000, 0x0000000081d00000| Untracked 
|  30|0x0000000081e00000, 0x0000000081f00000, 0x0000000081f00000|100%| O|  |TAMS 0x0000000081f00000, 0x0000000081e00000| Untracked 
|  31|0x0000000081f00000, 0x0000000082000000, 0x0000000082000000|100%| O|  |TAMS 0x0000000082000000, 0x0000000081f00000| Untracked 
|  32|0x0000000082000000, 0x0000000082100000, 0x0000000082100000|100%|HS|  |TAMS 0x0000000082100000, 0x0000000082000000| Complete 
|  33|0x0000000082100000, 0x0000000082200000, 0x0000000082200000|100%|HC|  |TAMS 0x0000000082200000, 0x0000000082100000| Complete 
|  34|0x0000000082200000, 0x0000000082300000, 0x0000000082300000|100%|HC|  |TAMS 0x0000000082300000, 0x0000000082200000| Complete 
|  35|0x0000000082300000, 0x0000000082400000, 0x0000000082400000|100%|HS|  |TAMS 0x0000000082400000, 0x0000000082300000| Complete 
|  36|0x0000000082400000, 0x0000000082500000, 0x0000000082500000|100%|HC|  |TAMS 0x0000000082500000, 0x0000000082400000| Complete 
|  37|0x0000000082500000, 0x0000000082600000, 0x0000000082600000|100%| O|  |TAMS 0x0000000082600000, 0x0000000082500000| Untracked 
|  38|0x0000000082600000, 0x0000000082700000, 0x0000000082700000|100%| O|  |TAMS 0x0000000082700000, 0x0000000082600000| Untracked 
|  39|0x0000000082700000, 0x0000000082800000, 0x0000000082800000|100%| O|  |TAMS 0x0000000082800000, 0x0000000082700000| Untracked 
|  40|0x0000000082800000, 0x0000000082900000, 0x0000000082900000|100%| O|  |TAMS 0x0000000082900000, 0x0000000082800000| Untracked 
|  41|0x0000000082900000, 0x0000000082a00000, 0x0000000082a00000|100%| O|  |TAMS 0x0000000082a00000, 0x0000000082900000| Untracked 
|  42|0x0000000082a00000, 0x0000000082b00000, 0x0000000082b00000|100%| O|  |TAMS 0x0000000082b00000, 0x0000000082a00000| Untracked 
|  43|0x0000000082b00000, 0x0000000082c00000, 0x0000000082c00000|100%| O|  |TAMS 0x0000000082c00000, 0x0000000082b00000| Untracked 
|  44|0x0000000082c00000, 0x0000000082d00000, 0x0000000082d00000|100%| O|  |TAMS 0x0000000082d00000, 0x0000000082c00000| Untracked 
|  45|0x0000000082d00000, 0x0000000082e00000, 0x0000000082e00000|100%| O|  |TAMS 0x0000000082e00000, 0x0000000082d00000| Untracked 
|  46|0x0000000082e00000, 0x0000000082f00000, 0x0000000082f00000|100%| O|  |TAMS 0x0000000082f00000, 0x0000000082e00000| Untracked 
|  47|0x0000000082f00000, 0x0000000083000000, 0x0000000083000000|100%| O|  |TAMS 0x0000000083000000, 0x0000000082f00000| Untracked 
|  48|0x0000000083000000, 0x000000008305ba00, 0x0000000083100000| 35%| O|  |TAMS 0x000000008305ba00, 0x0000000083000000| Untracked 
|  49|0x0000000083100000, 0x0000000083100000, 0x0000000083200000|  0%| F|  |TAMS 0x0000000083100000, 0x0000000083100000| Untracked 
|  50|0x0000000083200000, 0x0000000083200000, 0x0000000083300000|  0%| F|  |TAMS 0x0000000083200000, 0x0000000083200000| Untracked 
|  51|0x0000000083300000, 0x0000000083300000, 0x0000000083400000|  0%| F|  |TAMS 0x0000000083300000, 0x0000000083300000| Untracked 
|  52|0x0000000083400000, 0x0000000083400000, 0x0000000083500000|  0%| F|  |TAMS 0x0000000083400000, 0x0000000083400000| Untracked 
|  53|0x0000000083500000, 0x0000000083500000, 0x0000000083600000|  0%| F|  |TAMS 0x0000000083500000, 0x0000000083500000| Untracked 
|  54|0x0000000083600000, 0x0000000083600000, 0x0000000083700000|  0%| F|  |TAMS 0x0000000083600000, 0x0000000083600000| Untracked 
|  55|0x0000000083700000, 0x0000000083700000, 0x0000000083800000|  0%| F|  |TAMS 0x0000000083700000, 0x0000000083700000| Untracked 
|  56|0x0000000083800000, 0x0000000083800000, 0x0000000083900000|  0%| F|  |TAMS 0x0000000083800000, 0x0000000083800000| Untracked 
|  57|0x0000000083900000, 0x0000000083900000, 0x0000000083a00000|  0%| F|  |TAMS 0x0000000083900000, 0x0000000083900000| Untracked 
|  58|0x0000000083a00000, 0x0000000083a00000, 0x0000000083b00000|  0%| F|  |TAMS 0x0000000083a00000, 0x0000000083a00000| Untracked 
|  59|0x0000000083b00000, 0x0000000083b00000, 0x0000000083c00000|  0%| F|  |TAMS 0x0000000083b00000, 0x0000000083b00000| Untracked 
|  60|0x0000000083c00000, 0x0000000083c00000, 0x0000000083d00000|  0%| F|  |TAMS 0x0000000083c00000, 0x0000000083c00000| Untracked 
|  61|0x0000000083d00000, 0x0000000083d00000, 0x0000000083e00000|  0%| F|  |TAMS 0x0000000083d00000, 0x0000000083d00000| Untracked 
|  62|0x0000000083e00000, 0x0000000083e00000, 0x0000000083f00000|  0%| F|  |TAMS 0x0000000083e00000, 0x0000000083e00000| Untracked 
|  63|0x0000000083f00000, 0x0000000083f00000, 0x0000000084000000|  0%| F|  |TAMS 0x0000000083f00000, 0x0000000083f00000| Untracked 
|  64|0x0000000084000000, 0x0000000084000000, 0x0000000084100000|  0%| F|  |TAMS 0x0000000084000000, 0x0000000084000000| Untracked 
|  65|0x0000000084100000, 0x0000000084100000, 0x0000000084200000|  0%| F|  |TAMS 0x0000000084100000, 0x0000000084100000| Untracked 
|  66|0x0000000084200000, 0x0000000084200000, 0x0000000084300000|  0%| F|  |TAMS 0x0000000084200000, 0x0000000084200000| Untracked 
|  67|0x0000000084300000, 0x0000000084300000, 0x0000000084400000|  0%| F|  |TAMS 0x0000000084300000, 0x0000000084300000| Untracked 
|  68|0x0000000084400000, 0x0000000084400000, 0x0000000084500000|  0%| F|  |TAMS 0x0000000084400000, 0x0000000084400000| Untracked 
|  69|0x0000000084500000, 0x0000000084500000, 0x0000000084600000|  0%| F|  |TAMS 0x0000000084500000, 0x0000000084500000| Untracked 
|  70|0x0000000084600000, 0x0000000084613240, 0x0000000084700000|  7%| S|CS|TAMS 0x0000000084600000, 0x0000000084600000| Complete 
|  71|0x0000000084700000, 0x0000000084800000, 0x0000000084800000|100%| S|CS|TAMS 0x0000000084700000, 0x0000000084700000| Complete 
|  72|0x0000000084800000, 0x0000000084900000, 0x0000000084900000|100%| S|CS|TAMS 0x0000000084800000, 0x0000000084800000| Complete 
|  73|0x0000000084900000, 0x0000000084900000, 0x0000000084a00000|  0%| F|  |TAMS 0x0000000084900000, 0x0000000084900000| Untracked 
|  74|0x0000000084a00000, 0x0000000084a00000, 0x0000000084b00000|  0%| F|  |TAMS 0x0000000084a00000, 0x0000000084a00000| Untracked 
|  75|0x0000000084b00000, 0x0000000084b00000, 0x0000000084c00000|  0%| F|  |TAMS 0x0000000084b00000, 0x0000000084b00000| Untracked 
|  76|0x0000000084c00000, 0x0000000084c00000, 0x0000000084d00000|  0%| F|  |TAMS 0x0000000084c00000, 0x0000000084c00000| Untracked 
|  77|0x0000000084d00000, 0x0000000084d00000, 0x0000000084e00000|  0%| F|  |TAMS 0x0000000084d00000, 0x0000000084d00000| Untracked 
|  78|0x0000000084e00000, 0x0000000084e00000, 0x0000000084f00000|  0%| F|  |TAMS 0x0000000084e00000, 0x0000000084e00000| Untracked 
|  79|0x0000000084f00000, 0x0000000084f00000, 0x0000000085000000|  0%| F|  |TAMS 0x0000000084f00000, 0x0000000084f00000| Untracked 
|  80|0x0000000085000000, 0x0000000085000000, 0x0000000085100000|  0%| F|  |TAMS 0x0000000085000000, 0x0000000085000000| Untracked 
|  81|0x0000000085100000, 0x0000000085100000, 0x0000000085200000|  0%| F|  |TAMS 0x0000000085100000, 0x0000000085100000| Untracked 
|  82|0x0000000085200000, 0x0000000085200000, 0x0000000085300000|  0%| F|  |TAMS 0x0000000085200000, 0x0000000085200000| Untracked 
|  83|0x0000000085300000, 0x0000000085300000, 0x0000000085400000|  0%| F|  |TAMS 0x0000000085300000, 0x0000000085300000| Untracked 
|  84|0x0000000085400000, 0x0000000085400000, 0x0000000085500000|  0%| F|  |TAMS 0x0000000085400000, 0x0000000085400000| Untracked 
|  85|0x0000000085500000, 0x0000000085500000, 0x0000000085600000|  0%| F|  |TAMS 0x0000000085500000, 0x0000000085500000| Untracked 
|  86|0x0000000085600000, 0x0000000085600000, 0x0000000085700000|  0%| F|  |TAMS 0x0000000085600000, 0x0000000085600000| Untracked 
|  87|0x0000000085700000, 0x0000000085700000, 0x0000000085800000|  0%| F|  |TAMS 0x0000000085700000, 0x0000000085700000| Untracked 
|  88|0x0000000085800000, 0x0000000085900000, 0x0000000085900000|100%| E|  |TAMS 0x0000000085800000, 0x0000000085800000| Complete 
|  89|0x0000000085900000, 0x0000000085a00000, 0x0000000085a00000|100%| E|CS|TAMS 0x0000000085900000, 0x0000000085900000| Complete 
|  90|0x0000000085a00000, 0x0000000085b00000, 0x0000000085b00000|100%| E|CS|TAMS 0x0000000085a00000, 0x0000000085a00000| Complete 
|  91|0x0000000085b00000, 0x0000000085c00000, 0x0000000085c00000|100%| E|CS|TAMS 0x0000000085b00000, 0x0000000085b00000| Complete 
|  92|0x0000000085c00000, 0x0000000085d00000, 0x0000000085d00000|100%| E|CS|TAMS 0x0000000085c00000, 0x0000000085c00000| Complete 
|  93|0x0000000085d00000, 0x0000000085e00000, 0x0000000085e00000|100%| E|CS|TAMS 0x0000000085d00000, 0x0000000085d00000| Complete 
|  94|0x0000000085e00000, 0x0000000085f00000, 0x0000000085f00000|100%| E|CS|TAMS 0x0000000085e00000, 0x0000000085e00000| Complete 
|  95|0x0000000085f00000, 0x0000000086000000, 0x0000000086000000|100%| E|CS|TAMS 0x0000000085f00000, 0x0000000085f00000| Complete 

Card table byte_map: [0x000001475fe00000,0x0000014760200000] _byte_map_base: 0x000001475fa00000

Marking Bits (Prev, Next): (CMBitMap*) 0x000001474cc213e0, (CMBitMap*) 0x000001474cc213a8
 Prev Bits: [0x0000014762600000, 0x0000014764600000)
 Next Bits: [0x0000014760600000, 0x0000014762600000)

Polling page: 0x000001474abb0000

Metaspace:

Usage:
  Non-class:     51.72 MB capacity,    50.87 MB ( 98%) used,   716.11 KB (  1%) free+waste,   154.06 KB ( <1%) overhead. 
      Class:      7.85 MB capacity,     7.34 MB ( 93%) used,   450.35 KB (  6%) free+waste,    72.63 KB ( <1%) overhead. 
       Both:     59.57 MB capacity,    58.21 MB ( 98%) used,     1.14 MB (  2%) free+waste,   226.69 KB ( <1%) overhead. 

Virtual space:
  Non-class space:       52.00 MB reserved,      51.75 MB (>99%) committed 
      Class space:        1.00 GB reserved,       7.95 MB ( <1%) committed 
             Both:        1.05 GB reserved,      59.70 MB (  6%) committed 

Chunk freelists:
   Non-Class:  28.00 KB
       Class:  28.00 KB
        Both:  56.00 KB

MaxMetaspaceSize: 17179869184.00 GB
CompressedClassSpaceSize: 1.00 GB

CodeHeap 'non-profiled nmethods': size=120000Kb used=2875Kb max_used=2875Kb free=117124Kb
 bounds [0x00000147581a0000, 0x0000014758470000, 0x000001475f6d0000]
CodeHeap 'profiled nmethods': size=120000Kb used=12613Kb max_used=12613Kb free=107386Kb
 bounds [0x0000014750c70000, 0x00000147518d0000, 0x00000147581a0000]
CodeHeap 'non-nmethods': size=5760Kb used=2250Kb max_used=2264Kb free=3509Kb
 bounds [0x00000147506d0000, 0x0000014750940000, 0x0000014750c70000]
 total_blobs=6858 nmethods=6022 adapters=747
 compilation: enabled
              stopped_count=0, restarted_count=0
 full_count=0

Compilation events (20 events):
Event: 22.167 Thread 0x000001476705f000 6046       3       com.google.common.collect.MapMakerInternalMap$WeakValueReferenceImpl::copyFor (14 bytes)
Event: 22.167 Thread 0x000001476705f000 nmethod 6046 0x00000147518b2690 code [0x00000147518b2880, 0x00000147518b2d78]
Event: 22.167 Thread 0x000001476705f000 6047       3       com.google.common.collect.MapMakerInternalMap$StrongKeyWeakValueEntry::copy (34 bytes)
Event: 22.168 Thread 0x000001476705f000 nmethod 6047 0x00000147518b2f10 code [0x00000147518b3100, 0x00000147518b3648]
Event: 22.171 Thread 0x000001476705f000 6048       3       com.google.common.reflect.Types$ClassOwnership$2::getOwnerType (14 bytes)
Event: 22.172 Thread 0x000001476705f000 nmethod 6048 0x00000147518b3810 code [0x00000147518b3a20, 0x00000147518b3ec8]
Event: 22.172 Thread 0x000001476705f000 6049       3       sun.reflect.generics.parser.SignatureParser::parseTypeVariableSignature (93 bytes)
Event: 22.174 Thread 0x000001476705f000 nmethod 6049 0x00000147518b4090 code [0x00000147518b43a0, 0x00000147518b50c8]
Event: 22.174 Thread 0x000001476705f000 6050       3       com.google.common.reflect.Types::newParameterizedTypeWithOwner (44 bytes)
Event: 22.175 Thread 0x000001476705f000 nmethod 6050 0x00000147518b5610 code [0x00000147518b58e0, 0x00000147518b6588]
Event: 22.175 Thread 0x000001476705f000 6055       3       com.google.common.collect.AbstractMapBasedMultimap$WrappedCollection::iterator (13 bytes)
Event: 22.176 Thread 0x000001476705f000 nmethod 6055 0x00000147518b6a10 code [0x00000147518b6c40, 0x00000147518b74a8]
Event: 22.176 Thread 0x000001476705f000 6056       3       com.google.common.collect.AbstractMapBasedMultimap$WrappedCollection$WrappedIterator::<init> (32 bytes)
Event: 22.176 Thread 0x000001476705f000 nmethod 6056 0x00000147518b7690 code [0x00000147518b78a0, 0x00000147518b7fb8]
Event: 22.176 Thread 0x000001476705f000 6057       3       com.google.common.collect.AbstractMapBasedMultimap::access$100 (5 bytes)
Event: 22.177 Thread 0x000001476705f000 nmethod 6057 0x00000147518b8190 code [0x00000147518b8380, 0x00000147518b8898]
Event: 22.177 Thread 0x000001476705f000 6051       3       com.google.common.reflect.Types::newParameterizedType (17 bytes)
Event: 22.177 Thread 0x000001476705f000 nmethod 6051 0x00000147518b8a10 code [0x00000147518b8c40, 0x00000147518b91d8]
Event: 22.178 Thread 0x000001476705f000 6052       3       com.google.common.reflect.Types$ParameterizedTypeImpl::<init> (55 bytes)
Event: 22.179 Thread 0x000001476705f000 nmethod 6052 0x00000147518b9410 code [0x00000147518b96a0, 0x00000147518ba228]

GC Heap History (20 events):
Event: 6.858 GC heap before
{Heap before GC invocations=4 (full 0):
 garbage-first heap   total 98304K, used 63393K [0x0000000080000000, 0x0000000100000000)
  region size 1024K, 47 young (48128K), 2 survivors (2048K)
 Metaspace       used 25238K, capacity 25845K, committed 26112K, reserved 1071104K
  class space    used 3283K, capacity 3490K, committed 3584K, reserved 1048576K
}
Event: 6.865 GC heap after
{Heap after GC invocations=5 (full 0):
 garbage-first heap   total 98304K, used 18658K [0x0000000080000000, 0x0000000100000000)
  region size 1024K, 4 young (4096K), 4 survivors (4096K)
 Metaspace       used 25238K, capacity 25845K, committed 26112K, reserved 1071104K
  class space    used 3283K, capacity 3490K, committed 3584K, reserved 1048576K
}
Event: 9.127 GC heap before
{Heap before GC invocations=5 (full 0):
 garbage-first heap   total 98304K, used 65762K [0x0000000080000000, 0x0000000100000000)
  region size 1024K, 50 young (51200K), 4 survivors (4096K)
 Metaspace       used 29750K, capacity 30459K, committed 30720K, reserved 1075200K
  class space    used 3996K, capacity 4242K, committed 4352K, reserved 1048576K
}
Event: 9.133 GC heap after
{Heap after GC invocations=6 (full 0):
 garbage-first heap   total 98304K, used 20094K [0x0000000080000000, 0x0000000100000000)
  region size 1024K, 5 young (5120K), 5 survivors (5120K)
 Metaspace       used 29750K, capacity 30459K, committed 30720K, reserved 1075200K
  class space    used 3996K, capacity 4242K, committed 4352K, reserved 1048576K
}
Event: 9.916 GC heap before
{Heap before GC invocations=6 (full 0):
 garbage-first heap   total 98304K, used 36478K [0x0000000080000000, 0x0000000100000000)
  region size 1024K, 23 young (23552K), 5 survivors (5120K)
 Metaspace       used 35036K, capacity 35830K, committed 35840K, reserved 1081344K
  class space    used 4537K, capacity 4864K, committed 4864K, reserved 1048576K
}
Event: 9.927 GC heap after
{Heap after GC invocations=7 (full 0):
 garbage-first heap   total 98304K, used 22526K [0x0000000080000000, 0x0000000100000000)
  region size 1024K, 6 young (6144K), 6 survivors (6144K)
 Metaspace       used 35036K, capacity 35830K, committed 35840K, reserved 1081344K
  class space    used 4537K, capacity 4864K, committed 4864K, reserved 1048576K
}
Event: 12.116 GC heap before
{Heap before GC invocations=8 (full 0):
 garbage-first heap   total 98304K, used 67582K [0x0000000080000000, 0x0000000100000000)
  region size 1024K, 48 young (49152K), 6 survivors (6144K)
 Metaspace       used 38376K, capacity 39259K, committed 39372K, reserved 1083392K
  class space    used 4896K, capacity 5212K, committed 5324K, reserved 1048576K
}
Event: 12.128 GC heap after
{Heap after GC invocations=9 (full 0):
 garbage-first heap   total 98304K, used 26510K [0x0000000080000000, 0x0000000100000000)
  region size 1024K, 6 young (6144K), 6 survivors (6144K)
 Metaspace       used 38376K, capacity 39259K, committed 39372K, reserved 1083392K
  class space    used 4896K, capacity 5212K, committed 5324K, reserved 1048576K
}
Event: 13.626 GC heap before
{Heap before GC invocations=9 (full 0):
 garbage-first heap   total 98304K, used 67470K [0x0000000080000000, 0x0000000100000000)
  region size 1024K, 47 young (48128K), 6 survivors (6144K)
 Metaspace       used 41618K, capacity 42484K, committed 42700K, reserved 1085440K
  class space    used 5366K, capacity 5706K, committed 5836K, reserved 1048576K
}
Event: 13.639 GC heap after
{Heap after GC invocations=10 (full 0):
 garbage-first heap   total 98304K, used 28247K [0x0000000080000000, 0x0000000100000000)
  region size 1024K, 3 young (3072K), 3 survivors (3072K)
 Metaspace       used 41618K, capacity 42484K, committed 42700K, reserved 1085440K
  class space    used 5366K, capacity 5706K, committed 5836K, reserved 1048576K
}
Event: 15.794 GC heap before
{Heap before GC invocations=10 (full 0):
 garbage-first heap   total 98304K, used 71255K [0x0000000080000000, 0x0000000100000000)
  region size 1024K, 44 young (45056K), 3 survivors (3072K)
 Metaspace       used 45401K, capacity 46572K, committed 46796K, reserved 1089536K
  class space    used 5832K, capacity 6260K, committed 6348K, reserved 1048576K
}
Event: 15.799 GC heap after
{Heap after GC invocations=11 (full 0):
 garbage-first heap   total 98304K, used 29670K [0x0000000080000000, 0x0000000100000000)
  region size 1024K, 4 young (4096K), 4 survivors (4096K)
 Metaspace       used 45401K, capacity 46572K, committed 46796K, reserved 1089536K
  class space    used 5832K, capacity 6260K, committed 6348K, reserved 1048576K
}
Event: 18.406 GC heap before
{Heap before GC invocations=11 (full 0):
 garbage-first heap   total 98304K, used 75750K [0x0000000080000000, 0x0000000100000000)
  region size 1024K, 46 young (47104K), 4 survivors (4096K)
 Metaspace       used 47256K, capacity 48491K, committed 48844K, reserved 1091584K
  class space    used 6029K, capacity 6487K, committed 6604K, reserved 1048576K
}
Event: 18.416 GC heap after
{Heap after GC invocations=12 (full 0):
 garbage-first heap   total 98304K, used 38421K [0x0000000080000000, 0x0000000100000000)
  region size 1024K, 6 young (6144K), 6 survivors (6144K)
 Metaspace       used 47256K, capacity 48491K, committed 48844K, reserved 1091584K
  class space    used 6029K, capacity 6487K, committed 6604K, reserved 1048576K
}
Event: 20.161 GC heap before
{Heap before GC invocations=12 (full 0):
 garbage-first heap   total 98304K, used 79381K [0x0000000080000000, 0x0000000100000000)
  region size 1024K, 42 young (43008K), 6 survivors (6144K)
 Metaspace       used 50563K, capacity 51905K, committed 52044K, reserved 1093632K
  class space    used 6438K, capacity 6927K, committed 6988K, reserved 1048576K
}
Event: 20.168 GC heap after
{Heap after GC invocations=13 (full 0):
 garbage-first heap   total 98304K, used 49854K [0x0000000080000000, 0x0000000100000000)
  region size 1024K, 6 young (6144K), 6 survivors (6144K)
 Metaspace       used 50563K, capacity 51905K, committed 52044K, reserved 1093632K
  class space    used 6438K, capacity 6927K, committed 6988K, reserved 1048576K
}
Event: 21.031 GC heap before
{Heap before GC invocations=13 (full 0):
 garbage-first heap   total 98304K, used 78526K [0x0000000080000000, 0x0000000100000000)
  region size 1024K, 34 young (34816K), 6 survivors (6144K)
 Metaspace       used 54853K, capacity 56264K, committed 56396K, reserved 1097728K
  class space    used 6949K, capacity 7463K, committed 7500K, reserved 1048576K
}
Event: 21.036 GC heap after
{Heap after GC invocations=14 (full 0):
 garbage-first heap   total 98304K, used 50712K [0x0000000080000000, 0x0000000100000000)
  region size 1024K, 2 young (2048K), 2 survivors (2048K)
 Metaspace       used 54853K, capacity 56264K, committed 56396K, reserved 1097728K
  class space    used 6949K, capacity 7463K, committed 7500K, reserved 1048576K
}
Event: 21.885 GC heap before
{Heap before GC invocations=14 (full 0):
 garbage-first heap   total 98304K, used 73240K [0x0000000080000000, 0x0000000100000000)
  region size 1024K, 25 young (25600K), 2 survivors (2048K)
 Metaspace       used 58704K, capacity 60154K, committed 60236K, reserved 1101824K
  class space    used 7399K, capacity 7947K, committed 8012K, reserved 1048576K
}
Event: 21.891 GC heap after
{Heap after GC invocations=15 (full 0):
 garbage-first heap   total 98304K, used 51643K [0x0000000080000000, 0x0000000100000000)
  region size 1024K, 3 young (3072K), 3 survivors (3072K)
 Metaspace       used 58704K, capacity 60154K, committed 60236K, reserved 1101824K
  class space    used 7399K, capacity 7947K, committed 8012K, reserved 1048576K
}

Deoptimization events (20 events):
Event: 19.963 Thread 0x00000147686c9000 Uncommon trap: trap_request=0xffffff45 fr.pc=0x000001475832e4c4 relative=0x0000000000000d84
Event: 19.963 Thread 0x00000147686c9000 Uncommon trap: reason=unstable_fused_if action=reinterpret pc=0x000001475832e4c4 method=org.objectweb.asm.ByteVector.putUTF8(Ljava/lang/String;)Lorg/objectweb/asm/ByteVector; @ 93 c2
Event: 19.963 Thread 0x00000147686c9000 DEOPT PACKING pc=0x000001475832e4c4 sp=0x00000038d56f81b0
Event: 19.963 Thread 0x00000147686c9000 DEOPT UNPACKING pc=0x00000147506f78af sp=0x00000038d56f8108 mode 2
Event: 19.964 Thread 0x00000147686c9000 Uncommon trap: trap_request=0xffffff4d fr.pc=0x000001475833a5fc relative=0x0000000000005e3c
Event: 19.964 Thread 0x00000147686c9000 Uncommon trap: reason=unstable_if action=reinterpret pc=0x000001475833a5fc method=org.objectweb.asm.Frame.execute(IILorg/objectweb/asm/Symbol;Lorg/objectweb/asm/SymbolTable;)V @ 1 c2
Event: 19.964 Thread 0x00000147686c9000 DEOPT PACKING pc=0x000001475833a5fc sp=0x00000038d56f83a0
Event: 19.964 Thread 0x00000147686c9000 DEOPT UNPACKING pc=0x00000147506f78af sp=0x00000038d56f8348 mode 2
Event: 20.011 Thread 0x00000147686c9000 Uncommon trap: trap_request=0xffffff45 fr.pc=0x00000147582b1b6c relative=0x000000000000020c
Event: 20.011 Thread 0x00000147686c9000 Uncommon trap: reason=unstable_fused_if action=reinterpret pc=0x00000147582b1b6c method=org.objectweb.asm.ByteVector.putUTF8(Ljava/lang/String;)Lorg/objectweb/asm/ByteVector; @ 93 c2
Event: 20.011 Thread 0x00000147686c9000 DEOPT PACKING pc=0x00000147582b1b6c sp=0x00000038d56f84e0
Event: 20.011 Thread 0x00000147686c9000 DEOPT UNPACKING pc=0x00000147506f78af sp=0x00000038d56f8460 mode 2
Event: 20.015 Thread 0x00000147686c9000 Uncommon trap: trap_request=0xffffffde fr.pc=0x00000147583e4a54 relative=0x00000000000003f4
Event: 20.015 Thread 0x00000147686c9000 Uncommon trap: reason=class_check action=maybe_recompile pc=0x00000147583e4a54 method=com.google.common.collect.RegularImmutableMap.get([I[Ljava/lang/Object;IILjava/lang/Object;)Ljava/lang/Object; @ 17 c2
Event: 20.015 Thread 0x00000147686c9000 DEOPT PACKING pc=0x00000147583e4a54 sp=0x00000038d56f8030
Event: 20.015 Thread 0x00000147686c9000 DEOPT UNPACKING pc=0x00000147506f78af sp=0x00000038d56f7fd0 mode 2
Event: 20.016 Thread 0x00000147686c9000 Uncommon trap: trap_request=0xffffff4d fr.pc=0x00000147583e4b70 relative=0x0000000000000510
Event: 20.016 Thread 0x00000147686c9000 Uncommon trap: reason=unstable_if action=reinterpret pc=0x00000147583e4b70 method=com.google.common.collect.RegularImmutableMap.get([I[Ljava/lang/Object;IILjava/lang/Object;)Ljava/lang/Object; @ 34 c2
Event: 20.016 Thread 0x00000147686c9000 DEOPT PACKING pc=0x00000147583e4b70 sp=0x00000038d56f8080
Event: 20.016 Thread 0x00000147686c9000 DEOPT UNPACKING pc=0x00000147506f78af sp=0x00000038d56f8028 mode 2

Classes redefined (0 events):
No events

Internal exceptions (20 events):
Event: 19.544 Thread 0x0000014769cc1000 Exception <a 'java/lang/NoSuchMethodError'{0x00000000852b1fb8}: <clinit>> (0x00000000852b1fb8) thrown at [./src/hotspot/share/prims/jni.cpp, line 1362]
Event: 19.545 Thread 0x0000014769cc1000 Exception <a 'java/lang/NoSuchMethodError'{0x00000000852bc0c8}: <clinit>> (0x00000000852bc0c8) thrown at [./src/hotspot/share/prims/jni.cpp, line 1362]
Event: 19.546 Thread 0x0000014769cc1000 Exception <a 'java/lang/NoSuchMethodError'{0x00000000852c6aa0}: <clinit>> (0x00000000852c6aa0) thrown at [./src/hotspot/share/prims/jni.cpp, line 1362]
Event: 19.550 Thread 0x0000014769cc1000 Exception <a 'java/lang/NoSuchMethodError'{0x00000000852db180}: <clinit>> (0x00000000852db180) thrown at [./src/hotspot/share/prims/jni.cpp, line 1362]
Event: 19.552 Thread 0x00000147686c9000 Implicit null exception at 0x000001475839f932 to 0x000001475839fb60
Event: 19.567 Thread 0x00000147686c9000 Exception <a 'java/lang/ClassNotFoundException'{0x000000008511d158}: build_c4cpyp1vxnv71yh4liocp1ckBeanInfo> (0x000000008511d158) thrown at [./src/hotspot/share/classfile/systemDictionary.cpp, line 231]
Event: 19.567 Thread 0x00000147686c9000 Exception <a 'java/lang/ClassNotFoundException'{0x0000000085128060}: build_c4cpyp1vxnv71yh4liocp1ckCustomizer> (0x0000000085128060) thrown at [./src/hotspot/share/classfile/systemDictionary.cpp, line 231]
Event: 19.582 Thread 0x00000147686c9000 Exception <a 'java/lang/ClassNotFoundException'{0x00000000851aa898}: org/gradle/plugin/use/internal/PluginRequestCollector$PluginDependenciesSpecImplBeanInfo> (0x00000000851aa898) thrown at [./src/hotspot/share/classfile/systemDictionary.cpp, line 231]
Event: 19.582 Thread 0x00000147686c9000 Exception <a 'java/lang/ClassNotFoundException'{0x00000000851d8748}: org/gradle/plugin/use/internal/PluginRequestCollector$PluginDependenciesSpecImplCustomizer> (0x00000000851d8748) thrown at [./src/hotspot/share/classfile/systemDictionary.cpp, line 231]
Event: 19.660 Thread 0x00000147686c9000 Exception <a 'java/lang/ClassNotFoundException'{0x0000000084d01b90}: org/gradle/api/internal/plugins/DefaultObjectConfigurationActionBeanInfo> (0x0000000084d01b90) thrown at [./src/hotspot/share/classfile/systemDictionary.cpp, line 231]
Event: 19.661 Thread 0x00000147686c9000 Exception <a 'java/lang/ClassNotFoundException'{0x0000000084d36448}: org/gradle/api/internal/plugins/DefaultObjectConfigurationActionCustomizer> (0x0000000084d36448) thrown at [./src/hotspot/share/classfile/systemDictionary.cpp, line 231]
Event: 19.946 Thread 0x00000147686c9000 Exception <a 'java/lang/NoSuchMethodError'{0x000000008431b658}: 'java.lang.Object java.lang.invoke.DirectMethodHandle$Holder.invokeStatic(java.lang.Object, java.lang.Object, java.lang.Object, java.lang.Object, int)'> (0x000000008431b658) thrown at [./src/hotspot/share/interpreter/linkResolver.cpp, line 773]
Event: 19.947 Thread 0x00000147686c9000 Exception <a 'java/lang/NoSuchMethodError'{0x0000000084320050}: 'java.lang.Object java.lang.invoke.DirectMethodHandle$Holder.invokeSpecial(java.lang.Object, java.lang.Object, java.lang.Object, java.lang.Object, java.lang.Object, int)'> (0x0000000084320050) thrown at [./src/hotspot/share/interpreter/linkResolver.cpp, line 773]
Event: 19.948 Thread 0x00000147686c9000 Exception <a 'java/lang/NoSuchMethodError'{0x0000000084324690}: 'java.lang.Object java.lang.invoke.Invokers$Holder.linkToTargetMethod(java.lang.Object, java.lang.Object, java.lang.Object, int, java.lang.Object)'> (0x0000000084324690) thrown at [./src/hotspot/share/interpreter/linkResolver.cpp, line 773]
Event: 20.016 Thread 0x00000147686c9000 Implicit null exception at 0x00000147583e4692 to 0x00000147583e4b50
Event: 20.420 Thread 0x00000147686c9000 Exception <a 'java/lang/NoSuchMethodError'{0x00000000859ddec0}: 'java.lang.Object java.lang.invoke.DirectMethodHandle$Holder.invokeSpecial(java.lang.Object, java.lang.Object, int, int, java.lang.Object, java.lang.Object, java.lang.Object)'> (0x00000000859ddec0) thrown at [./src/hotspot/share/interpreter/linkResolver.cpp, line 773]
Event: 20.421 Thread 0x00000147686c9000 Exception <a 'java/lang/NoSuchMethodError'{0x00000000859e2440}: 'java.lang.Object java.lang.invoke.DelegatingMethodHandle$Holder.reinvoke_L(java.lang.Object, int, int, java.lang.Object, java.lang.Object, java.lang.Object)'> (0x00000000859e2440) thrown at [./src/hotspot/share/interpreter/linkResolver.cpp, line 773]
Event: 20.826 Thread 0x00000147686c9000 Exception <a 'java/lang/NoSuchMethodError'{0x0000000084dd5588}: 'int java.lang.invoke.DirectMethodHandle$Holder.invokeInterface(java.lang.Object, java.lang.Object, java.lang.Object, java.lang.Object)'> (0x0000000084dd5588) thrown at [./src/hotspot/share/interpreter/linkResolver.cpp, line 773]
Event: 21.494 Thread 0x00000147686c9000 Exception <a 'java/lang/NoSuchMethodError'{0x0000000085251f40}: 'void java.lang.invoke.DirectMethodHandle$Holder.invokeInterface(java.lang.Object, java.lang.Object, java.lang.Object, java.lang.Object)'> (0x0000000085251f40) thrown at [./src/hotspot/share/interpreter/linkResolver.cpp, line 773]
Event: 21.751 Thread 0x00000147686c9000 Exception <a 'java/lang/IncompatibleClassChangeError'{0x0000000084a656b0}: Found class java.lang.Object, but interface was expected> (0x0000000084a656b0) thrown at [./src/hotspot/share/interpreter/linkResolver.cpp, line 839]

Events (20 events):
Event: 22.168 loading class org/gradle/api/internal/FactoryNamedDomainObjectContainer
Event: 22.168 loading class org/gradle/api/internal/FactoryNamedDomainObjectContainer done
Event: 22.176 loading class org/gradle/api/reflect/TypeOf$3
Event: 22.176 loading class org/gradle/api/reflect/TypeOf$3 done
Event: 22.179 loading class com/android/build/gradle/internal/variant/AbstractVariantInputManager$Companion
Event: 22.179 loading class com/android/build/gradle/internal/variant/AbstractVariantInputManager$Companion done
Event: 22.180 loading class com/android/builder/core/VariantTypeImpl
Event: 22.180 loading class com/android/builder/core/VariantTypeImpl done
Event: 22.180 loading class com/android/builder/core/VariantType
Event: 22.180 loading class com/android/builder/core/VariantType done
Event: 22.181 loading class com/google/wireless/android/sdk/stats/GradleBuildVariant$VariantType
Event: 22.181 loading class com/google/wireless/android/sdk/stats/GradleBuildVariant$VariantType done
Event: 22.183 loading class com/google/wireless/android/sdk/stats/GradleBuildVariant$VariantType$1
Event: 22.183 loading class com/google/wireless/android/sdk/stats/GradleBuildVariant$VariantType$1 done
Event: 22.184 loading class com/android/build/gradle/internal/dependency/SourceSetManager
Event: 22.184 loading class com/android/build/gradle/internal/dependency/SourceSetManager done
Event: 22.185 loading class com/android/build/gradle/internal/scope/DelayedActionsExecutor
Event: 22.185 loading class com/android/build/gradle/internal/scope/DelayedActionsExecutor done
Event: 22.186 loading class com/android/build/gradle/api/AndroidSourceSet
Event: 22.186 loading class com/android/build/gradle/api/AndroidSourceSet done


Dynamic libraries:
0x00007ff78f0a0000 - 0x00007ff78f0aa000 	C:\Program Files\Android\Android Studio\jre\bin\java.exe
0x00007ffb87650000 - 0x00007ffb87845000 	C:\WINDOWS\SYSTEM32\ntdll.dll
0x00007ffb86070000 - 0x00007ffb8612e000 	C:\WINDOWS\System32\KERNEL32.DLL
0x00007ffb84f90000 - 0x00007ffb85259000 	C:\WINDOWS\System32\KERNELBASE.dll
0x00007ffb85500000 - 0x00007ffb85600000 	C:\WINDOWS\System32\ucrtbase.dll
0x00007ffb64340000 - 0x00007ffb64359000 	C:\Program Files\Android\Android Studio\jre\bin\jli.dll
0x00007ffb64300000 - 0x00007ffb64317000 	C:\Program Files\Android\Android Studio\jre\bin\VCRUNTIME140.dll
0x00007ffb85b60000 - 0x00007ffb85d01000 	C:\WINDOWS\System32\USER32.dll
0x00007ffb68fe0000 - 0x00007ffb6927a000 	C:\WINDOWS\WinSxS\amd64_microsoft.windows.common-controls_6595b64144ccf1df_6.0.19041.1110_none_60b5254171f9507e\COMCTL32.dll
0x00007ffb84ed0000 - 0x00007ffb84ef2000 	C:\WINDOWS\System32\win32u.dll
0x00007ffb85780000 - 0x00007ffb8581e000 	C:\WINDOWS\System32\msvcrt.dll
0x00007ffb87530000 - 0x00007ffb8755b000 	C:\WINDOWS\System32\GDI32.dll
0x00007ffb84d70000 - 0x00007ffb84e7b000 	C:\WINDOWS\System32\gdi32full.dll
0x00007ffb85600000 - 0x00007ffb8569d000 	C:\WINDOWS\System32\msvcp_win.dll
0x00007ffb856a0000 - 0x00007ffb856d0000 	C:\WINDOWS\System32\IMM32.DLL
0x00007ffb519b0000 - 0x00007ffb51a4d000 	C:\Program Files\Android\Android Studio\jre\bin\msvcp140.dll
0x00007ffb1efa0000 - 0x00007ffb1fa6f000 	C:\Program Files\Android\Android Studio\jre\bin\server\jvm.dll
0x00007ffb856d0000 - 0x00007ffb8577c000 	C:\WINDOWS\System32\ADVAPI32.dll
0x00007ffb86870000 - 0x00007ffb8690b000 	C:\WINDOWS\System32\sechost.dll
0x00007ffb86b60000 - 0x00007ffb86c8a000 	C:\WINDOWS\System32\RPCRT4.dll
0x00007ffb86a50000 - 0x00007ffb86a58000 	C:\WINDOWS\System32\PSAPI.DLL
0x00007ffb78d30000 - 0x00007ffb78d57000 	C:\WINDOWS\SYSTEM32\WINMM.dll
0x00007ffb7cae0000 - 0x00007ffb7caea000 	C:\WINDOWS\SYSTEM32\VERSION.dll
0x00007ffb6fe70000 - 0x00007ffb6fe79000 	C:\WINDOWS\SYSTEM32\WSOCK32.dll
0x00007ffb85af0000 - 0x00007ffb85b5b000 	C:\WINDOWS\System32\WS2_32.dll
0x00007ffb835f0000 - 0x00007ffb83602000 	C:\WINDOWS\SYSTEM32\kernel.appcore.dll
0x00007ffb63fe0000 - 0x00007ffb63ff1000 	C:\Program Files\Android\Android Studio\jre\bin\verify.dll
0x00007ffb833e0000 - 0x00007ffb835c4000 	C:\WINDOWS\SYSTEM32\DBGHELP.DLL
0x00007ffb6e810000 - 0x00007ffb6e83c000 	C:\WINDOWS\SYSTEM32\dbgcore.DLL
0x00007ffb84f00000 - 0x00007ffb84f83000 	C:\WINDOWS\System32\bcryptPrimitives.dll
0x00007ffb62e20000 - 0x00007ffb62e49000 	C:\Program Files\Android\Android Studio\jre\bin\java.dll
0x00007ffb6fc80000 - 0x00007ffb6fc8b000 	C:\Program Files\Android\Android Studio\jre\bin\jimage.dll
0x00007ffb63cf0000 - 0x00007ffb63d08000 	C:\Program Files\Android\Android Studio\jre\bin\zip.dll
0x00007ffb86c90000 - 0x00007ffb873cf000 	C:\WINDOWS\System32\SHELL32.dll
0x00007ffb82b80000 - 0x00007ffb83310000 	C:\WINDOWS\SYSTEM32\windows.storage.dll
0x00007ffb85d10000 - 0x00007ffb86065000 	C:\WINDOWS\System32\combase.dll
0x00007ffb846f0000 - 0x00007ffb8471c000 	C:\WINDOWS\SYSTEM32\Wldp.dll
0x00007ffb87560000 - 0x00007ffb8760e000 	C:\WINDOWS\System32\SHCORE.dll
0x00007ffb86970000 - 0x00007ffb869c5000 	C:\WINDOWS\System32\shlwapi.dll
0x00007ffb84cb0000 - 0x00007ffb84ccf000 	C:\WINDOWS\SYSTEM32\profapi.dll
0x00007ffb63920000 - 0x00007ffb6393a000 	C:\Program Files\Android\Android Studio\jre\bin\net.dll
0x00007ffb75ae0000 - 0x00007ffb75be8000 	C:\WINDOWS\SYSTEM32\WINHTTP.dll
0x00007ffb84450000 - 0x00007ffb844ba000 	C:\WINDOWS\system32\mswsock.dll
0x00007ffb63380000 - 0x00007ffb63394000 	C:\Program Files\Android\Android Studio\jre\bin\nio.dll
0x00007ffb6fc90000 - 0x00007ffb6fcb7000 	C:\Users\adal_\.gradle\native\8bec1ad78214c89d9ad589b4d07fe93259594b29d510b10fafb7a158f7737e5d\windows-amd64\native-platform.dll
0x00007ffb64c90000 - 0x00007ffb64dcd000 	C:\Users\adal_\.gradle\native\53dbd7edfb1c66fb8903c78663c9afc45aea4f116125fa6feffd364cf09443e8\windows-amd64\native-platform-file-events.dll
0x00007ffb69280000 - 0x00007ffb6928a000 	C:\Program Files\Android\Android Studio\jre\bin\management.dll
0x00007ffb68050000 - 0x00007ffb6805c000 	C:\Program Files\Android\Android Studio\jre\bin\management_ext.dll
0x00007ffb84650000 - 0x00007ffb84668000 	C:\WINDOWS\SYSTEM32\CRYPTSP.dll
0x00007ffb83dd0000 - 0x00007ffb83e04000 	C:\WINDOWS\system32\rsaenh.dll
0x00007ffb854d0000 - 0x00007ffb854f7000 	C:\WINDOWS\System32\bcrypt.dll
0x00007ffb84c70000 - 0x00007ffb84c9e000 	C:\WINDOWS\SYSTEM32\USERENV.dll
0x00007ffb84640000 - 0x00007ffb8464c000 	C:\WINDOWS\SYSTEM32\CRYPTBASE.dll
0x00007ffb84140000 - 0x00007ffb8417b000 	C:\WINDOWS\SYSTEM32\IPHLPAPI.DLL
0x00007ffb86a40000 - 0x00007ffb86a48000 	C:\WINDOWS\System32\NSI.dll
0x00007ffb7a910000 - 0x00007ffb7a927000 	C:\WINDOWS\SYSTEM32\dhcpcsvc6.DLL
0x00007ffb7bc70000 - 0x00007ffb7bc8d000 	C:\WINDOWS\SYSTEM32\dhcpcsvc.DLL
0x00007ffb84180000 - 0x00007ffb8424c000 	C:\WINDOWS\SYSTEM32\DNSAPI.dll

dbghelp: loaded successfully - version: 4.0.5 - missing functions: none
symbol engine: initialized successfully - sym options: 0x614 - pdb path: .;C:\Program Files\Android\Android Studio\jre\bin;C:\WINDOWS\SYSTEM32;C:\WINDOWS\WinSxS\amd64_microsoft.windows.common-controls_6595b64144ccf1df_6.0.19041.1110_none_60b5254171f9507e;C:\Program Files\Android\Android Studio\jre\bin\server;C:\Users\adal_\.gradle\native\8bec1ad78214c89d9ad589b4d07fe93259594b29d510b10fafb7a158f7737e5d\windows-amd64;C:\Users\adal_\.gradle\native\53dbd7edfb1c66fb8903c78663c9afc45aea4f116125fa6feffd364cf09443e8\windows-amd64

VM Arguments:
jvm_args: --add-opens=java.base/java.util=ALL-UNNAMED --add-opens=java.base/java.lang=ALL-UNNAMED --add-opens=java.base/java.lang.invoke=ALL-UNNAMED --add-opens=java.base/java.util=ALL-UNNAMED --add-opens=java.prefs/java.util.prefs=ALL-UNNAMED --add-opens=java.prefs/java.util.prefs=ALL-UNNAMED --add-opens=java.base/java.nio.charset=ALL-UNNAMED --add-opens=java.base/java.net=ALL-UNNAMED --add-opens=java.base/java.util.concurrent.atomic=ALL-UNNAMED -Xmx2048m -Dfile.encoding=UTF-8 -Duser.country=MX -Duser.language=es -Duser.variant 
java_command: org.gradle.launcher.daemon.bootstrap.GradleDaemon 7.0.2
java_class_path (initial): C:\Users\adal_\.gradle\wrapper\dists\gradle-7.0.2-bin\857tjihv64xamwrf0h14cai3r\gradle-7.0.2\lib\gradle-launcher-7.0.2.jar
Launcher Type: SUN_STANDARD

[Global flags]
     intx CICompilerCount                          = 4                                         {product} {ergonomic}
     uint ConcGCThreads                            = 2                                         {product} {ergonomic}
     uint G1ConcRefinementThreads                  = 8                                         {product} {ergonomic}
   size_t G1HeapRegionSize                         = 1048576                                   {product} {ergonomic}
    uintx GCDrainStackTargetSize                   = 64                                        {product} {ergonomic}
   size_t InitialHeapSize                          = 100663296                                 {product} {ergonomic}
   size_t MarkStackSize                            = 4194304                                   {product} {ergonomic}
   size_t MaxHeapSize                              = 2147483648                                {product} {command line}
   size_t MaxNewSize                               = 1287651328                                {product} {ergonomic}
   size_t MinHeapDeltaBytes                        = 1048576                                   {product} {ergonomic}
    uintx NonNMethodCodeHeapSize                   = 5836300                                {pd product} {ergonomic}
    uintx NonProfiledCodeHeapSize                  = 122910970                              {pd product} {ergonomic}
    uintx ProfiledCodeHeapSize                     = 122910970                              {pd product} {ergonomic}
    uintx ReservedCodeCacheSize                    = 251658240                              {pd product} {ergonomic}
     bool SegmentedCodeCache                       = true                                      {product} {ergonomic}
     bool UseCompressedClassPointers               = true                                 {lp64_product} {ergonomic}
     bool UseCompressedOops                        = true                                 {lp64_product} {ergonomic}
     bool UseG1GC                                  = true                                      {product} {ergonomic}
     bool UseLargePagesIndividualAllocation        = false                                  {pd product} {ergonomic}

Logging:
Log output configuration:
 #0: stdout all=warning uptime,level,tags
 #1: stderr all=off uptime,level,tags

Environment Variables:
JAVA_HOME=C:\Program Files\Eclipse Foundation\jdk-8.0.302.8-hotspot\
PATH=C:\Program Files\Eclipse Foundation\jdk-8.0.302.8-hotspot\bin;C:\VulkanSDK\1.2.182.0\Bin;C:\Program Files (x86)\NVIDIA Corporation\PhysX\Common;C:\Program Files (x86)\Common Files\Oracle\Java\javapath;C:\WINDOWS\system32;C:\WINDOWS;C:\WINDOWS\System32\Wbem;C:\WINDOWS\System32\WindowsPowerShell\v1.0\;C:\WINDOWS\System32\OpenSSH\;C:\Program Files\Java\jre1.8.0_241\bin;C:\Program Files\dotnet\;C:\Opencv-4.2.0\opencv\build\x64\vc15\bin;C:\apache-cassandra-3.11.11\bin;C:\Python27;C:\Python27\Scripts;C:\Program Files\Git\cmd;C:\Users\adal_\AppData\Local\Programs\Python\Python39\Scripts\;C:\Users\adal_\AppData\Local\Programs\Python\Python39\;C:\Users\adal_\AppData\Local\Microsoft\WindowsApps;C:\Users\adal_\.dotnet\tools
USERNAME=adal_
OS=Windows_NT
PROCESSOR_IDENTIFIER=AMD64 Family 23 Model 24 Stepping 1, AuthenticAMD



---------------  S Y S T E M  ---------------

OS: Windows 10 , 64 bit Build 19041 (10.0.19041.1202)
OS uptime: 2 days 13:23 hours

CPU:total 8 (initial active 8) (8 cores per cpu, 2 threads per core) family 23 model 24 stepping 1 microcode 0x0, cmov, cx8, fxsr, mmx, sse, sse2, sse3, ssse3, sse4.1, sse4.2, popcnt, avx, avx2, aes, clmul, mmxext, 3dnowpref, lzcnt, sse4a, ht, tsc, tscinvbit, tscinv, bmi1, bmi2, adx, s

Memory: 4k page, system-wide physical 6057M (296M free)
TotalPageFile size 24489M (AvailPageFile size 0M)
current process WorkingSet (physical memory assigned to process): 265M, peak: 265M
current process commit charge ("private bytes"): 303M, peak: 303M

vm_info: OpenJDK 64-Bit Server VM (11.0.10+0-b96-7249189) for windows-amd64 JRE (11.0.10+0-b96-7249189), built on Mar 31 2021 21:44:00 by "builder" with MS VC++ 14.0 (VS2015)

END.
